2023.05.14 07:52:26 INFO  Started: Metals version 0.11.12 in workspace 'D:\Github\Effective-Programming-in-Scala\Week_2\notes' for client Visual Studio Code 1.78.2.
May 14, 2023 7:52:26 AM org.flywaydb.core.internal.license.VersionPrinter printVersionOnly
INFO: Flyway Community Edition 9.16.3 by Redgate
May 14, 2023 7:52:26 AM org.flywaydb.core.internal.license.VersionPrinter printVersion
INFO: See release notes here: https://rd.gt/416ObMi
May 14, 2023 7:52:26 AM org.flywaydb.core.internal.license.VersionPrinter printVersion
INFO: 
May 14, 2023 7:52:27 AM org.flywaydb.core.internal.database.base.BaseDatabaseType createDatabase
INFO: Database: jdbc:h2:file:D:\Github\Effective-Programming-in-Scala\Week_2\notes\.metals\metals (H2 2.1)
May 14, 2023 7:52:27 AM org.flywaydb.core.internal.schemahistory.JdbcTableSchemaHistory allAppliedMigrations
INFO: Schema history table "PUBLIC"."flyway_schema_history" does not exist yet
May 14, 2023 7:52:27 AM org.flywaydb.core.internal.command.DbValidate validate
INFO: Successfully validated 4 migrations (execution time 00:00.025s)
May 14, 2023 7:52:27 AM org.flywaydb.core.internal.schemahistory.JdbcTableSchemaHistory create
INFO: Creating Schema History table "PUBLIC"."flyway_schema_history" ...
May 14, 2023 7:52:27 AM org.flywaydb.core.internal.command.DbMigrate migrateGroup
INFO: Current version of schema "PUBLIC": << Empty Schema >>
May 14, 2023 7:52:27 AM org.flywaydb.core.internal.command.DbMigrate doMigrateGroup
INFO: Migrating schema "PUBLIC" to version "1 - Create tables"
May 14, 2023 7:52:27 AM org.flywaydb.core.internal.command.DbMigrate doMigrateGroup
INFO: Migrating schema "PUBLIC" to version "2 - Server discovery"
May 14, 2023 7:52:27 AM org.flywaydb.core.internal.command.DbMigrate doMigrateGroup
INFO: Migrating schema "PUBLIC" to version "3 - Jar symbols"
May 14, 2023 7:52:27 AM org.flywaydb.core.internal.command.DbMigrate doMigrateGroup
INFO: Migrating schema "PUBLIC" to version "4 - Fingerprints"
May 14, 2023 7:52:27 AM org.flywaydb.core.internal.command.DbMigrate logSummary
INFO: Successfully applied 4 migrations to schema "PUBLIC", now at version v4 (execution time 00:00.077s)
2023.05.14 07:52:27 INFO  time: initialize in 0.82s
2023.05.14 07:52:28 WARN  Build server is not auto-connectable.
2023.05.14 07:52:29 WARN  no build target for: D:\Github\Effective-Programming-in-Scala\Week_2\notes\build.sbt
2023.05.14 07:52:34 INFO  no build target found for D:\Github\Effective-Programming-in-Scala\Week_2\notes\build.sbt. Using presentation compiler with project's scala-library version: 3.2.2
2023.05.14 07:52:36 INFO  time: code lens generation in 7.83s
2023.05.14 07:52:42 INFO  running 'C:\Users\sanjaya\.jabba\jdk\adopt@1.11.0-11\bin\java -Djline.terminal=jline.UnsupportedTerminal -Dsbt.log.noformat=true -Dfile.encoding=UTF-8 -jar C:\Users\sanjaya\AppData\Local\Temp\metals4405664104891517538\sbt-launch.jar -Dbloop.export-jar-classifiers=sources bloopInstall'
2023.05.14 07:52:46 INFO  [info] welcome to sbt 1.5.0-RC2 (AdoptOpenJDK Java 11.0.11)
2023.05.14 07:52:49 INFO  [info] loading settings for project notes-build-build from metals.sbt ...
2023.05.14 07:52:50 INFO  [info] loading project definition from D:\Github\Effective-Programming-in-Scala\Week_2\notes\project\project
2023.05.14 07:52:54 INFO  [info] loading settings for project notes-build from metals.sbt ...
2023.05.14 07:52:54 INFO  [info] loading project definition from D:\Github\Effective-Programming-in-Scala\Week_2\notes\project
2023.05.14 07:52:57 INFO  [success] Generated .bloop\notes-build.json
2023.05.14 07:52:57 INFO  [success] Total time: 4 s, completed 14-May-2023, 7:52:58 AM
2023.05.14 07:52:59 INFO  [info] loading settings for project notes from build.sbt ...
2023.05.14 07:52:59 INFO  [info] set current project to notes (in build file:/D:/Github/Effective-Programming-in-Scala/Week_2/notes/)
2023.05.14 07:53:02 INFO  [success] Generated .bloop\notes.json
2023.05.14 07:53:02 INFO  [success] Generated .bloop\notes-test.json
2023.05.14 07:53:02 INFO  [success] Total time: 3 s, completed 14-May-2023, 7:53:02 AM
2023.05.14 07:53:02 INFO  time: ran 'sbt bloopInstall' in 19s
2023.05.14 07:53:02 INFO  Attempting to connect to the build server...
2023.05.14 07:53:02 INFO  Bloop uses C:\Users\sanjaya\.jabba\jdk\adopt@1.11.0-11 defined at C:\Users\sanjaya\.bloop\bloop.json
2023.05.14 07:53:02 INFO  tracing is disabled for protocol BSP, to enable tracing of incoming and outgoing JSON messages create an empty file at D:\Github\Effective-Programming-in-Scala\Week_2\notes\.metals\bsp.trace.json or C:\Users\sanjaya\AppData\Local\scalameta\metals\cache\bsp.trace.json
2023.05.14 07:53:02 INFO  Attempting to connect to the build server...
2023.05.14 07:53:02 INFO  Bloop uses C:\Users\sanjaya\.jabba\jdk\adopt@1.11.0-11 defined at C:\Users\sanjaya\.bloop\bloop.json
2023.05.14 07:53:02 INFO  tracing is disabled for protocol BSP, to enable tracing of incoming and outgoing JSON messages create an empty file at D:\Github\Effective-Programming-in-Scala\Week_2\notes\project\.metals\bsp.trace.json or C:\Users\sanjaya\AppData\Local\scalameta\metals\cache\bsp.trace.json
2023.05.14 07:53:02 INFO  time: Connected to build server in 0.57s
2023.05.14 07:53:02 INFO  Connected to Build server: Bloop v1.5.6
2023.05.14 07:53:03 INFO  time: Imported build in 0.11s
2023.05.14 07:53:09 INFO  time: indexed workspace in 6.69s
2023.05.14 07:53:16 INFO  time: code lens generation in 1.91s
2023.05.14 07:55:42 INFO  compiling notes (2 scala sources)
2023.05.14 07:55:49 INFO  time: compiled notes in 6.65s
2023.05.14 07:56:00 INFO  time: evaluated worksheet 'addressbook.worksheet.sc' in 9.52s
May 15, 2023 6:05:30 AM org.eclipse.lsp4j.jsonrpc.RemoteEndpoint handleCancellation
WARNING: Unmatched cancel notification for request id 61
May 15, 2023 6:06:29 AM scala.meta.internal.pc.CompilerAccess handleError
SEVERE: Illegal char <:> at index 3: jar:file:///C:/Users/sanjaya/AppData/Local/Coursier/cache/v1/https/repo1.maven.org/maven2/org/scala-lang/scala-library/2.13.10/scala-library-2.13.10-sources.jar!/scala/collection/immutable/List.scala
java.nio.file.InvalidPathException: Illegal char <:> at index 3: jar:file:///C:/Users/sanjaya/AppData/Local/Coursier/cache/v1/https/repo1.maven.org/maven2/org/scala-lang/scala-library/2.13.10/scala-library-2.13.10-sources.jar!/scala/collection/immutable/List.scala
	at java.base/sun.nio.fs.WindowsPathParser.normalize(WindowsPathParser.java:182)
	at java.base/sun.nio.fs.WindowsPathParser.parse(WindowsPathParser.java:153)
	at java.base/sun.nio.fs.WindowsPathParser.parse(WindowsPathParser.java:77)
	at java.base/sun.nio.fs.WindowsPath.parse(WindowsPath.java:92)
	at java.base/sun.nio.fs.WindowsFileSystem.getPath(WindowsFileSystem.java:229)
	at java.base/java.nio.file.Path.of(Path.java:147)
	at java.base/java.nio.file.Paths.get(Paths.java:69)
	at scala.meta.io.AbsolutePath$.apply(AbsolutePath.scala:60)
	at scala.meta.internal.metals.MetalsSymbolSearch.$anonfun$definitionSourceToplevels$2(MetalsSymbolSearch.scala:61)
	at scala.Option.map(Option.scala:242)
	at scala.meta.internal.metals.MetalsSymbolSearch.definitionSourceToplevels(MetalsSymbolSearch.scala:60)
	at scala.meta.internal.metals.StandaloneSymbolSearch.$anonfun$definitionSourceToplevels$5(StandaloneSymbolSearch.scala:95)
	at scala.Option.map(Option.scala:242)
	at scala.meta.internal.metals.StandaloneSymbolSearch.$anonfun$definitionSourceToplevels$4(StandaloneSymbolSearch.scala:95)
	at scala.Option.orElse(Option.scala:477)
	at scala.meta.internal.metals.StandaloneSymbolSearch.definitionSourceToplevels(StandaloneSymbolSearch.scala:95)
	at scala.meta.internal.pc.completions.CaseKeywordCompletion$.sortSubclasses(MatchCaseCompletions.scala:306)
	at scala.meta.internal.pc.completions.CaseKeywordCompletion$.matchContribute(MatchCaseCompletions.scala:254)
	at scala.meta.internal.pc.completions.Completions.advancedCompletions(Completions.scala:379)
	at scala.meta.internal.pc.completions.Completions.completions(Completions.scala:187)
	at scala.meta.internal.pc.completions.CompletionProvider.completions(CompletionProvider.scala:86)

May 15, 2023 6:06:35 AM org.eclipse.lsp4j.jsonrpc.RemoteEndpoint handleCancellation
WARNING: Unmatched cancel notification for request id 230
May 15, 2023 6:06:41 AM org.eclipse.lsp4j.jsonrpc.RemoteEndpoint handleCancellation
WARNING: Unmatched cancel notification for request id 244
2023.05.15 06:06:52 INFO  Bloop uses C:\Users\sanjaya\.jabba\jdk\adopt@1.11.0-11 defined at C:\Users\sanjaya\.bloop\bloop.json
2023.05.15 06:06:52 INFO  Bloop uses C:\Users\sanjaya\.jabba\jdk\adopt@1.11.0-11 defined at C:\Users\sanjaya\.bloop\bloop.json
2023.05.15 06:06:52 INFO  tracing is disabled for protocol BSP, to enable tracing of incoming and outgoing JSON messages create an empty file at D:\Github\Effective-Programming-in-Scala\Week_2\notes\.metals\bsp.trace.json or C:\Users\sanjaya\AppData\Local\scalameta\metals\cache\bsp.trace.json
2023.05.15 06:06:52 INFO  tracing is disabled for protocol BSP, to enable tracing of incoming and outgoing JSON messages create an empty file at D:\Github\Effective-Programming-in-Scala\Week_2\notes\.metals\bsp.trace.json or C:\Users\sanjaya\AppData\Local\scalameta\metals\cache\bsp.trace.json
2023.05.15 06:06:52 INFO  Connected to Build server: Bloop v1.5.6
2023.05.15 06:06:52 INFO  Connected to Build server: Bloop v1.5.6
2023.05.15 06:06:52 INFO  Bloop uses C:\Users\sanjaya\.jabba\jdk\adopt@1.11.0-11 defined at C:\Users\sanjaya\.bloop\bloop.json
2023.05.15 06:06:52 INFO  Bloop uses C:\Users\sanjaya\.jabba\jdk\adopt@1.11.0-11 defined at C:\Users\sanjaya\.bloop\bloop.json
2023.05.15 06:06:52 INFO  tracing is disabled for protocol BSP, to enable tracing of incoming and outgoing JSON messages create an empty file at D:\Github\Effective-Programming-in-Scala\Week_2\notes\project\.metals\bsp.trace.json or C:\Users\sanjaya\AppData\Local\scalameta\metals\cache\bsp.trace.json
2023.05.15 06:06:52 INFO  tracing is disabled for protocol BSP, to enable tracing of incoming and outgoing JSON messages create an empty file at D:\Github\Effective-Programming-in-Scala\Week_2\notes\project\.metals\bsp.trace.json or C:\Users\sanjaya\AppData\Local\scalameta\metals\cache\bsp.trace.json
2023.05.15 06:06:54 INFO  time: Imported build in 2.37s
2023.05.15 06:06:54 INFO  time: Imported build in 2.45s
[31merror[39m: src\main\scala\org\epfl\02_addressbook\addressbook.worksheet.sc:32:29: 
Found:    List[String]
Required: String
val contactEmail : String = addressBook.contacts.map(contact => contact.email)
                            ^^^^^^^^^^^^^^^^^^^^^^^^^^^^^^^^^^^^^^^^^^^^^^^^^^
2023.05.15 06:06:55 INFO  time: evaluated worksheet 'addressbook.worksheet.sc' in 1.01s
2023.05.15 06:06:58 INFO  time: code lens generation in 3.1s
2023.05.15 06:07:08 INFO  time: indexed workspace in 13s
2023.05.15 06:07:08 INFO  time: indexed workspace in 13s
2023.05.15 06:07:13 INFO  time: code lens generation in 3.98s
May 15, 2023 6:07:13 AM org.eclipse.lsp4j.jsonrpc.RemoteEndpoint handleCancellation
WARNING: Unmatched cancel notification for request id 305
2023.05.15 06:07:13 INFO  Deduplicating compilation of notes from bsp client 'Metals 0.11.12' (since 21.166s)
May 15, 2023 6:07:13 AM org.eclipse.lsp4j.jsonrpc.RemoteEndpoint handleCancellation
WARNING: Unmatched cancel notification for request id 311
May 15, 2023 6:07:14 AM org.eclipse.lsp4j.jsonrpc.RemoteEndpoint handleCancellation
WARNING: Unmatched cancel notification for request id 313
May 15, 2023 6:07:14 AM org.eclipse.lsp4j.jsonrpc.RemoteEndpoint handleCancellation
WARNING: Unmatched cancel notification for request id 309
May 15, 2023 6:07:14 AM org.eclipse.lsp4j.jsonrpc.RemoteEndpoint handleCancellation
WARNING: Unmatched cancel notification for request id 314
May 15, 2023 6:07:14 AM org.eclipse.lsp4j.jsonrpc.RemoteEndpoint handleCancellation
WARNING: Unmatched cancel notification for request id 316
May 15, 2023 6:07:14 AM org.eclipse.lsp4j.jsonrpc.RemoteEndpoint handleCancellation
WARNING: Unmatched cancel notification for request id 317
May 15, 2023 6:07:14 AM org.eclipse.lsp4j.jsonrpc.RemoteEndpoint handleCancellation
WARNING: Unmatched cancel notification for request id 320
May 15, 2023 6:07:15 AM scala.meta.internal.pc.CompilerAccess handleError
SEVERE: NoDenotation.owner
java.lang.AssertionError: NoDenotation.owner
	at dotty.tools.dotc.core.SymDenotations$NoDenotation$.owner(SymDenotations.scala:2511)
	at scala.meta.internal.pc.SignatureHelpProvider$.isValid(SignatureHelpProvider.scala:83)
	at scala.meta.internal.pc.SignatureHelpProvider$.notCurrentApply(SignatureHelpProvider.scala:94)
	at scala.meta.internal.pc.SignatureHelpProvider$.$anonfun$1(SignatureHelpProvider.scala:48)
	at scala.collection.StrictOptimizedLinearSeqOps.loop$3(LinearSeq.scala:280)
	at scala.collection.StrictOptimizedLinearSeqOps.dropWhile(LinearSeq.scala:282)
	at scala.collection.StrictOptimizedLinearSeqOps.dropWhile$(LinearSeq.scala:278)
	at scala.collection.immutable.List.dropWhile(List.scala:79)
	at scala.meta.internal.pc.SignatureHelpProvider$.signatureHelp(SignatureHelpProvider.scala:48)

May 15, 2023 6:07:15 AM org.eclipse.lsp4j.jsonrpc.RemoteEndpoint handleCancellation
WARNING: Unmatched cancel notification for request id 323
May 15, 2023 6:07:15 AM org.eclipse.lsp4j.jsonrpc.RemoteEndpoint handleCancellation
WARNING: Unmatched cancel notification for request id 326
May 15, 2023 6:07:15 AM scala.meta.internal.pc.CompilerAccess handleError
SEVERE: NoDenotation.owner
java.lang.AssertionError: NoDenotation.owner
	at dotty.tools.dotc.core.SymDenotations$NoDenotation$.owner(SymDenotations.scala:2511)
	at scala.meta.internal.pc.SignatureHelpProvider$.isValid(SignatureHelpProvider.scala:83)
	at scala.meta.internal.pc.SignatureHelpProvider$.notCurrentApply(SignatureHelpProvider.scala:94)
	at scala.meta.internal.pc.SignatureHelpProvider$.$anonfun$1(SignatureHelpProvider.scala:48)
	at scala.collection.StrictOptimizedLinearSeqOps.loop$3(LinearSeq.scala:280)
	at scala.collection.StrictOptimizedLinearSeqOps.dropWhile(LinearSeq.scala:282)
	at scala.collection.StrictOptimizedLinearSeqOps.dropWhile$(LinearSeq.scala:278)
	at scala.collection.immutable.List.dropWhile(List.scala:79)
	at scala.meta.internal.pc.SignatureHelpProvider$.signatureHelp(SignatureHelpProvider.scala:48)

May 15, 2023 6:07:15 AM org.eclipse.lsp4j.jsonrpc.RemoteEndpoint handleCancellation
WARNING: Unmatched cancel notification for request id 328
May 15, 2023 6:07:15 AM org.eclipse.lsp4j.jsonrpc.RemoteEndpoint handleCancellation
WARNING: Unmatched cancel notification for request id 329
May 15, 2023 6:07:16 AM scala.meta.internal.pc.CompilerAccess handleError
SEVERE: NoDenotation.owner
java.lang.AssertionError: NoDenotation.owner
	at dotty.tools.dotc.core.SymDenotations$NoDenotation$.owner(SymDenotations.scala:2511)
	at scala.meta.internal.pc.SignatureHelpProvider$.isValid(SignatureHelpProvider.scala:83)
	at scala.meta.internal.pc.SignatureHelpProvider$.notCurrentApply(SignatureHelpProvider.scala:94)
	at scala.meta.internal.pc.SignatureHelpProvider$.$anonfun$1(SignatureHelpProvider.scala:48)
	at scala.collection.StrictOptimizedLinearSeqOps.loop$3(LinearSeq.scala:280)
	at scala.collection.StrictOptimizedLinearSeqOps.dropWhile(LinearSeq.scala:282)
	at scala.collection.StrictOptimizedLinearSeqOps.dropWhile$(LinearSeq.scala:278)
	at scala.collection.immutable.List.dropWhile(List.scala:79)
	at scala.meta.internal.pc.SignatureHelpProvider$.signatureHelp(SignatureHelpProvider.scala:48)

[31merror[39m: src\main\scala\org\epfl\02_addressbook\addressbook.worksheet.sc:32:32: ] expected but = found
val contactEmail : Lsit[String = addressBook.contacts.map(contact => contact.email)
                               ^
2023.05.15 06:07:20 INFO  time: evaluated worksheet 'addressbook.worksheet.sc' in 4.45s
[31merror[39m: src\main\scala\org\epfl\02_addressbook\addressbook.worksheet.sc:32:20: 
Not found: type Lsit
val contactEmail : Lsit[String] = addressBook.contacts.map(contact => contact.email)
                   ^^^^
2023.05.15 06:07:21 INFO  time: evaluated worksheet 'addressbook.worksheet.sc' in 0.97s
[31merror[39m: src\main\scala\org\epfl\02_addressbook\addressbook.worksheet.sc:32:20: 
Not found: type Lsit
val contactEmail : Lsit[String] = addressBook.contacts.map(contact => contact.email)
                   ^^^^
2023.05.15 06:07:22 INFO  time: evaluated worksheet 'addressbook.worksheet.sc' in 0.91s
2023.05.15 06:07:30 INFO  time: evaluated worksheet 'addressbook.worksheet.sc' in 1.41s
2023.05.15 06:08:04 INFO  time: evaluated worksheet 'addressbook.worksheet.sc' in 1.59s
[33mwarning[39m: src\main\scala\org\epfl\03_addressbook\addressbook.worksheet.sc:78:1: 
match may not be exhaustive.

It would fail on pattern case: List(MdocApp.Contact(_, _, _, _), MdocApp.Contact(_, _, _, _), _, _*), List(MdocApp.Contact(_, _, _, _))

addressBook.contacts match
^^^^^^^^^^^^^^^^^^^^
2023.05.15 06:17:34 INFO  time: evaluated worksheet 'addressbook.worksheet.sc' in 3.46s
2023.05.15 06:18:02 INFO  time: evaluated worksheet 'addressbook.worksheet.sc' in 1.01s
2023.05.15 06:20:16 INFO  time: evaluated worksheet 'addressbook.worksheet.sc' in 1.05s
May 15, 2023 6:21:34 AM org.eclipse.lsp4j.jsonrpc.RemoteEndpoint handleCancellation
WARNING: Unmatched cancel notification for request id 1038
May 15, 2023 6:23:12 AM org.eclipse.lsp4j.jsonrpc.RemoteEndpoint handleCancellation
WARNING: Unmatched cancel notification for request id 1298
2023.05.15 06:23:32 INFO  time: evaluated worksheet 'addressbook.worksheet.sc' in 1.06s
May 15, 2023 6:25:50 AM org.eclipse.lsp4j.jsonrpc.RemoteEndpoint handleCancellation
WARNING: Unmatched cancel notification for request id 1625
May 15, 2023 6:25:57 AM org.eclipse.lsp4j.jsonrpc.RemoteEndpoint handleCancellation
WARNING: Unmatched cancel notification for request id 1670
May 15, 2023 6:26:05 AM scala.meta.internal.pc.CompilerAccess handleError
SEVERE: Illegal char <:> at index 3: jar:file:///C:/Users/sanjaya/AppData/Local/Coursier/cache/v1/https/repo1.maven.org/maven2/org/scala-lang/scala-library/2.13.10/scala-library-2.13.10-sources.jar!/scala/collection/immutable/List.scala
java.nio.file.InvalidPathException: Illegal char <:> at index 3: jar:file:///C:/Users/sanjaya/AppData/Local/Coursier/cache/v1/https/repo1.maven.org/maven2/org/scala-lang/scala-library/2.13.10/scala-library-2.13.10-sources.jar!/scala/collection/immutable/List.scala
	at java.base/sun.nio.fs.WindowsPathParser.normalize(WindowsPathParser.java:182)
	at java.base/sun.nio.fs.WindowsPathParser.parse(WindowsPathParser.java:153)
	at java.base/sun.nio.fs.WindowsPathParser.parse(WindowsPathParser.java:77)
	at java.base/sun.nio.fs.WindowsPath.parse(WindowsPath.java:92)
	at java.base/sun.nio.fs.WindowsFileSystem.getPath(WindowsFileSystem.java:229)
	at java.base/java.nio.file.Path.of(Path.java:147)
	at java.base/java.nio.file.Paths.get(Paths.java:69)
	at scala.meta.io.AbsolutePath$.apply(AbsolutePath.scala:60)
	at scala.meta.internal.metals.MetalsSymbolSearch.$anonfun$definitionSourceToplevels$2(MetalsSymbolSearch.scala:61)
	at scala.Option.map(Option.scala:242)
	at scala.meta.internal.metals.MetalsSymbolSearch.definitionSourceToplevels(MetalsSymbolSearch.scala:60)
	at scala.meta.internal.metals.StandaloneSymbolSearch.$anonfun$definitionSourceToplevels$5(StandaloneSymbolSearch.scala:95)
	at scala.Option.map(Option.scala:242)
	at scala.meta.internal.metals.StandaloneSymbolSearch.$anonfun$definitionSourceToplevels$4(StandaloneSymbolSearch.scala:95)
	at scala.Option.orElse(Option.scala:477)
	at scala.meta.internal.metals.StandaloneSymbolSearch.definitionSourceToplevels(StandaloneSymbolSearch.scala:95)
	at scala.meta.internal.pc.completions.CaseKeywordCompletion$.sortSubclasses(MatchCaseCompletions.scala:306)
	at scala.meta.internal.pc.completions.CaseKeywordCompletion$.matchContribute(MatchCaseCompletions.scala:254)
	at scala.meta.internal.pc.completions.Completions.advancedCompletions(Completions.scala:379)
	at scala.meta.internal.pc.completions.Completions.completions(Completions.scala:187)
	at scala.meta.internal.pc.completions.CompletionProvider.completions(CompletionProvider.scala:86)

May 15, 2023 6:26:05 AM scala.meta.internal.pc.CompilerAccess handleError
SEVERE: Illegal char <:> at index 3: jar:file:///C:/Users/sanjaya/AppData/Local/Coursier/cache/v1/https/repo1.maven.org/maven2/org/scala-lang/scala-library/2.13.10/scala-library-2.13.10-sources.jar!/scala/collection/immutable/List.scala
java.nio.file.InvalidPathException: Illegal char <:> at index 3: jar:file:///C:/Users/sanjaya/AppData/Local/Coursier/cache/v1/https/repo1.maven.org/maven2/org/scala-lang/scala-library/2.13.10/scala-library-2.13.10-sources.jar!/scala/collection/immutable/List.scala
	at java.base/sun.nio.fs.WindowsPathParser.normalize(WindowsPathParser.java:182)
	at java.base/sun.nio.fs.WindowsPathParser.parse(WindowsPathParser.java:153)
	at java.base/sun.nio.fs.WindowsPathParser.parse(WindowsPathParser.java:77)
	at java.base/sun.nio.fs.WindowsPath.parse(WindowsPath.java:92)
	at java.base/sun.nio.fs.WindowsFileSystem.getPath(WindowsFileSystem.java:229)
	at java.base/java.nio.file.Path.of(Path.java:147)
	at java.base/java.nio.file.Paths.get(Paths.java:69)
	at scala.meta.io.AbsolutePath$.apply(AbsolutePath.scala:60)
	at scala.meta.internal.metals.MetalsSymbolSearch.$anonfun$definitionSourceToplevels$2(MetalsSymbolSearch.scala:61)
	at scala.Option.map(Option.scala:242)
	at scala.meta.internal.metals.MetalsSymbolSearch.definitionSourceToplevels(MetalsSymbolSearch.scala:60)
	at scala.meta.internal.metals.StandaloneSymbolSearch.$anonfun$definitionSourceToplevels$5(StandaloneSymbolSearch.scala:95)
	at scala.Option.map(Option.scala:242)
	at scala.meta.internal.metals.StandaloneSymbolSearch.$anonfun$definitionSourceToplevels$4(StandaloneSymbolSearch.scala:95)
	at scala.Option.orElse(Option.scala:477)
	at scala.meta.internal.metals.StandaloneSymbolSearch.definitionSourceToplevels(StandaloneSymbolSearch.scala:95)
	at scala.meta.internal.pc.completions.CaseKeywordCompletion$.sortSubclasses(MatchCaseCompletions.scala:306)
	at scala.meta.internal.pc.completions.CaseKeywordCompletion$.matchContribute(MatchCaseCompletions.scala:254)
	at scala.meta.internal.pc.completions.Completions.advancedCompletions(Completions.scala:379)
	at scala.meta.internal.pc.completions.Completions.completions(Completions.scala:187)
	at scala.meta.internal.pc.completions.CompletionProvider.completions(CompletionProvider.scala:86)

2023.05.15 06:26:16 INFO  time: evaluated worksheet 'addressbook.worksheet.sc' in 0.87s
[31merror[39m: src\main\scala\org\epfl\02_addressbook\addressbook.worksheet.sc:94:5: 
Double definition:
val increment: Int => Int in class MdocApp at line 74 and
val increment: Int => Int in class MdocApp at line 141

val increment: Int => Int = _ + 1
    ^
2023.05.15 06:28:59 INFO  time: evaluated worksheet 'addressbook.worksheet.sc' in 0.56s
2023.05.15 06:29:20 INFO  time: evaluated worksheet 'addressbook.worksheet.sc' in 0.95s
May 15, 2023 6:31:17 AM org.eclipse.lsp4j.jsonrpc.RemoteEndpoint handleCancellation
WARNING: Unmatched cancel notification for request id 2136
[31merror[39m: src\main\scala\org\epfl\02_addressbook\addressbook.worksheet.sc:107:5: 
Double definition:
val add2: (Int, Int) => Int in class MdocApp at line 161 and
val add2: (Int, Int) => Int in class MdocApp at line 165

val add2: (Int, Int) => Int = (x1, x2) => x1 + x2
    ^
2023.05.15 06:31:35 INFO  time: evaluated worksheet 'addressbook.worksheet.sc' in 0.52s
May 15, 2023 6:31:43 AM org.eclipse.lsp4j.jsonrpc.services.GenericEndpoint notify
INFO: Unsupported notification method: $/setTrace
2023.05.15 06:31:48 INFO  time: evaluated worksheet 'addressbook.worksheet.sc' in 1.06s
May 15, 2023 6:31:50 AM org.eclipse.lsp4j.jsonrpc.services.GenericEndpoint notify
INFO: Unsupported notification method: $/setTrace
2023.05.15 06:32:18 INFO  time: evaluated worksheet 'addressbook.worksheet.sc' in 1.02s
May 15, 2023 6:32:35 AM org.eclipse.lsp4j.jsonrpc.RemoteEndpoint handleCancellation
WARNING: Unmatched cancel notification for request id 2322
May 15, 2023 6:32:40 AM org.eclipse.lsp4j.jsonrpc.RemoteEndpoint handleCancellation
WARNING: Unmatched cancel notification for request id 2350
May 15, 2023 6:32:47 AM org.eclipse.lsp4j.jsonrpc.RemoteEndpoint handleCancellation
WARNING: Unmatched cancel notification for request id 2373
2023.05.15 06:33:05 INFO  time: evaluated worksheet 'addressbook.worksheet.sc' in 0.92s
May 15, 2023 6:33:10 AM org.eclipse.lsp4j.jsonrpc.RemoteEndpoint handleCancellation
WARNING: Unmatched cancel notification for request id 2428
[31merror[39m: src\main\scala\org\epfl\02_addressbook\addressbook.worksheet.sc:110:31: 
Missing parameter type

I could not infer the type of the parameter _$7 of expanded function:
_$7 => _$7 + 42.
val puzzle: Int => Int = _ => _ + 42
                              ^
2023.05.15 06:33:16 INFO  time: evaluated worksheet 'addressbook.worksheet.sc' in 0.55s
2023.05.15 06:33:25 INFO  time: evaluated worksheet 'addressbook.worksheet.sc' in 1.01s
2023.05.15 06:33:35 INFO  time: evaluated worksheet 'addressbook.worksheet.sc' in 0.93s
2023.05.15 06:33:59 INFO  time: evaluated worksheet 'addressbook.worksheet.sc' in 1.06s
[33mwarning[39m: src\main\scala\org\epfl\03_addressbook\addressbook.worksheet.sc:78:1: 
match may not be exhaustive.

It would fail on pattern case: List(MdocApp.Contact(_, _, _, _), MdocApp.Contact(_, _, _, _), _, _*), List(MdocApp.Contact(_, _, _, _))

addressBook.contacts match
^^^^^^^^^^^^^^^^^^^^
2023.05.15 06:38:39 INFO  time: evaluated worksheet 'addressbook.worksheet.sc' in 0.92s
[33mwarning[39m: src\main\scala\org\epfl\03_addressbook\addressbook.worksheet.sc:78:1: 
match may not be exhaustive.

It would fail on pattern case: List(MdocApp.Contact(_, _, _, _), MdocApp.Contact(_, _, _, _), _, _*), List(MdocApp.Contact(_, _, _, _))

addressBook.contacts match
^^^^^^^^^^^^^^^^^^^^
2023.05.15 06:38:46 INFO  time: evaluated worksheet 'addressbook.worksheet.sc' in 0.92s
2023.05.15 06:39:54 INFO  Shutting down server
2023.05.15 06:39:54 INFO  shutting down Metals
2023.05.15 06:39:54 INFO  Shut down connection with build server.
2023.05.15 06:39:54 INFO  Shut down connection with build server.
2023.05.15 06:39:54 INFO  Exiting server
2023.05.15 08:52:41 INFO  Started: Metals version 0.11.12 in workspace 'D:\Github\Effective-Programming-in-Scala\Week_2\notes' for client Visual Studio Code 1.78.2.
May 15, 2023 8:52:41 AM org.flywaydb.core.internal.license.VersionPrinter printVersionOnly
INFO: Flyway Community Edition 9.16.3 by Redgate
May 15, 2023 8:52:41 AM org.flywaydb.core.internal.license.VersionPrinter printVersion
INFO: See release notes here: https://rd.gt/416ObMi
May 15, 2023 8:52:41 AM org.flywaydb.core.internal.license.VersionPrinter printVersion
INFO: 
May 15, 2023 8:52:41 AM org.flywaydb.core.internal.database.base.BaseDatabaseType createDatabase
INFO: Database: jdbc:h2:file:D:\Github\Effective-Programming-in-Scala\Week_2\notes\.metals\metals (H2 2.1)
May 15, 2023 8:52:41 AM org.flywaydb.core.internal.command.DbValidate validate
INFO: Successfully validated 4 migrations (execution time 00:00.027s)
May 15, 2023 8:52:41 AM org.flywaydb.core.internal.command.DbMigrate migrateGroup
INFO: Current version of schema "PUBLIC": 4
May 15, 2023 8:52:41 AM org.flywaydb.core.internal.command.DbMigrate logSummary
INFO: Schema "PUBLIC" is up to date. No migration necessary.
2023.05.15 08:52:42 INFO  time: initialize in 0.77s
2023.05.15 08:52:43 INFO  Attempting to connect to the build server...
2023.05.15 08:52:43 INFO  Bloop uses C:\Users\sanjaya\.jabba\jdk\adopt@1.11.0-11 defined at C:\Users\sanjaya\.bloop\bloop.json
2023.05.15 08:52:44 INFO  skipping build import with status 'Installed'
2023.05.15 08:52:43 INFO  tracing is disabled for protocol BSP, to enable tracing of incoming and outgoing JSON messages create an empty file at D:\Github\Effective-Programming-in-Scala\Week_2\notes\.metals\bsp.trace.json or C:\Users\sanjaya\AppData\Local\scalameta\metals\cache\bsp.trace.json
2023.05.15 08:52:43 INFO  Attempting to connect to the build server...
2023.05.15 08:52:43 INFO  Bloop uses C:\Users\sanjaya\.jabba\jdk\adopt@1.11.0-11 defined at C:\Users\sanjaya\.bloop\bloop.json
2023.05.15 08:52:43 INFO  tracing is disabled for protocol BSP, to enable tracing of incoming and outgoing JSON messages create an empty file at D:\Github\Effective-Programming-in-Scala\Week_2\notes\project\.metals\bsp.trace.json or C:\Users\sanjaya\AppData\Local\scalameta\metals\cache\bsp.trace.json
2023.05.15 08:52:43 INFO  time: Connected to build server in 0.4s
2023.05.15 08:52:43 INFO  Connected to Build server: Bloop v1.5.6
2023.05.15 08:52:48 INFO  no build target found for D:\Github\Effective-Programming-in-Scala\Week_2\notes\src\main\scala\org\epfl\03_addressbook\addressbook.worksheet.sc. Using presentation compiler with project's scala-library version: 3.2.2
2023.05.15 08:52:48 INFO  time: code lens generation in 5.38s
2023.05.15 08:52:52 INFO  time: indexed workspace in 3.26s
[33mwarning[39m: src\main\scala\org\epfl\03_addressbook\addressbook.worksheet.sc:78:1: 
match may not be exhaustive.

It would fail on pattern case: List(MdocApp.Contact(_, _, _, _), MdocApp.Contact(_, _, _, _), _, _*), List(MdocApp.Contact(_, _, _, _))

addressBook.contacts match
^^^^^^^^^^^^^^^^^^^^
2023.05.15 08:53:04 INFO  time: evaluated worksheet 'addressbook.worksheet.sc' in 7.9s
[33mwarning[39m: src\main\scala\org\epfl\03_addressbook\addressbook.worksheet.sc:78:1: 
match may not be exhaustive.

It would fail on pattern case: List(MdocApp.Contact(_, _, _, _), MdocApp.Contact(_, _, _, _), _, _*), List(MdocApp.Contact(_, _, _, _))

addressBook.contacts match
^^^^^^^^^^^^^^^^^^^^
2023.05.15 08:53:08 INFO  time: evaluated worksheet 'addressbook.worksheet.sc' in 1.28s
2023.05.15 08:53:16 INFO  Shutting down server
2023.05.15 08:53:16 INFO  shutting down Metals
2023.05.15 08:53:16 INFO  Shut down connection with build server.
2023.05.15 08:53:16 INFO  Shut down connection with build server.
2023.05.15 08:53:16 INFO  Exiting server
