2023.05.08 22:18:30 INFO  Started: Metals version 0.11.12 in workspace 'D:\Github\Effective-Programming-in-Scala\Week_1\notes' for client Visual Studio Code 1.78.0.
May 08, 2023 10:18:30 PM org.flywaydb.core.internal.license.VersionPrinter printVersionOnly
INFO: Flyway Community Edition 9.16.3 by Redgate
May 08, 2023 10:18:30 PM org.flywaydb.core.internal.license.VersionPrinter printVersion
INFO: See release notes here: https://rd.gt/416ObMi
May 08, 2023 10:18:30 PM org.flywaydb.core.internal.license.VersionPrinter printVersion
INFO: 
May 08, 2023 10:18:30 PM org.flywaydb.core.internal.database.base.BaseDatabaseType createDatabase
INFO: Database: jdbc:h2:file:D:\Github\Effective-Programming-in-Scala\Week_1\notes\.metals\metals (H2 2.1)
May 08, 2023 10:18:30 PM org.flywaydb.core.internal.schemahistory.JdbcTableSchemaHistory allAppliedMigrations
INFO: Schema history table "PUBLIC"."flyway_schema_history" does not exist yet
May 08, 2023 10:18:30 PM org.flywaydb.core.internal.command.DbValidate validate
INFO: Successfully validated 4 migrations (execution time 00:00.017s)
May 08, 2023 10:18:30 PM org.flywaydb.core.internal.schemahistory.JdbcTableSchemaHistory create
INFO: Creating Schema History table "PUBLIC"."flyway_schema_history" ...
May 08, 2023 10:18:30 PM org.flywaydb.core.internal.command.DbMigrate migrateGroup
INFO: Current version of schema "PUBLIC": << Empty Schema >>
May 08, 2023 10:18:30 PM org.flywaydb.core.internal.command.DbMigrate doMigrateGroup
INFO: Migrating schema "PUBLIC" to version "1 - Create tables"
May 08, 2023 10:18:31 PM org.flywaydb.core.internal.command.DbMigrate doMigrateGroup
INFO: Migrating schema "PUBLIC" to version "2 - Server discovery"
May 08, 2023 10:18:31 PM org.flywaydb.core.internal.command.DbMigrate doMigrateGroup
INFO: Migrating schema "PUBLIC" to version "3 - Jar symbols"
May 08, 2023 10:18:31 PM org.flywaydb.core.internal.command.DbMigrate doMigrateGroup
INFO: Migrating schema "PUBLIC" to version "4 - Fingerprints"
May 08, 2023 10:18:31 PM org.flywaydb.core.internal.command.DbMigrate logSummary
INFO: Successfully applied 4 migrations to schema "PUBLIC", now at version v4 (execution time 00:00.039s)
2023.05.08 22:18:31 INFO  time: initialize in 0.65s
2023.05.08 22:18:33 WARN  Build server is not auto-connectable.
2023.05.08 22:18:33 WARN  no build target for: D:\Github\Effective-Programming-in-Scala\Week_1\notes\build.sbt
2023.05.08 22:18:33 WARN  no build target for: D:\Github\Effective-Programming-in-Scala\Week_1\notes\build.sbt
2023.05.08 22:18:36 INFO  running 'C:\Users\sanjaya\.jabba\jdk\adopt@1.11.0-11\bin\java -Djline.terminal=jline.UnsupportedTerminal -Dsbt.log.noformat=true -Dfile.encoding=UTF-8 -jar C:\Users\sanjaya\AppData\Local\Temp\metals3131832054856655498\sbt-launch.jar -Dbloop.export-jar-classifiers=sources bloopInstall'
2023.05.08 22:18:36 INFO  no build target found for D:\Github\Effective-Programming-in-Scala\Week_1\notes\build.sbt. Using presentation compiler with project's scala-library version: 3.2.2
2023.05.08 22:18:38 INFO  time: code lens generation in 1.25s
2023.05.08 22:18:38 INFO  time: code lens generation in 4.19s
2023.05.08 22:18:38 INFO  time: code lens generation in 5.21s
2023.05.08 22:18:38 INFO  [info] welcome to sbt 1.5.0-RC2 (AdoptOpenJDK Java 11.0.11)
2023.05.08 22:18:41 INFO  [info] loading settings for project notes-build-build from metals.sbt ...
2023.05.08 22:18:41 INFO  [info] loading project definition from D:\Github\Effective-Programming-in-Scala\Week_1\notes\project\project
2023.05.08 22:18:45 INFO  [info] loading settings for project notes-build from metals.sbt ...
2023.05.08 22:18:45 INFO  [info] loading project definition from D:\Github\Effective-Programming-in-Scala\Week_1\notes\project
2023.05.08 22:18:47 INFO  [success] Generated .bloop\notes-build.json
2023.05.08 22:18:47 INFO  [success] Total time: 3 s, completed 08-May-2023, 10:18:47 PM
2023.05.08 22:18:48 INFO  [info] loading settings for project notes from build.sbt ...
2023.05.08 22:18:48 INFO  [info] set current project to notes (in build file:/D:/Github/Effective-Programming-in-Scala/Week_1/notes/)
2023.05.08 22:18:50 INFO  [success] Generated .bloop\notes.json
2023.05.08 22:18:50 INFO  [success] Generated .bloop\notes-test.json
2023.05.08 22:18:50 INFO  [success] Total time: 1 s, completed 08-May-2023, 10:18:50 PM
2023.05.08 22:18:50 INFO  time: ran 'sbt bloopInstall' in 13s
2023.05.08 22:18:50 INFO  Attempting to connect to the build server...
2023.05.08 22:18:50 INFO  Bloop uses C:\Users\sanjaya\.jabba\jdk\adopt@1.11.0-11 defined at C:\Users\sanjaya\.bloop\bloop.json
2023.05.08 22:18:50 INFO  tracing is disabled for protocol BSP, to enable tracing of incoming and outgoing JSON messages create an empty file at D:\Github\Effective-Programming-in-Scala\Week_1\notes\.metals\bsp.trace.json or C:\Users\sanjaya\AppData\Local\scalameta\metals\cache\bsp.trace.json
2023.05.08 22:18:50 INFO  Attempting to connect to the build server...
2023.05.08 22:18:50 INFO  Bloop uses C:\Users\sanjaya\.jabba\jdk\adopt@1.11.0-11 defined at C:\Users\sanjaya\.bloop\bloop.json
2023.05.08 22:18:50 INFO  tracing is disabled for protocol BSP, to enable tracing of incoming and outgoing JSON messages create an empty file at D:\Github\Effective-Programming-in-Scala\Week_1\notes\project\.metals\bsp.trace.json or C:\Users\sanjaya\AppData\Local\scalameta\metals\cache\bsp.trace.json
2023.05.08 22:18:50 INFO  time: Connected to build server in 0.27s
2023.05.08 22:18:50 INFO  Connected to Build server: Bloop v1.5.6
2023.05.08 22:18:56 INFO  time: indexed workspace in 5.46s
2023.05.08 22:18:59 INFO  time: code lens generation in 2.89s
2023.05.08 22:26:32 INFO  compiling notes (1 scala source)
2023.05.08 22:26:33 INFO  time: compiled notes in 1.26s
2023.05.08 22:26:40 INFO  time: evaluated worksheet 'Definitions.worksheet.sc' in 5.07s
2023.05.09 07:34:52 INFO  Shutting down server
2023.05.09 07:34:52 INFO  shutting down Metals
2023.05.09 07:34:52 ERROR build shutdown: bloop
java.util.concurrent.ExecutionException: org.eclipse.lsp4j.jsonrpc.JsonRpcException: java.io.IOException: An existing connection was forcibly closed by the remote host
	at java.util.concurrent.CompletableFuture.reportGet(CompletableFuture.java:395)
	at java.util.concurrent.CompletableFuture.get(CompletableFuture.java:2022)
	at scala.meta.internal.metals.BuildServerConnection.$anonfun$shutdown$1(BuildServerConnection.scala:117)
	at scala.meta.internal.metals.BuildServerConnection.$anonfun$shutdown$1$adapted(BuildServerConnection.scala:114)
	at scala.concurrent.impl.Promise$Transformation.run(Promise.scala:467)
	at java.util.concurrent.ThreadPoolExecutor.runWorker(ThreadPoolExecutor.java:1128)
	at java.util.concurrent.ThreadPoolExecutor$Worker.run(ThreadPoolExecutor.java:628)
	at java.lang.Thread.run(Thread.java:829)
Caused by: org.eclipse.lsp4j.jsonrpc.JsonRpcException: java.io.IOException: An existing connection was forcibly closed by the remote host
	at org.eclipse.lsp4j.jsonrpc.json.StreamMessageConsumer.consume(StreamMessageConsumer.java:72)
	at org.eclipse.lsp4j.jsonrpc.RemoteEndpoint.request(RemoteEndpoint.java:161)
	at org.eclipse.lsp4j.jsonrpc.services.EndpointProxy.invoke(EndpointProxy.java:91)
	at com.sun.proxy.$Proxy10.buildShutdown(null)
	at scala.meta.internal.metals.BuildServerConnection.$anonfun$shutdown$1(BuildServerConnection.scala:117)
	at scala.meta.internal.metals.BuildServerConnection.$anonfun$shutdown$1$adapted(BuildServerConnection.scala:114)
	at scala.concurrent.impl.Promise$Transformation.run(Promise.scala:467)
	at java.util.concurrent.ThreadPoolExecutor.runWorker(ThreadPoolExecutor.java:1128)
	at java.util.concurrent.ThreadPoolExecutor$Worker.run(ThreadPoolExecutor.java:628)
	at java.lang.Thread.run(Thread.java:829)
Caused by: java.io.IOException: An existing connection was forcibly closed by the remote host
	at sun.nio.ch.SocketDispatcher.write0(Native Method)
	at sun.nio.ch.SocketDispatcher.write(SocketDispatcher.java:51)
	at sun.nio.ch.IOUtil.writeFromNativeBuffer(IOUtil.java:113)
	at sun.nio.ch.IOUtil.write(IOUtil.java:79)
	at sun.nio.ch.IOUtil.write(IOUtil.java:50)
	at sun.nio.ch.SocketChannelImpl.write(SocketChannelImpl.java:459)
	at sun.nio.ch.SinkChannelImpl.write(SinkChannelImpl.java:114)
	at java.nio.channels.Channels.writeFullyImpl(Channels.java:74)
	at java.nio.channels.Channels.writeFully(Channels.java:94)
	at java.nio.channels.Channels$1.write(Channels.java:172)
	at java.io.OutputStream.write(OutputStream.java:122)
	at java.nio.channels.Channels$1.write(Channels.java:152)
	at scala.meta.internal.metals.ClosableOutputStream.write(ClosableOutputStream.scala:26)
	at java.io.FilterOutputStream.write(FilterOutputStream.java:137)
	at java.io.FilterOutputStream.write(FilterOutputStream.java:108)
	at org.eclipse.lsp4j.jsonrpc.json.StreamMessageConsumer.consume(StreamMessageConsumer.java:68)
	at org.eclipse.lsp4j.jsonrpc.RemoteEndpoint.request(RemoteEndpoint.java:161)
	at org.eclipse.lsp4j.jsonrpc.services.EndpointProxy.invoke(EndpointProxy.java:91)
	at com.sun.proxy.$Proxy10.buildShutdown(null)
	at scala.meta.internal.metals.BuildServerConnection.$anonfun$shutdown$1(BuildServerConnection.scala:117)
	at scala.meta.internal.metals.BuildServerConnection.$anonfun$shutdown$1$adapted(BuildServerConnection.scala:114)
	at scala.concurrent.impl.Promise$Transformation.run(Promise.scala:467)
	at java.util.concurrent.ThreadPoolExecutor.runWorker(ThreadPoolExecutor.java:1128)
	at java.util.concurrent.ThreadPoolExecutor$Worker.run(ThreadPoolExecutor.java:628)
	at java.lang.Thread.run(Thread.java:829)

2023.05.09 07:34:52 ERROR build shutdown: bloop
java.util.concurrent.ExecutionException: org.eclipse.lsp4j.jsonrpc.JsonRpcException: java.io.IOException: An existing connection was forcibly closed by the remote host
	at java.util.concurrent.CompletableFuture.reportGet(CompletableFuture.java:395)
	at java.util.concurrent.CompletableFuture.get(CompletableFuture.java:2022)
	at scala.meta.internal.metals.BuildServerConnection.$anonfun$shutdown$1(BuildServerConnection.scala:117)
	at scala.meta.internal.metals.BuildServerConnection.$anonfun$shutdown$1$adapted(BuildServerConnection.scala:114)
	at scala.concurrent.impl.Promise$Transformation.run(Promise.scala:467)
	at java.util.concurrent.ThreadPoolExecutor.runWorker(ThreadPoolExecutor.java:1128)
	at java.util.concurrent.ThreadPoolExecutor$Worker.run(ThreadPoolExecutor.java:628)
	at java.lang.Thread.run(Thread.java:829)
Caused by: org.eclipse.lsp4j.jsonrpc.JsonRpcException: java.io.IOException: An existing connection was forcibly closed by the remote host
	at org.eclipse.lsp4j.jsonrpc.json.StreamMessageConsumer.consume(StreamMessageConsumer.java:72)
	at org.eclipse.lsp4j.jsonrpc.RemoteEndpoint.request(RemoteEndpoint.java:161)
	at org.eclipse.lsp4j.jsonrpc.services.EndpointProxy.invoke(EndpointProxy.java:91)
	at com.sun.proxy.$Proxy10.buildShutdown(null)
	at scala.meta.internal.metals.BuildServerConnection.$anonfun$shutdown$1(BuildServerConnection.scala:117)
	at scala.meta.internal.metals.BuildServerConnection.$anonfun$shutdown$1$adapted(BuildServerConnection.scala:114)
	at scala.concurrent.impl.Promise$Transformation.run(Promise.scala:467)
	at java.util.concurrent.ThreadPoolExecutor.runWorker(ThreadPoolExecutor.java:1128)
	at java.util.concurrent.ThreadPoolExecutor$Worker.run(ThreadPoolExecutor.java:628)
	at java.lang.Thread.run(Thread.java:829)
Caused by: java.io.IOException: An existing connection was forcibly closed by the remote host
	at sun.nio.ch.SocketDispatcher.write0(Native Method)
	at sun.nio.ch.SocketDispatcher.write(SocketDispatcher.java:51)
	at sun.nio.ch.IOUtil.writeFromNativeBuffer(IOUtil.java:113)
	at sun.nio.ch.IOUtil.write(IOUtil.java:79)
	at sun.nio.ch.IOUtil.write(IOUtil.java:50)
	at sun.nio.ch.SocketChannelImpl.write(SocketChannelImpl.java:459)
	at sun.nio.ch.SinkChannelImpl.write(SinkChannelImpl.java:114)
	at java.nio.channels.Channels.writeFullyImpl(Channels.java:74)
	at java.nio.channels.Channels.writeFully(Channels.java:94)
	at java.nio.channels.Channels$1.write(Channels.java:172)
	at java.io.OutputStream.write(OutputStream.java:122)
	at java.nio.channels.Channels$1.write(Channels.java:152)
	at scala.meta.internal.metals.ClosableOutputStream.write(ClosableOutputStream.scala:26)
	at java.io.FilterOutputStream.write(FilterOutputStream.java:137)
	at java.io.FilterOutputStream.write(FilterOutputStream.java:108)
	at org.eclipse.lsp4j.jsonrpc.json.StreamMessageConsumer.consume(StreamMessageConsumer.java:68)
	at org.eclipse.lsp4j.jsonrpc.RemoteEndpoint.request(RemoteEndpoint.java:161)
	at org.eclipse.lsp4j.jsonrpc.services.EndpointProxy.invoke(EndpointProxy.java:91)
	at com.sun.proxy.$Proxy10.buildShutdown(null)
	at scala.meta.internal.metals.BuildServerConnection.$anonfun$shutdown$1(BuildServerConnection.scala:117)
	at scala.meta.internal.metals.BuildServerConnection.$anonfun$shutdown$1$adapted(BuildServerConnection.scala:114)
	at scala.concurrent.impl.Promise$Transformation.run(Promise.scala:467)
	at java.util.concurrent.ThreadPoolExecutor.runWorker(ThreadPoolExecutor.java:1128)
	at java.util.concurrent.ThreadPoolExecutor$Worker.run(ThreadPoolExecutor.java:628)
	at java.lang.Thread.run(Thread.java:829)

2023.05.09 07:34:52 INFO  Exiting server
2023.05.09 19:43:00 INFO  Started: Metals version 0.11.12 in workspace 'D:\Github\Effective-Programming-in-Scala\Week_1\notes' for client Visual Studio Code 1.78.0.
May 09, 2023 7:43:00 PM org.flywaydb.core.internal.license.VersionPrinter printVersionOnly
INFO: Flyway Community Edition 9.16.3 by Redgate
May 09, 2023 7:43:00 PM org.flywaydb.core.internal.license.VersionPrinter printVersion
INFO: See release notes here: https://rd.gt/416ObMi
May 09, 2023 7:43:00 PM org.flywaydb.core.internal.license.VersionPrinter printVersion
INFO: 
May 09, 2023 7:43:01 PM org.flywaydb.core.internal.database.base.BaseDatabaseType createDatabase
INFO: Database: jdbc:h2:file:D:\Github\Effective-Programming-in-Scala\Week_1\notes\.metals\metals (H2 2.1)
May 09, 2023 7:43:01 PM org.flywaydb.core.internal.command.DbValidate validate
INFO: Successfully validated 4 migrations (execution time 00:00.024s)
May 09, 2023 7:43:01 PM org.flywaydb.core.internal.command.DbMigrate migrateGroup
INFO: Current version of schema "PUBLIC": 4
May 09, 2023 7:43:01 PM org.flywaydb.core.internal.command.DbMigrate logSummary
INFO: Schema "PUBLIC" is up to date. No migration necessary.
2023.05.09 19:43:01 INFO  time: initialize in 0.71s
2023.05.09 19:43:03 INFO  Attempting to connect to the build server...
2023.05.09 19:43:03 INFO  Bloop uses C:\Users\sanjaya\.jabba\jdk\adopt@1.11.0-11 defined at C:\Users\sanjaya\.bloop\bloop.json
2023.05.09 19:43:03 INFO  skipping build import with status 'Installed'
2023.05.09 19:43:03 INFO  tracing is disabled for protocol BSP, to enable tracing of incoming and outgoing JSON messages create an empty file at D:\Github\Effective-Programming-in-Scala\Week_1\notes\.metals\bsp.trace.json or C:\Users\sanjaya\AppData\Local\scalameta\metals\cache\bsp.trace.json
2023.05.09 19:43:03 INFO  Attempting to connect to the build server...
2023.05.09 19:43:03 INFO  Bloop uses C:\Users\sanjaya\.jabba\jdk\adopt@1.11.0-11 defined at C:\Users\sanjaya\.bloop\bloop.json
2023.05.09 19:43:03 INFO  tracing is disabled for protocol BSP, to enable tracing of incoming and outgoing JSON messages create an empty file at D:\Github\Effective-Programming-in-Scala\Week_1\notes\project\.metals\bsp.trace.json or C:\Users\sanjaya\AppData\Local\scalameta\metals\cache\bsp.trace.json
2023.05.09 19:43:04 INFO  time: Connected to build server in 1.05s
2023.05.09 19:43:04 INFO  Connected to Build server: Bloop v1.5.6
2023.05.09 19:43:09 INFO  no build target found for D:\Github\Effective-Programming-in-Scala\Week_1\notes\src\main\scala\org\epfl\01_definitions\Definitions.worksheet.sc. Using presentation compiler with project's scala-library version: 3.2.2
2023.05.09 19:43:09 INFO  time: code lens generation in 6.68s
May 09, 2023 7:43:10 PM org.eclipse.lsp4j.jsonrpc.RemoteEndpoint handleCancellation
WARNING: Unmatched cancel notification for request id 6
May 09, 2023 7:43:10 PM org.eclipse.lsp4j.jsonrpc.RemoteEndpoint handleCancellation
WARNING: Unmatched cancel notification for request id 7
2023.05.09 19:43:10 INFO  time: Imported build in 0.52s
2023.05.09 19:43:11 INFO  no build target found for D:\Github\Effective-Programming-in-Scala\Week_1\notes\src\main\scala\org\epfl\01_definitions\Definitions.worksheet.sc. Using presentation compiler with project's scala-library version: 3.2.2
2023.05.09 19:43:11 ERROR Empty build targets. Expected at least one build target identifier.
2023.05.09 19:43:13 INFO  time: code lens generation in 2.6s
2023.05.09 19:43:13 INFO  time: code lens generation in 3.29s
2023.05.09 19:43:18 INFO  time: evaluated worksheet 'Definitions.worksheet.sc' in 6.54s
2023.05.09 19:43:20 INFO  time: indexed workspace in 9.82s
2023.05.09 19:43:26 INFO  time: evaluated worksheet 'Definitions.worksheet.sc' in 2.01s
2023.05.09 19:43:29 INFO  time: evaluated worksheet 'Definitions.worksheet.sc' in 0.55s
2023.05.09 19:44:01 INFO  time: evaluated worksheet 'game_base.worksheet.sc' in 2.15s
2023.05.09 19:44:05 INFO  time: evaluated worksheet 'game_base_strict.worksheet.sc' in 2.11s
May 09, 2023 7:44:29 PM org.eclipse.lsp4j.jsonrpc.RemoteEndpoint handleCancellation
WARNING: Unmatched cancel notification for request id 78
2023.05.09 19:48:10 INFO  time: evaluated worksheet 'Definitions.worksheet.sc' in 0.63s
2023.05.09 19:49:15 INFO  time: evaluated worksheet 'Definitions.worksheet.sc' in 0.47s
2023.05.09 19:49:17 INFO  time: evaluated worksheet 'Definitions.worksheet.sc' in 0.49s
2023.05.09 19:50:04 INFO  skipping build import with status 'Installed'
2023.05.09 19:50:07 INFO  time: code lens generation in 1.53s
2023.05.09 19:50:07 INFO  time: code lens generation in 2.86s
2023.05.09 19:50:07 INFO  time: code lens generation in 3.59s
2023.05.09 19:51:01 INFO  time: evaluated worksheet 'Definitions.worksheet.sc' in 0.54s
2023.05.09 19:51:08 INFO  time: evaluated worksheet 'Definitions.worksheet.sc' in 0.51s
2023.05.09 19:51:43 INFO  time: evaluated worksheet 'Definitions.worksheet.sc' in 0.48s
2023.05.09 19:52:01 INFO  time: evaluated worksheet 'Definitions.worksheet.sc' in 0.51s
2023.05.09 19:52:14 INFO  time: evaluated worksheet 'Definitions.worksheet.sc' in 0.57s
2023.05.09 19:53:33 INFO  time: evaluated worksheet 'house.worksheet.sc' in 1.44s
2023.05.09 19:53:33 INFO  time: evaluated worksheet 'house.worksheet.sc' in 0.33s
2023.05.09 19:53:34 INFO  time: evaluated worksheet 'house.worksheet.sc' in 0.36s
2023.05.09 19:55:07 INFO  time: evaluated worksheet 'house.worksheet.sc' in 0.39s
May 09, 2023 7:55:33 PM org.eclipse.lsp4j.jsonrpc.RemoteEndpoint handleCancellation
WARNING: Unmatched cancel notification for request id 1469
2023.05.09 19:56:36 INFO  time: evaluated worksheet 'house.worksheet.sc' in 0.45s
2023.05.09 20:05:24 INFO  time: evaluated worksheet 'house.worksheet.sc' in 0.39s
[31merror[39m: src\main\scala\org\epfl\02_houses\house.worksheet.sc:33:25: : expected but ) found
case class Circle(radius) extends S
                        ^
2023.05.09 20:10:26 INFO  time: evaluated worksheet 'house.worksheet.sc' in 0.22s
[31merror[39m: src\main\scala\org\epfl\02_houses\house.worksheet.sc:32:1: 
Rectangle is already defined as class Rectangle
case class Rectangle(width: Int, height: Int) extends Shape
^^^^^^^^^^^^^^^^^^^^^^^^^^^^^^^^^^^^^^^^^^^^^^^^^^^^^^^^^^^
[31merror[39m: src\main\scala\org\epfl\02_houses\house.worksheet.sc:33:40: 
Not found: type S
case class Circle(radius: Int) extends S
                                       ^
[31merror[39m: src\main\scala\org\epfl\02_houses\house.worksheet.sc:34:1: 
Not found: hape
hape
^^^^
[31merror[39m: src\main\scala\org\epfl\02_houses\house.worksheet.sc:8:13: 
Double definition:
final lazy module object Rectangle: MdocApp.this.Rectangle in class MdocApp at line 52 and
final lazy module object Rectangle: MdocApp.this.Rectangle in class MdocApp at line 10

 case class Rectangle(width: Int , height: Int): 
            ^
2023.05.09 20:10:35 INFO  time: evaluated worksheet 'house.worksheet.sc' in 0.28s
May 09, 2023 8:11:14 PM org.eclipse.lsp4j.jsonrpc.RemoteEndpoint handleCancellation
WARNING: Unmatched cancel notification for request id 2640
[31merror[39m: src\main\scala\org\epfl\02_houses\house.worksheet.sc:32:1: 
Rectangle is already defined as class Rectangle
case class Rectangle(width: Int, height: Int) extends Shape
^^^^^^^^^^^^^^^^^^^^^^^^^^^^^^^^^^^^^^^^^^^^^^^^^^^^^^^^^^^
[31merror[39m: src\main\scala\org\epfl\02_houses\house.worksheet.sc:33:40: 
Not found: type S
case class Circle(radius: Int) extends S
                                       ^
[31merror[39m: src\main\scala\org\epfl\02_houses\house.worksheet.sc:37:24: 
Found:    MdocApp.this.Circle
Required: MdocApp.this.Shape
val someShae : Shape = Circle(5)
                       ^^^^^^^^^
[31merror[39m: src\main\scala\org\epfl\02_houses\house.worksheet.sc:8:13: 
Double definition:
final lazy module object Rectangle: MdocApp.this.Rectangle in class MdocApp at line 52 and
final lazy module object Rectangle: MdocApp.this.Rectangle in class MdocApp at line 10

 case class Rectangle(width: Int , height: Int): 
            ^
2023.05.09 20:11:38 INFO  time: evaluated worksheet 'house.worksheet.sc' in 0.18s
[31merror[39m: src\main\scala\org\epfl\02_houses\house.worksheet.sc:32:1: 
Rectangle is already defined as class Rectangle
case class Rectangle(width: Int, height: Int) extends Shape
^^^^^^^^^^^^^^^^^^^^^^^^^^^^^^^^^^^^^^^^^^^^^^^^^^^^^^^^^^^
[31merror[39m: src\main\scala\org\epfl\02_houses\house.worksheet.sc:8:13: 
Double definition:
final lazy module object Rectangle: MdocApp.this.Rectangle in class MdocApp at line 52 and
final lazy module object Rectangle: MdocApp.this.Rectangle in class MdocApp at line 10

 case class Rectangle(width: Int , height: Int): 
            ^
2023.05.09 20:11:42 INFO  time: evaluated worksheet 'house.worksheet.sc' in 0.28s
2023.05.09 20:11:55 INFO  time: evaluated worksheet 'house.worksheet.sc' in 0.37s
2023.05.09 20:12:29 INFO  time: evaluated worksheet 'house.worksheet.sc' in 0.4s
2023.05.09 20:13:41 INFO  time: evaluated worksheet 'house.worksheet.sc' in 0.41s
2023.05.09 20:14:05 INFO  time: evaluated worksheet 'house.worksheet.sc' in 0.39s
May 09, 2023 8:14:45 PM org.eclipse.lsp4j.jsonrpc.RemoteEndpoint handleCancellation
WARNING: Unmatched cancel notification for request id 3468
May 09, 2023 8:15:47 PM org.eclipse.lsp4j.jsonrpc.RemoteEndpoint handleCancellation
WARNING: Unmatched cancel notification for request id 3712
May 09, 2023 8:15:54 PM org.eclipse.lsp4j.jsonrpc.RemoteEndpoint handleCancellation
WARNING: Unmatched cancel notification for request id 3758
2023.05.09 20:16:00 INFO  time: evaluated worksheet 'house.worksheet.sc' in 0.65s
[31merror[39m: src\main\scala\org\epfl\02_houses\house.worksheet.sc:49:1: 
value someShapeArea in class MdocApp does not take parameters
someShapeArea(Circle(5))
^^^^^^^^^^^^^
2023.05.09 20:16:46 INFO  time: evaluated worksheet 'house.worksheet.sc' in 0.27s
[31merror[39m: src\main\scala\org\epfl\02_houses\house.worksheet.sc:50:1: 
value someShapeArea in class MdocApp does not take parameters
someShapeArea(Circle(5))
^^^^^^^^^^^^^
2023.05.09 20:17:11 INFO  time: evaluated worksheet 'house.worksheet.sc' in 0.3s
2023.05.09 20:20:10 INFO  time: evaluated worksheet 'house.worksheet.sc' in 0.51s
2023.05.09 20:21:06 INFO  time: evaluated worksheet 'house.worksheet.sc' in 0.49s
2023.05.09 20:21:14 INFO  time: evaluated worksheet 'house.worksheet.sc' in 0.49s
[33mwarning[39m: src\main\scala\org\epfl\02_houses\house.worksheet.sc:45:4: 
match may not be exhaustive.

It would fail on pattern case: MdocApp.Circle(_, _)

   someShape match {
   ^^^^^^^^^
2023.05.09 20:23:00 INFO  time: evaluated worksheet 'house.worksheet.sc' in 0.46s
2023.05.09 20:23:08 INFO  time: evaluated worksheet 'house.worksheet.sc' in 0.41s
[31merror[39m: src\main\scala\org\epfl\02_houses\house.worksheet.sc:56:1: 
Not found: someCircle
someCircle match
^^^^^^^^^^
2023.05.09 20:26:24 INFO  time: evaluated worksheet 'house.worksheet.sc' in 0.27s
[31merror[39m: src\main\scala\org\epfl\02_houses\house.worksheet.sc:56:1: 
Not found: someCircle
someCircle match
^^^^^^^^^^
[31merror[39m: src\main\scala\org\epfl\02_houses\house.worksheet.sc:60:1: 
Not found: someCircle
someCircle
^^^^^^^^^^
2023.05.09 20:26:34 INFO  time: evaluated worksheet 'house.worksheet.sc' in 0.24s
May 09, 2023 8:27:06 PM org.eclipse.lsp4j.jsonrpc.RemoteEndpoint handleCancellation
WARNING: Unmatched cancel notification for request id 4830
[31merror[39m: src\main\scala\org\epfl\02_houses\house.worksheet.sc:56:4: 
Not found: someCircle
   someCircle match
   ^^^^^^^^^^
2023.05.09 20:27:24 INFO  time: evaluated worksheet 'house.worksheet.sc' in 0.2s
May 09, 2023 8:27:25 PM scala.meta.internal.pc.CompilerAccess handleError
SEVERE: NoDenotation.owner
java.lang.AssertionError: NoDenotation.owner
	at dotty.tools.dotc.core.SymDenotations$NoDenotation$.owner(SymDenotations.scala:2511)
	at scala.meta.internal.pc.MetalsInteractive$.enclosingSymbolsWithExpressionType(MetalsInteractive.scala:261)
	at scala.meta.internal.pc.HoverProvider$.hover(HoverProvider.scala:98)

[31merror[39m: src\main\scala\org\epfl\02_houses\house.worksheet.sc:56:4: 
Not found: someCircle
   someCircle match
   ^^^^^^^^^^
2023.05.09 20:28:24 INFO  time: evaluated worksheet 'house.worksheet.sc' in 0.25s
May 09, 2023 8:29:49 PM scala.meta.internal.pc.CompilerAccess handleError
SEVERE: NoDenotation.owner
java.lang.AssertionError: NoDenotation.owner
	at dotty.tools.dotc.core.SymDenotations$NoDenotation$.owner(SymDenotations.scala:2511)
	at scala.meta.internal.pc.MetalsInteractive$.enclosingSymbolsWithExpressionType(MetalsInteractive.scala:261)
	at scala.meta.internal.pc.HoverProvider$.hover(HoverProvider.scala:98)

May 09, 2023 8:29:50 PM scala.meta.internal.pc.CompilerAccess handleError
SEVERE: NoDenotation.owner
java.lang.AssertionError: NoDenotation.owner
	at dotty.tools.dotc.core.SymDenotations$NoDenotation$.owner(SymDenotations.scala:2511)
	at scala.meta.internal.pc.MetalsInteractive$.enclosingSymbolsWithExpressionType(MetalsInteractive.scala:261)
	at scala.meta.internal.pc.HoverProvider$.hover(HoverProvider.scala:98)

[31merror[39m: src\main\scala\org\epfl\02_houses\house.worksheet.sc:56:4: 
Not found: someCircle
   someCircle match
   ^^^^^^^^^^
2023.05.09 20:29:51 INFO  time: evaluated worksheet 'house.worksheet.sc' in 0.28s
[31merror[39m: src\main\scala\org\epfl\02_houses\house.worksheet.sc:56:4: 
Not found: someCircle
   someCircle match {
   ^^^^^^^^^^
2023.05.09 20:30:09 INFO  time: evaluated worksheet 'house.worksheet.sc' in 0.21s
May 09, 2023 8:30:49 PM org.eclipse.lsp4j.jsonrpc.RemoteEndpoint handleCancellation
WARNING: Unmatched cancel notification for request id 5124
[33mwarning[39m: src\main\scala\org\epfl\02_houses\house.worksheet.sc:58:12: 
Unreachable case except for null (if this is intentional, consider writing case null => instead).
      case _ => "NOTTT A CIRCLE"
           ^
2023.05.09 20:30:56 INFO  time: evaluated worksheet 'house.worksheet.sc' in 0.43s
[33mwarning[39m: src\main\scala\org\epfl\02_houses\house.worksheet.sc:61:12: 
Unreachable case except for null (if this is intentional, consider writing case null => instead).
      case _ => "NOTTT A CIRCLE"
           ^
2023.05.09 20:31:07 INFO  time: evaluated worksheet 'house.worksheet.sc' in 0.57s
May 09, 2023 8:32:20 PM org.eclipse.lsp4j.jsonrpc.RemoteEndpoint handleCancellation
WARNING: Unmatched cancel notification for request id 5445
[31merror[39m: src\main\scala\org\epfl\02_houses\house.worksheet.sc:74:51: 
Not found: type Strings
case class PostMessage(channel: Channel, message: Strings) extends Action
                                                  ^^^^^^^
2023.05.09 20:34:20 INFO  time: evaluated worksheet 'house.worksheet.sc' in 0.29s
[33mwarning[39m: src\main\scala\org\epfl\02_houses\house.worksheet.sc:61:12: 
Unreachable case except for null (if this is intentional, consider writing case null => instead).
      case _ => "NOTTT A CIRCLE"
           ^
2023.05.09 20:34:32 INFO  time: evaluated worksheet 'house.worksheet.sc' in 0.61s
[33mwarning[39m: src\main\scala\org\epfl\02_houses\house.worksheet.sc:61:12: 
Unreachable case except for null (if this is intentional, consider writing case null => instead).
      case _ => "NOTTT A CIRCLE"
           ^
2023.05.09 20:35:47 INFO  time: evaluated worksheet 'house.worksheet.sc' in 0.6s
[33mwarning[39m: src\main\scala\org\epfl\02_houses\house.worksheet.sc:61:12: 
Unreachable case except for null (if this is intentional, consider writing case null => instead).
      case _ => "NOTTT A CIRCLE"
           ^
2023.05.09 20:36:02 INFO  time: evaluated worksheet 'house.worksheet.sc' in 0.62s
[33mwarning[39m: src\main\scala\org\epfl\02_houses\house.worksheet.sc:61:12: 
Unreachable case except for null (if this is intentional, consider writing case null => instead).
      case _ => "NOTTT A CIRCLE"
           ^
2023.05.09 20:46:18 INFO  time: evaluated worksheet 'house.worksheet.sc' in 0.7s
[33mwarning[39m: src\main\scala\org\epfl\02_houses\house.worksheet.sc:61:12: 
Unreachable case except for null (if this is intentional, consider writing case null => instead).
      case _ => "NOTTT A CIRCLE"
           ^
2023.05.09 20:46:25 INFO  time: evaluated worksheet 'house.worksheet.sc' in 0.78s
[31merror[39m: src\main\scala\org\epfl\02_houses\house.worksheet.sc:83:1: 
Shape is already defined as trait Shape
sealed trait Shape
^^^^^^^^^^^^^^^^^^
[31merror[39m: src\main\scala\org\epfl\02_houses\house.worksheet.sc:84:1: 
Rectangle is already defined as class Rectangle
case class Rectangle(width: Int, height: Int) extends Shape
^^^^^^^^^^^^^^^^^^^^^^^^^^^^^^^^^^^^^^^^^^^^^^^^^^^^^^^^^^^
[31merror[39m: src\main\scala\org\epfl\02_houses\house.worksheet.sc:85:1: 
Circle is already defined as class Circle
case class Circle(radius: Int) extends Shape
^^^^^^^^^^^^^^^^^^^^^^^^^^^^^^^^^^^^^^^^^^^^
[31merror[39m: src\main\scala\org\epfl\02_houses\house.worksheet.sc:8:13: 
Double definition:
final lazy module object Rectangle: MdocApp.this.Rectangle in class MdocApp at line 122 and
final lazy module object Rectangle: MdocApp.this.Rectangle in class MdocApp at line 10

 case class Rectangle(width: Int , height: Int): 
            ^
[31merror[39m: src\main\scala\org\epfl\02_houses\house.worksheet.sc:33:12: 
Double definition:
final lazy module object Circle: MdocApp.this.Circle in class MdocApp at line 125 and
final lazy module object Circle: MdocApp.this.Circle in class MdocApp at line 55

case class Circle(radius: Int) extends Shape
           ^
2023.05.09 20:46:54 INFO  time: evaluated worksheet 'house.worksheet.sc' in 0.31s
2023.05.09 20:47:28 INFO  file:///D:/Github/Effective-Programming-in-Scala/Week_1/notes/src/main/scala/org/epfl/02_houses/house.worksheet.sc:83:1: stale mdoc error:
Shape is already defined as trait Shape
sealed trait Shape
^^^^^^^^^^^^^^^^^^
2023.05.09 20:47:28 INFO  file:///D:/Github/Effective-Programming-in-Scala/Week_1/notes/src/main/scala/org/epfl/02_houses/house.worksheet.sc:84:1: stale mdoc error:
Rectangle is already defined as class Rectangle
case class Rectangle(width: Int, height: Int) extends Shape
^^^^^^^^^^^^^^^^^^^^^^^^^^^^^^^^^^^^^^^^^^^^^^^^^^^^^^^^^^^
2023.05.09 20:47:28 INFO  file:///D:/Github/Effective-Programming-in-Scala/Week_1/notes/src/main/scala/org/epfl/02_houses/house.worksheet.sc:85:1: stale mdoc error:
Circle is already defined as class Circle
case class Circle(radius: Int) extends Shape
^^^^^^^^^^^^^^^^^^^^^^^^^^^^^^^^^^^^^^^^^^^^
2023.05.09 20:47:28 INFO  file:///D:/Github/Effective-Programming-in-Scala/Week_1/notes/src/main/scala/org/epfl/02_houses/house.worksheet.sc:8:13: stale mdoc error:
Double definition:
final lazy module object Rectangle: MdocApp.this.Rectangle in class MdocApp at line 122 and
final lazy module object Rectangle: MdocApp.this.Rectangle in class MdocApp at line 10

 case class Rectangle(width: Int , height: Int): 
            ^
2023.05.09 20:47:28 INFO  file:///D:/Github/Effective-Programming-in-Scala/Week_1/notes/src/main/scala/org/epfl/02_houses/house.worksheet.sc:33:12: stale mdoc error:
Double definition:
final lazy module object Circle: MdocApp.this.Circle in class MdocApp at line 125 and
final lazy module object Circle: MdocApp.this.Circle in class MdocApp at line 55

case class Circle(radius: Int) extends Shape
           ^
2023.05.09 20:47:28 INFO  file:///D:/Github/Effective-Programming-in-Scala/Week_1/notes/src/main/scala/org/epfl/02_houses/house.worksheet.sc:83:1: stale mdoc error:
Shape is already defined as trait Shape
sealed trait Shape
^^^^^^^^^^^^^^^^^^
2023.05.09 20:47:28 INFO  file:///D:/Github/Effective-Programming-in-Scala/Week_1/notes/src/main/scala/org/epfl/02_houses/house.worksheet.sc:84:1: stale mdoc error:
Rectangle is already defined as class Rectangle
case class Rectangle(width: Int, height: Int) extends Shape
^^^^^^^^^^^^^^^^^^^^^^^^^^^^^^^^^^^^^^^^^^^^^^^^^^^^^^^^^^^
2023.05.09 20:47:28 INFO  file:///D:/Github/Effective-Programming-in-Scala/Week_1/notes/src/main/scala/org/epfl/02_houses/house.worksheet.sc:85:1: stale mdoc error:
Circle is already defined as class Circle
case class Circle(radius: Int) extends Shape
^^^^^^^^^^^^^^^^^^^^^^^^^^^^^^^^^^^^^^^^^^^^
2023.05.09 20:47:28 INFO  file:///D:/Github/Effective-Programming-in-Scala/Week_1/notes/src/main/scala/org/epfl/02_houses/house.worksheet.sc:8:13: stale mdoc error:
Double definition:
final lazy module object Rectangle: MdocApp.this.Rectangle in class MdocApp at line 122 and
final lazy module object Rectangle: MdocApp.this.Rectangle in class MdocApp at line 10

 case class Rectangle(width: Int , height: Int): 
            ^
2023.05.09 20:47:28 INFO  file:///D:/Github/Effective-Programming-in-Scala/Week_1/notes/src/main/scala/org/epfl/02_houses/house.worksheet.sc:33:12: stale mdoc error:
Double definition:
final lazy module object Circle: MdocApp.this.Circle in class MdocApp at line 125 and
final lazy module object Circle: MdocApp.this.Circle in class MdocApp at line 55

case class Circle(radius: Int) extends Shape
           ^
[33mwarning[39m: src\main\scala\org\epfl\02_houses\house.worksheet.sc:61:12: 
Unreachable case except for null (if this is intentional, consider writing case null => instead).
      case _ => "NOTTT A CIRCLE"
           ^
2023.05.09 20:48:06 INFO  time: evaluated worksheet 'house.worksheet.sc' in 0.62s
[31merror[39m: src\main\scala\org\epfl\02_houses\house.worksheet.sc:92:6: 
Found:    MdocApp.this.Rectangle
Required: MdocApp.this.Shape1
area(Rectangle(5,4))
     ^^^^^^^^^^^^^^
2023.05.09 20:48:20 INFO  time: evaluated worksheet 'house.worksheet.sc' in 0.32s
[33mwarning[39m: src\main\scala\org\epfl\02_houses\house.worksheet.sc:61:12: 
Unreachable case except for null (if this is intentional, consider writing case null => instead).
      case _ => "NOTTT A CIRCLE"
           ^
2023.05.09 20:48:33 INFO  time: evaluated worksheet 'house.worksheet.sc' in 0.56s
[33mwarning[39m: src\main\scala\org\epfl\02_houses\house.worksheet.sc:61:12: 
Unreachable case except for null (if this is intentional, consider writing case null => instead).
      case _ => "NOTTT A CIRCLE"
           ^
2023.05.09 20:48:59 INFO  time: evaluated worksheet 'house.worksheet.sc' in 0.66s
[33mwarning[39m: src\main\scala\org\epfl\02_houses\house.worksheet.sc:61:12: 
Unreachable case except for null (if this is intentional, consider writing case null => instead).
      case _ => "NOTTT A CIRCLE"
           ^
2023.05.09 20:49:08 INFO  time: evaluated worksheet 'house.worksheet.sc' in 0.62s
[33mwarning[39m: src\main\scala\org\epfl\02_houses\house.worksheet.sc:61:12: 
Unreachable case except for null (if this is intentional, consider writing case null => instead).
      case _ => "NOTTT A CIRCLE"
           ^
2023.05.09 20:49:15 INFO  time: evaluated worksheet 'house.worksheet.sc' in 0.98s
2023.05.09 20:50:27 INFO  time: evaluated worksheet 'game_base.worksheet.sc' in 0.4s
2023.05.09 20:50:32 INFO  time: evaluated worksheet 'VideoStreaming.worksheet.sc' in 2s
2023.05.09 22:42:23 INFO  time: evaluated worksheet 'game_base_strict.worksheet.sc' in 0.46s
[33mwarning[39m: src\main\scala\org\epfl\02_houses\house.worksheet.sc:61:12: 
Unreachable case except for null (if this is intentional, consider writing case null => instead).
      case _ => "NOTTT A CIRCLE"
           ^
2023.05.09 22:42:27 INFO  time: evaluated worksheet 'house.worksheet.sc' in 0.63s
[33mwarning[39m: src\main\scala\org\epfl\02_houses\house.worksheet.sc:61:12: 
Unreachable case except for null (if this is intentional, consider writing case null => instead).
      case _ => "NOTTT A CIRCLE"
           ^
2023.05.09 22:42:34 INFO  time: evaluated worksheet 'house.worksheet.sc' in 0.64s
[33mwarning[39m: src\main\scala\org\epfl\02_houses\house.worksheet.sc:61:12: 
Unreachable case except for null (if this is intentional, consider writing case null => instead).
      case _ => "NOTTT A CIRCLE"
           ^
2023.05.09 22:43:39 INFO  time: evaluated worksheet 'house.worksheet.sc' in 0.62s
2023.05.09 22:43:43 INFO  time: evaluated worksheet 'game_base_strict.worksheet.sc' in 0.51s
May 10, 2023 6:21:59 AM scala.meta.internal.pc.CompilerAccess handleError
SEVERE: NoDenotation.owner
java.lang.AssertionError: NoDenotation.owner
	at dotty.tools.dotc.core.SymDenotations$NoDenotation$.owner(SymDenotations.scala:2511)
	at scala.meta.internal.pc.MetalsInteractive$.enclosingSymbolsWithExpressionType(MetalsInteractive.scala:261)
	at scala.meta.internal.pc.HoverProvider$.hover(HoverProvider.scala:98)

May 10, 2023 6:22:03 AM scala.meta.internal.pc.CompilerAccess handleError
SEVERE: NoDenotation.owner
java.lang.AssertionError: NoDenotation.owner
	at dotty.tools.dotc.core.SymDenotations$NoDenotation$.owner(SymDenotations.scala:2511)
	at scala.meta.internal.pc.MetalsInteractive$.enclosingSymbolsWithExpressionType(MetalsInteractive.scala:261)
	at scala.meta.internal.pc.HoverProvider$.hover(HoverProvider.scala:98)

2023.05.10 06:22:33 INFO  Bloop uses C:\Users\sanjaya\.jabba\jdk\adopt@1.11.0-11 defined at C:\Users\sanjaya\.bloop\bloop.json
2023.05.10 06:22:33 INFO  Bloop uses C:\Users\sanjaya\.jabba\jdk\adopt@1.11.0-11 defined at C:\Users\sanjaya\.bloop\bloop.json
2023.05.10 06:22:33 INFO  tracing is disabled for protocol BSP, to enable tracing of incoming and outgoing JSON messages create an empty file at D:\Github\Effective-Programming-in-Scala\Week_1\notes\.metals\bsp.trace.json or C:\Users\sanjaya\AppData\Local\scalameta\metals\cache\bsp.trace.json
2023.05.10 06:22:33 INFO  tracing is disabled for protocol BSP, to enable tracing of incoming and outgoing JSON messages create an empty file at D:\Github\Effective-Programming-in-Scala\Week_1\notes\.metals\bsp.trace.json or C:\Users\sanjaya\AppData\Local\scalameta\metals\cache\bsp.trace.json
2023.05.10 06:22:33 INFO  Connected to Build server: Bloop v1.5.6
2023.05.10 06:22:33 INFO  Connected to Build server: Bloop v1.5.6
2023.05.10 06:22:33 INFO  Bloop uses C:\Users\sanjaya\.jabba\jdk\adopt@1.11.0-11 defined at C:\Users\sanjaya\.bloop\bloop.json
2023.05.10 06:22:33 INFO  Bloop uses C:\Users\sanjaya\.jabba\jdk\adopt@1.11.0-11 defined at C:\Users\sanjaya\.bloop\bloop.json
2023.05.10 06:22:33 INFO  tracing is disabled for protocol BSP, to enable tracing of incoming and outgoing JSON messages create an empty file at D:\Github\Effective-Programming-in-Scala\Week_1\notes\project\.metals\bsp.trace.json or C:\Users\sanjaya\AppData\Local\scalameta\metals\cache\bsp.trace.json
2023.05.10 06:22:33 INFO  tracing is disabled for protocol BSP, to enable tracing of incoming and outgoing JSON messages create an empty file at D:\Github\Effective-Programming-in-Scala\Week_1\notes\project\.metals\bsp.trace.json or C:\Users\sanjaya\AppData\Local\scalameta\metals\cache\bsp.trace.json
2023.05.10 06:22:36 INFO  time: Imported build in 2.35s
2023.05.10 06:22:36 INFO  time: evaluated worksheet 'game_base_strict.worksheet.sc' in 0.47s
2023.05.10 06:22:41 INFO  time: indexed workspace in 4.89s
2023.05.10 06:22:46 INFO  time: evaluated worksheet 'game_base_strict.worksheet.sc' in 1.57s
2023.05.10 06:23:09 INFO  time: evaluated worksheet 'game_base_strict.worksheet.sc' in 0.43s
2023.05.10 06:23:44 INFO  time: evaluated worksheet 'game_base_strict.worksheet.sc' in 0.49s
May 10, 2023 6:24:08 AM org.eclipse.lsp4j.jsonrpc.RemoteEndpoint handleCancellation
WARNING: Unmatched cancel notification for request id 7964
May 10, 2023 6:26:18 AM org.eclipse.lsp4j.jsonrpc.RemoteEndpoint handleCancellation
WARNING: Unmatched cancel notification for request id 8648
[31merror[39m: src\main\scala\org\epfl\03_setcardgame\game_base_strict.worksheet.sc:97:47: illegal start of simple expression
  def valueOf(label: String): PrimaryColour = ...
                                              ^
2023.05.10 06:27:06 INFO  time: evaluated worksheet 'game_base_strict.worksheet.sc' in 0.19s
[31merror[39m: src\main\scala\org\epfl\03_setcardgame\game_base_strict.worksheet.sc:90:1: 
PrimaryColour is already defined as class PrimaryColour
sealed trait PrimaryColour
^^^^^^^^^^^^^^^^^^^^^^^^^^
[31merror[39m: src\main\scala\org\epfl\03_setcardgame\game_base_strict.worksheet.sc:92:3: 
object Red in object PrimaryColour extends enum PrimaryColour, but extending enums is prohibited.
  case object  Red extends PrimaryColour
  ^^^^^^^^^^^^^^^^^^^^^^^^^^^^^^^^^^^^^^
[31merror[39m: src\main\scala\org\epfl\03_setcardgame\game_base_strict.worksheet.sc:93:3: 
object Blue in object PrimaryColour extends enum PrimaryColour, but extending enums is prohibited.
  case object Blue extends PrimaryColour
  ^^^^^^^^^^^^^^^^^^^^^^^^^^^^^^^^^^^^^^
[31merror[39m: src\main\scala\org\epfl\03_setcardgame\game_base_strict.worksheet.sc:94:3: 
object Green in object PrimaryColour extends enum PrimaryColour, but extending enums is prohibited.
  case object Green extends PrimaryColour
  ^^^^^^^^^^^^^^^^^^^^^^^^^^^^^^^^^^^^^^^
[31merror[39m: src\main\scala\org\epfl\03_setcardgame\game_base_strict.worksheet.sc:96:7: 
Double definition:
def values: Array[MdocApp.this.PrimaryColour] in object PrimaryColour at line 103 and
val values: Array[MdocApp.this.PrimaryColour] in object PrimaryColour at line 114

  val values = Array(Red, Green, Blue)
      ^
[31merror[39m: src\main\scala\org\epfl\03_setcardgame\game_base_strict.worksheet.sc:97:7: 
Double definition:
def valueOf($name: String): MdocApp.this.PrimaryColour in object PrimaryColour at line 103 and
def valueOf(label: String): MdocApp.this.PrimaryColour in object PrimaryColour at line 115
have the same type after erasure.

Consider adding a @targetName annotation to one of the conflicting definitions
for disambiguation.
  def valueOf(label: String): PrimaryColour = ???
      ^
2023.05.10 06:27:35 INFO  time: evaluated worksheet 'game_base_strict.worksheet.sc' in 0.26s
2023.05.10 06:27:53 INFO  time: evaluated worksheet 'game_base_strict.worksheet.sc' in 0.54s
May 10, 2023 6:28:09 AM org.eclipse.lsp4j.jsonrpc.RemoteEndpoint handleCancellation
WARNING: Unmatched cancel notification for request id 8858
2023.05.10 06:28:31 INFO  time: evaluated worksheet 'game_base_strict.worksheet.sc' in 0.51s
May 10, 2023 6:28:41 AM org.eclipse.lsp4j.jsonrpc.RemoteEndpoint handleCancellation
WARNING: Unmatched cancel notification for request id 8978
2023.05.10 06:28:45 INFO  time: evaluated worksheet 'game_base_strict.worksheet.sc' in 0.38s
May 10, 2023 6:29:04 AM org.eclipse.lsp4j.jsonrpc.RemoteEndpoint handleCancellation
WARNING: Unmatched cancel notification for request id 9074
2023.05.10 06:29:43 INFO  time: evaluated worksheet 'game_base_strict.worksheet.sc' in 0.37s
2023.05.10 06:34:42 INFO  time: evaluated worksheet 'game_base_strict.worksheet.sc' in 0.69s
2023.05.10 06:34:44 INFO  time: evaluated worksheet 'game_base.worksheet.sc' in 1.26s
2023.05.10 06:34:53 INFO  time: evaluated worksheet 'VideoStreaming.worksheet.sc' in 1.38s
2023.05.10 07:08:40 INFO  Bloop uses C:\Users\sanjaya\.jabba\jdk\adopt@1.11.0-11 defined at C:\Users\sanjaya\.bloop\bloop.json
2023.05.10 07:08:40 INFO  Bloop uses C:\Users\sanjaya\.jabba\jdk\adopt@1.11.0-11 defined at C:\Users\sanjaya\.bloop\bloop.json
2023.05.10 07:08:40 INFO  tracing is disabled for protocol BSP, to enable tracing of incoming and outgoing JSON messages create an empty file at D:\Github\Effective-Programming-in-Scala\Week_1\notes\.metals\bsp.trace.json or C:\Users\sanjaya\AppData\Local\scalameta\metals\cache\bsp.trace.json
2023.05.10 07:08:40 INFO  tracing is disabled for protocol BSP, to enable tracing of incoming and outgoing JSON messages create an empty file at D:\Github\Effective-Programming-in-Scala\Week_1\notes\.metals\bsp.trace.json or C:\Users\sanjaya\AppData\Local\scalameta\metals\cache\bsp.trace.json
2023.05.10 07:08:40 INFO  Connected to Build server: Bloop v1.5.6
2023.05.10 07:08:40 INFO  Bloop uses C:\Users\sanjaya\.jabba\jdk\adopt@1.11.0-11 defined at C:\Users\sanjaya\.bloop\bloop.json
2023.05.10 07:08:40 INFO  Bloop uses C:\Users\sanjaya\.jabba\jdk\adopt@1.11.0-11 defined at C:\Users\sanjaya\.bloop\bloop.json
2023.05.10 07:08:40 INFO  Connected to Build server: Bloop v1.5.6
2023.05.10 07:08:40 INFO  tracing is disabled for protocol BSP, to enable tracing of incoming and outgoing JSON messages create an empty file at D:\Github\Effective-Programming-in-Scala\Week_1\notes\project\.metals\bsp.trace.json or C:\Users\sanjaya\AppData\Local\scalameta\metals\cache\bsp.trace.json
2023.05.10 07:08:40 INFO  tracing is disabled for protocol BSP, to enable tracing of incoming and outgoing JSON messages create an empty file at D:\Github\Effective-Programming-in-Scala\Week_1\notes\project\.metals\bsp.trace.json or C:\Users\sanjaya\AppData\Local\scalameta\metals\cache\bsp.trace.json
2023.05.10 07:08:42 INFO  time: Imported build in 2.28s
2023.05.10 07:08:44 INFO  time: indexed workspace in 1.89s
2023.05.10 07:08:44 ERROR Empty build targets. Expected at least one build target identifier.
2023.05.10 07:08:44 INFO  time: Imported build in 4.37s
[31merror[39m: src\main\scala\org\epfl\03_setcardgame\game_base_strict.worksheet.sc:1:8: 
Not found: monix
import monix.catnap.cancelables.AssignableCancelableF.Bool
       ^^^^^
2023.05.10 07:08:45 INFO  no build target found for D:\Github\Effective-Programming-in-Scala\Week_1\notes\src\main\scala\org\epfl\03_setcardgame\game_base_strict.worksheet.sc. Using presentation compiler with project's scala-library version: 3.2.2
2023.05.10 07:08:45 INFO  time: code lens generation in 2.78s
2023.05.10 07:08:46 INFO  no build target found for D:\Github\Effective-Programming-in-Scala\Week_1\notes\src\main\scala\org\epfl\03_setcardgame\game_base_strict.worksheet.sc. Using presentation compiler with project's scala-library version: 3.2.2
2023.05.10 07:08:46 INFO  time: evaluated worksheet 'game_base_strict.worksheet.sc' in 2.49s
2023.05.10 07:08:48 INFO  time: indexed workspace in 3.8s
2023.05.10 07:08:49 INFO  time: evaluated worksheet 'game_base_strict.worksheet.sc' in 2.19s
2023.05.10 07:08:53 INFO  time: evaluated worksheet 'game_base_strict.worksheet.sc' in 0.49s
2023.05.10 07:09:08 INFO  Shutting down server
2023.05.10 07:09:08 INFO  shutting down Metals
2023.05.10 07:09:08 INFO  Shut down connection with build server.
2023.05.10 07:09:08 INFO  Shut down connection with build server.
2023.05.10 07:09:08 INFO  Failed to run request with params WorkspaceBuildTargetsResult
2023.05.10 07:09:08 INFO  Exiting server
2023.05.11 20:45:49 INFO  Started: Metals version 0.11.12 in workspace 'D:\Github\Effective-Programming-in-Scala\Week_1\notes' for client Visual Studio Code 1.78.1.
May 11, 2023 8:45:49 PM org.flywaydb.core.internal.license.VersionPrinter printVersionOnly
INFO: Flyway Community Edition 9.16.3 by Redgate
May 11, 2023 8:45:49 PM org.flywaydb.core.internal.license.VersionPrinter printVersion
INFO: See release notes here: https://rd.gt/416ObMi
May 11, 2023 8:45:49 PM org.flywaydb.core.internal.license.VersionPrinter printVersion
INFO: 
May 11, 2023 8:45:50 PM org.flywaydb.core.internal.database.base.BaseDatabaseType createDatabase
INFO: Database: jdbc:h2:file:D:\Github\Effective-Programming-in-Scala\Week_1\notes\.metals\metals (H2 2.1)
May 11, 2023 8:45:50 PM org.flywaydb.core.internal.command.DbValidate validate
INFO: Successfully validated 4 migrations (execution time 00:00.056s)
May 11, 2023 8:45:50 PM org.flywaydb.core.internal.command.DbMigrate migrateGroup
INFO: Current version of schema "PUBLIC": 4
May 11, 2023 8:45:50 PM org.flywaydb.core.internal.command.DbMigrate logSummary
INFO: Schema "PUBLIC" is up to date. No migration necessary.
2023.05.11 20:45:51 INFO  time: initialize in 1.3s
2023.05.11 20:45:53 INFO  Attempting to connect to the build server...
2023.05.11 20:45:53 INFO  Bloop uses C:\Users\sanjaya\.jabba\jdk\adopt@1.11.0-11 defined at C:\Users\sanjaya\.bloop\bloop.json
2023.05.11 20:45:54 INFO  skipping build import with status 'Installed'
2023.05.11 20:46:05 INFO  no build target found for D:\Github\Effective-Programming-in-Scala\Week_1\notes\src\main\scala\org\epfl\03_setcardgame\game_base.worksheet.sc. Using presentation compiler with project's scala-library version: 3.2.2
2023.05.11 20:46:14 INFO  time: code lens generation in 17s
2023.05.11 20:46:14 INFO  time: code lens generation in 20s
2023.05.11 20:46:17 INFO  tracing is disabled for protocol BSP, to enable tracing of incoming and outgoing JSON messages create an empty file at D:\Github\Effective-Programming-in-Scala\Week_1\notes\.metals\bsp.trace.json or C:\Users\sanjaya\AppData\Local\scalameta\metals\cache\bsp.trace.json
2023.05.11 20:46:17 INFO  Attempting to connect to the build server...
2023.05.11 20:46:17 INFO  Bloop uses C:\Users\sanjaya\.jabba\jdk\adopt@1.11.0-11 defined at C:\Users\sanjaya\.bloop\bloop.json
2023.05.11 20:46:18 INFO  tracing is disabled for protocol BSP, to enable tracing of incoming and outgoing JSON messages create an empty file at D:\Github\Effective-Programming-in-Scala\Week_1\notes\project\.metals\bsp.trace.json or C:\Users\sanjaya\AppData\Local\scalameta\metals\cache\bsp.trace.json
2023.05.11 20:46:19 INFO  time: Connected to build server in 26s
2023.05.11 20:46:19 INFO  Connected to Build server: Bloop v1.5.6
2023.05.11 20:46:20 INFO  time: Imported build in 0.61s
2023.05.11 20:46:48 INFO  time: indexed workspace in 28s
2023.05.11 21:43:31 INFO  time: evaluated worksheet 'game_base.worksheet.sc' in 7.75s
[31merror[39m: src\main\scala\org\epfl\03_setcardgame\game_base_strict.worksheet.sc:118:5: illegal start of simple pattern
val 
    ^
2023.05.11 21:43:33 INFO  time: evaluated worksheet 'game_base_strict.worksheet.sc' in 1.63s
[31merror[39m: src\main\scala\org\epfl\03_setcardgame\game_base_strict.worksheet.sc:116:28: 
value Gr is not a member of object MdocApp.this.PrimaryColour
val color: PrimaryColour = PrimaryColour.Gr
                           ^^^^^^^^^^^^^^^^
2023.05.11 21:43:36 INFO  time: evaluated worksheet 'game_base_strict.worksheet.sc' in 0.68s
2023.05.11 21:43:48 INFO  time: evaluated worksheet 'game_base_strict.worksheet.sc' in 1.13s
2023.05.11 21:43:54 INFO  time: evaluated worksheet 'game_base_strict.worksheet.sc' in 1.14s
2023.05.11 21:44:40 INFO  Shutting down server
2023.05.11 21:44:40 INFO  shutting down Metals
2023.05.11 21:44:40 INFO  Shut down connection with build server.
2023.05.11 21:44:40 INFO  Shut down connection with build server.
2023.05.11 21:44:40 INFO  Exiting server
2023.05.12 19:16:48 INFO  Started: Metals version 0.11.12 in workspace 'D:\Github\Effective-Programming-in-Scala\Week_1\notes' for client Visual Studio Code 1.78.2.
May 12, 2023 7:16:48 PM org.flywaydb.core.internal.license.VersionPrinter printVersionOnly
INFO: Flyway Community Edition 9.16.3 by Redgate
May 12, 2023 7:16:48 PM org.flywaydb.core.internal.license.VersionPrinter printVersion
INFO: See release notes here: https://rd.gt/416ObMi
May 12, 2023 7:16:48 PM org.flywaydb.core.internal.license.VersionPrinter printVersion
INFO: 
May 12, 2023 7:16:49 PM org.flywaydb.core.internal.database.base.BaseDatabaseType createDatabase
INFO: Database: jdbc:h2:file:D:\Github\Effective-Programming-in-Scala\Week_1\notes\.metals\metals (H2 2.1)
May 12, 2023 7:16:49 PM org.flywaydb.core.internal.command.DbValidate validate
INFO: Successfully validated 4 migrations (execution time 00:00.025s)
May 12, 2023 7:16:49 PM org.flywaydb.core.internal.command.DbMigrate migrateGroup
INFO: Current version of schema "PUBLIC": 4
May 12, 2023 7:16:49 PM org.flywaydb.core.internal.command.DbMigrate logSummary
INFO: Schema "PUBLIC" is up to date. No migration necessary.
2023.05.12 19:16:49 INFO  time: initialize in 0.74s
2023.05.12 19:16:51 INFO  Attempting to connect to the build server...
May 12, 2023 7:16:51 PM org.eclipse.lsp4j.jsonrpc.RemoteEndpoint handleCancellation
WARNING: Unmatched cancel notification for request id 1
2023.05.12 19:16:51 INFO  Bloop uses C:\Users\sanjaya\.jabba\jdk\adopt@1.11.0-11 defined at C:\Users\sanjaya\.bloop\bloop.json
2023.05.12 19:16:51 INFO  skipping build import with status 'Installed'
2023.05.12 19:16:51 INFO  tracing is disabled for protocol BSP, to enable tracing of incoming and outgoing JSON messages create an empty file at D:\Github\Effective-Programming-in-Scala\Week_1\notes\.metals\bsp.trace.json or C:\Users\sanjaya\AppData\Local\scalameta\metals\cache\bsp.trace.json
2023.05.12 19:16:51 INFO  Attempting to connect to the build server...
2023.05.12 19:16:51 INFO  Bloop uses C:\Users\sanjaya\.jabba\jdk\adopt@1.11.0-11 defined at C:\Users\sanjaya\.bloop\bloop.json
2023.05.12 19:16:51 INFO  tracing is disabled for protocol BSP, to enable tracing of incoming and outgoing JSON messages create an empty file at D:\Github\Effective-Programming-in-Scala\Week_1\notes\project\.metals\bsp.trace.json or C:\Users\sanjaya\AppData\Local\scalameta\metals\cache\bsp.trace.json
2023.05.12 19:16:51 INFO  time: Connected to build server in 0.53s
2023.05.12 19:16:51 INFO  Connected to Build server: Bloop v1.5.6
2023.05.12 19:16:56 INFO  no build target found for D:\Github\Effective-Programming-in-Scala\Week_1\notes\src\main\scala\org\epfl\03_setcardgame\game_base_strict.worksheet.sc. Using presentation compiler with project's scala-library version: 3.2.2
2023.05.12 19:16:56 INFO  time: code lens generation in 4.99s
2023.05.12 19:16:56 INFO  time: Imported build in 0.17s
2023.05.12 19:16:58 INFO  no build target found for D:\Github\Effective-Programming-in-Scala\Week_1\notes\src\main\scala\org\epfl\03_setcardgame\game_base_strict.worksheet.sc. Using presentation compiler with project's scala-library version: 3.2.2
2023.05.12 19:17:00 INFO  time: code lens generation in 8.24s
2023.05.12 19:17:05 INFO  time: indexed workspace in 9.03s
2023.05.12 19:17:17 INFO  time: evaluated worksheet 'game_base_strict.worksheet.sc' in 7.21s
2023.05.12 19:17:20 INFO  time: evaluated worksheet 'game_base_strict.worksheet.sc' in 1.17s
2023.05.13 05:39:36 INFO  Bloop uses C:\Users\sanjaya\.jabba\jdk\adopt@1.11.0-11 defined at C:\Users\sanjaya\.bloop\bloop.json
2023.05.13 05:39:36 INFO  tracing is disabled for protocol BSP, to enable tracing of incoming and outgoing JSON messages create an empty file at D:\Github\Effective-Programming-in-Scala\Week_1\notes\.metals\bsp.trace.json or C:\Users\sanjaya\AppData\Local\scalameta\metals\cache\bsp.trace.json
2023.05.13 05:39:36 INFO  Connected to Build server: Bloop v1.5.6
2023.05.13 05:39:36 INFO  Bloop uses C:\Users\sanjaya\.jabba\jdk\adopt@1.11.0-11 defined at C:\Users\sanjaya\.bloop\bloop.json
2023.05.13 05:39:36 INFO  tracing is disabled for protocol BSP, to enable tracing of incoming and outgoing JSON messages create an empty file at D:\Github\Effective-Programming-in-Scala\Week_1\notes\project\.metals\bsp.trace.json or C:\Users\sanjaya\AppData\Local\scalameta\metals\cache\bsp.trace.json
2023.05.13 05:39:38 INFO  time: code lens generation in 1.74s
May 13, 2023 5:39:39 AM org.eclipse.lsp4j.jsonrpc.RemoteEndpoint handleCancellation
WARNING: Unmatched cancel notification for request id 22
2023.05.13 21:27:23 INFO  Bloop uses C:\Users\sanjaya\.jabba\jdk\adopt@1.11.0-11 defined at C:\Users\sanjaya\.bloop\bloop.json
2023.05.13 21:27:23 INFO  tracing is disabled for protocol BSP, to enable tracing of incoming and outgoing JSON messages create an empty file at D:\Github\Effective-Programming-in-Scala\Week_1\notes\.metals\bsp.trace.json or C:\Users\sanjaya\AppData\Local\scalameta\metals\cache\bsp.trace.json
2023.05.13 21:27:23 INFO  Connected to Build server: Bloop v1.5.6
2023.05.13 21:27:23 INFO  Bloop uses C:\Users\sanjaya\.jabba\jdk\adopt@1.11.0-11 defined at C:\Users\sanjaya\.bloop\bloop.json
2023.05.13 21:27:23 INFO  tracing is disabled for protocol BSP, to enable tracing of incoming and outgoing JSON messages create an empty file at D:\Github\Effective-Programming-in-Scala\Week_1\notes\project\.metals\bsp.trace.json or C:\Users\sanjaya\AppData\Local\scalameta\metals\cache\bsp.trace.json
2023.05.14 07:52:12 INFO  Shutting down server
2023.05.14 07:52:12 INFO  shutting down Metals
2023.05.14 07:52:12 ERROR build shutdown: bloop
java.util.concurrent.ExecutionException: org.eclipse.lsp4j.jsonrpc.JsonRpcException: java.io.IOException: An existing connection was forcibly closed by the remote host
	at java.util.concurrent.CompletableFuture.reportGet(CompletableFuture.java:395)
	at java.util.concurrent.CompletableFuture.get(CompletableFuture.java:2022)
	at scala.meta.internal.metals.BuildServerConnection.$anonfun$shutdown$1(BuildServerConnection.scala:117)
	at scala.meta.internal.metals.BuildServerConnection.$anonfun$shutdown$1$adapted(BuildServerConnection.scala:114)
	at scala.concurrent.impl.Promise$Transformation.run(Promise.scala:467)
	at java.util.concurrent.ThreadPoolExecutor.runWorker(ThreadPoolExecutor.java:1128)
	at java.util.concurrent.ThreadPoolExecutor$Worker.run(ThreadPoolExecutor.java:628)
	at java.lang.Thread.run(Thread.java:829)
Caused by: org.eclipse.lsp4j.jsonrpc.JsonRpcException: java.io.IOException: An existing connection was forcibly closed by the remote host
	at org.eclipse.lsp4j.jsonrpc.json.StreamMessageConsumer.consume(StreamMessageConsumer.java:72)
	at org.eclipse.lsp4j.jsonrpc.RemoteEndpoint.request(RemoteEndpoint.java:161)
	at org.eclipse.lsp4j.jsonrpc.services.EndpointProxy.invoke(EndpointProxy.java:91)
	at com.sun.proxy.$Proxy10.buildShutdown(null)
	at scala.meta.internal.metals.BuildServerConnection.$anonfun$shutdown$1(BuildServerConnection.scala:117)
	at scala.meta.internal.metals.BuildServerConnection.$anonfun$shutdown$1$adapted(BuildServerConnection.scala:114)
	at scala.concurrent.impl.Promise$Transformation.run(Promise.scala:467)
	at java.util.concurrent.ThreadPoolExecutor.runWorker(ThreadPoolExecutor.java:1128)
	at java.util.concurrent.ThreadPoolExecutor$Worker.run(ThreadPoolExecutor.java:628)
	at java.lang.Thread.run(Thread.java:829)
Caused by: java.io.IOException: An existing connection was forcibly closed by the remote host
	at sun.nio.ch.SocketDispatcher.write0(Native Method)
	at sun.nio.ch.SocketDispatcher.write(SocketDispatcher.java:51)
	at sun.nio.ch.IOUtil.writeFromNativeBuffer(IOUtil.java:113)
	at sun.nio.ch.IOUtil.write(IOUtil.java:79)
	at sun.nio.ch.IOUtil.write(IOUtil.java:50)
	at sun.nio.ch.SocketChannelImpl.write(SocketChannelImpl.java:459)
	at sun.nio.ch.SinkChannelImpl.write(SinkChannelImpl.java:114)
	at java.nio.channels.Channels.writeFullyImpl(Channels.java:74)
	at java.nio.channels.Channels.writeFully(Channels.java:94)
	at java.nio.channels.Channels$1.write(Channels.java:172)
	at java.io.OutputStream.write(OutputStream.java:122)
	at java.nio.channels.Channels$1.write(Channels.java:152)
	at scala.meta.internal.metals.ClosableOutputStream.write(ClosableOutputStream.scala:26)
	at java.io.FilterOutputStream.write(FilterOutputStream.java:137)
	at java.io.FilterOutputStream.write(FilterOutputStream.java:108)
	at org.eclipse.lsp4j.jsonrpc.json.StreamMessageConsumer.consume(StreamMessageConsumer.java:68)
	at org.eclipse.lsp4j.jsonrpc.RemoteEndpoint.request(RemoteEndpoint.java:161)
	at org.eclipse.lsp4j.jsonrpc.services.EndpointProxy.invoke(EndpointProxy.java:91)
	at com.sun.proxy.$Proxy10.buildShutdown(null)
	at scala.meta.internal.metals.BuildServerConnection.$anonfun$shutdown$1(BuildServerConnection.scala:117)
	at scala.meta.internal.metals.BuildServerConnection.$anonfun$shutdown$1$adapted(BuildServerConnection.scala:114)
	at scala.concurrent.impl.Promise$Transformation.run(Promise.scala:467)
	at java.util.concurrent.ThreadPoolExecutor.runWorker(ThreadPoolExecutor.java:1128)
	at java.util.concurrent.ThreadPoolExecutor$Worker.run(ThreadPoolExecutor.java:628)
	at java.lang.Thread.run(Thread.java:829)

2023.05.14 07:52:12 ERROR build shutdown: bloop
java.util.concurrent.ExecutionException: org.eclipse.lsp4j.jsonrpc.JsonRpcException: java.io.IOException: An existing connection was forcibly closed by the remote host
	at java.util.concurrent.CompletableFuture.reportGet(CompletableFuture.java:395)
	at java.util.concurrent.CompletableFuture.get(CompletableFuture.java:2022)
	at scala.meta.internal.metals.BuildServerConnection.$anonfun$shutdown$1(BuildServerConnection.scala:117)
	at scala.meta.internal.metals.BuildServerConnection.$anonfun$shutdown$1$adapted(BuildServerConnection.scala:114)
	at scala.concurrent.impl.Promise$Transformation.run(Promise.scala:467)
	at java.util.concurrent.ThreadPoolExecutor.runWorker(ThreadPoolExecutor.java:1128)
	at java.util.concurrent.ThreadPoolExecutor$Worker.run(ThreadPoolExecutor.java:628)
	at java.lang.Thread.run(Thread.java:829)
Caused by: org.eclipse.lsp4j.jsonrpc.JsonRpcException: java.io.IOException: An existing connection was forcibly closed by the remote host
	at org.eclipse.lsp4j.jsonrpc.json.StreamMessageConsumer.consume(StreamMessageConsumer.java:72)
	at org.eclipse.lsp4j.jsonrpc.RemoteEndpoint.request(RemoteEndpoint.java:161)
	at org.eclipse.lsp4j.jsonrpc.services.EndpointProxy.invoke(EndpointProxy.java:91)
	at com.sun.proxy.$Proxy10.buildShutdown(null)
	at scala.meta.internal.metals.BuildServerConnection.$anonfun$shutdown$1(BuildServerConnection.scala:117)
	at scala.meta.internal.metals.BuildServerConnection.$anonfun$shutdown$1$adapted(BuildServerConnection.scala:114)
	at scala.concurrent.impl.Promise$Transformation.run(Promise.scala:467)
	at java.util.concurrent.ThreadPoolExecutor.runWorker(ThreadPoolExecutor.java:1128)
	at java.util.concurrent.ThreadPoolExecutor$Worker.run(ThreadPoolExecutor.java:628)
	at java.lang.Thread.run(Thread.java:829)
Caused by: java.io.IOException: An existing connection was forcibly closed by the remote host
	at sun.nio.ch.SocketDispatcher.write0(Native Method)
	at sun.nio.ch.SocketDispatcher.write(SocketDispatcher.java:51)
	at sun.nio.ch.IOUtil.writeFromNativeBuffer(IOUtil.java:113)
	at sun.nio.ch.IOUtil.write(IOUtil.java:79)
	at sun.nio.ch.IOUtil.write(IOUtil.java:50)
	at sun.nio.ch.SocketChannelImpl.write(SocketChannelImpl.java:459)
	at sun.nio.ch.SinkChannelImpl.write(SinkChannelImpl.java:114)
	at java.nio.channels.Channels.writeFullyImpl(Channels.java:74)
	at java.nio.channels.Channels.writeFully(Channels.java:94)
	at java.nio.channels.Channels$1.write(Channels.java:172)
	at java.io.OutputStream.write(OutputStream.java:122)
	at java.nio.channels.Channels$1.write(Channels.java:152)
	at scala.meta.internal.metals.ClosableOutputStream.write(ClosableOutputStream.scala:26)
	at java.io.FilterOutputStream.write(FilterOutputStream.java:137)
	at java.io.FilterOutputStream.write(FilterOutputStream.java:108)
	at org.eclipse.lsp4j.jsonrpc.json.StreamMessageConsumer.consume(StreamMessageConsumer.java:68)
	at org.eclipse.lsp4j.jsonrpc.RemoteEndpoint.request(RemoteEndpoint.java:161)
	at org.eclipse.lsp4j.jsonrpc.services.EndpointProxy.invoke(EndpointProxy.java:91)
	at com.sun.proxy.$Proxy10.buildShutdown(null)
	at scala.meta.internal.metals.BuildServerConnection.$anonfun$shutdown$1(BuildServerConnection.scala:117)
	at scala.meta.internal.metals.BuildServerConnection.$anonfun$shutdown$1$adapted(BuildServerConnection.scala:114)
	at scala.concurrent.impl.Promise$Transformation.run(Promise.scala:467)
	at java.util.concurrent.ThreadPoolExecutor.runWorker(ThreadPoolExecutor.java:1128)
	at java.util.concurrent.ThreadPoolExecutor$Worker.run(ThreadPoolExecutor.java:628)
	at java.lang.Thread.run(Thread.java:829)

May 14, 2023 7:52:12 AM org.eclipse.lsp4j.jsonrpc.RemoteEndpoint notify
INFO: Failed to send notification message.
org.eclipse.lsp4j.jsonrpc.JsonRpcException: java.nio.channels.ClosedChannelException
	at org.eclipse.lsp4j.jsonrpc.json.StreamMessageConsumer.consume(StreamMessageConsumer.java:72)
	at org.eclipse.lsp4j.jsonrpc.RemoteEndpoint.notify(RemoteEndpoint.java:126)
	at org.eclipse.lsp4j.jsonrpc.RemoteEndpoint.sendCancelNotification(RemoteEndpoint.java:180)
	at org.eclipse.lsp4j.jsonrpc.RemoteEndpoint$1.cancel(RemoteEndpoint.java:150)
	at scala.meta.internal.metals.BuildServerConnection.$anonfun$register$2(BuildServerConnection.scala:348)
	at scala.runtime.java8.JFunction0$mcZ$sp.apply(JFunction0$mcZ$sp.scala:17)
	at scala.util.Try$.apply(Try.scala:210)
	at scala.meta.internal.metals.BuildServerConnection.$anonfun$register$1(BuildServerConnection.scala:348)
	at scala.meta.internal.metals.Cancelable$$anon$1.cancel(Cancelable.scala:18)
	at scala.meta.internal.metals.Cancelable$.$anonfun$cancelAll$1(Cancelable.scala:29)
	at scala.collection.immutable.List.foreach(List.scala:333)
	at scala.meta.internal.metals.Cancelable$.cancelAll(Cancelable.scala:28)
	at scala.meta.internal.metals.MutableCancelable.cancel(MutableCancelable.scala:25)
	at scala.meta.internal.metals.BuildServerConnection.cancel(BuildServerConnection.scala:285)
	at scala.meta.internal.bsp.BspSession.$anonfun$cancel$1(BspSession.scala:34)
	at scala.meta.internal.bsp.BspSession.$anonfun$cancel$1$adapted(BspSession.scala:34)
	at scala.collection.immutable.List.foreach(List.scala:333)
	at scala.meta.internal.bsp.BspSession.cancel(BspSession.scala:34)
	at scala.meta.internal.metals.Cancelable$.$anonfun$cancelAll$1(Cancelable.scala:29)
	at scala.collection.immutable.List.foreach(List.scala:333)
	at scala.meta.internal.metals.Cancelable$.cancelAll(Cancelable.scala:28)
	at scala.meta.internal.metals.MutableCancelable.cancel(MutableCancelable.scala:25)
	at scala.meta.internal.metals.MetalsLspService.cancel(MetalsLspService.scala:150)
	at scala.meta.internal.metals.MetalsLspService.shutdown(MetalsLspService.scala:1067)
	at scala.meta.metals.MetalsLanguageServer.shutdown(MetalsLanguageServer.scala:224)
	at java.base/jdk.internal.reflect.NativeMethodAccessorImpl.invoke0(Native Method)
	at java.base/jdk.internal.reflect.NativeMethodAccessorImpl.invoke(NativeMethodAccessorImpl.java:62)
	at java.base/jdk.internal.reflect.DelegatingMethodAccessorImpl.invoke(DelegatingMethodAccessorImpl.java:43)
	at java.base/java.lang.reflect.Method.invoke(Method.java:566)
	at org.eclipse.lsp4j.jsonrpc.services.GenericEndpoint.lambda$null$0(GenericEndpoint.java:65)
	at org.eclipse.lsp4j.jsonrpc.services.GenericEndpoint.request(GenericEndpoint.java:120)
	at org.eclipse.lsp4j.jsonrpc.RemoteEndpoint.handleRequest(RemoteEndpoint.java:261)
	at org.eclipse.lsp4j.jsonrpc.RemoteEndpoint.consume(RemoteEndpoint.java:190)
	at org.eclipse.lsp4j.jsonrpc.json.StreamMessageProducer.handleMessage(StreamMessageProducer.java:194)
	at org.eclipse.lsp4j.jsonrpc.json.StreamMessageProducer.listen(StreamMessageProducer.java:94)
	at org.eclipse.lsp4j.jsonrpc.json.ConcurrentMessageProcessor.run(ConcurrentMessageProcessor.java:113)
	at java.base/java.util.concurrent.Executors$RunnableAdapter.call(Executors.java:515)
	at java.base/java.util.concurrent.FutureTask.run(FutureTask.java:264)
	at java.base/java.util.concurrent.ThreadPoolExecutor.runWorker(ThreadPoolExecutor.java:1128)
	at java.base/java.util.concurrent.ThreadPoolExecutor$Worker.run(ThreadPoolExecutor.java:628)
	at java.base/java.lang.Thread.run(Thread.java:829)
Caused by: java.nio.channels.ClosedChannelException
	at java.base/sun.nio.ch.SocketChannelImpl.ensureOpenAndConnected(SocketChannelImpl.java:180)
	at java.base/sun.nio.ch.SocketChannelImpl.write(SocketChannelImpl.java:452)
	at java.base/sun.nio.ch.SinkChannelImpl.write(SinkChannelImpl.java:114)
	at java.base/java.nio.channels.Channels.writeFullyImpl(Channels.java:74)
	at java.base/java.nio.channels.Channels.writeFully(Channels.java:94)
	at java.base/java.nio.channels.Channels$1.write(Channels.java:172)
	at java.base/java.io.OutputStream.write(OutputStream.java:122)
	at java.base/java.nio.channels.Channels$1.write(Channels.java:152)
	at scala.meta.internal.metals.ClosableOutputStream.write(ClosableOutputStream.scala:26)
	at java.base/java.io.FilterOutputStream.write(FilterOutputStream.java:137)
	at java.base/java.io.FilterOutputStream.write(FilterOutputStream.java:108)
	at org.eclipse.lsp4j.jsonrpc.json.StreamMessageConsumer.consume(StreamMessageConsumer.java:67)
	... 40 more

2023.05.14 07:52:12 INFO  Cancelling compilation on Bloop server
May 14, 2023 7:52:12 AM org.eclipse.lsp4j.jsonrpc.RemoteEndpoint notify
INFO: Failed to send notification message.
org.eclipse.lsp4j.jsonrpc.JsonRpcException: java.nio.channels.ClosedChannelException
	at org.eclipse.lsp4j.jsonrpc.json.StreamMessageConsumer.consume(StreamMessageConsumer.java:72)
	at org.eclipse.lsp4j.jsonrpc.RemoteEndpoint.notify(RemoteEndpoint.java:126)
	at org.eclipse.lsp4j.jsonrpc.RemoteEndpoint.sendCancelNotification(RemoteEndpoint.java:180)
	at org.eclipse.lsp4j.jsonrpc.RemoteEndpoint$1.cancel(RemoteEndpoint.java:150)
	at scala.meta.internal.metals.BuildServerConnection.$anonfun$register$2(BuildServerConnection.scala:348)
	at scala.runtime.java8.JFunction0$mcZ$sp.apply(JFunction0$mcZ$sp.scala:17)
	at scala.util.Try$.apply(Try.scala:210)
	at scala.meta.internal.metals.BuildServerConnection.$anonfun$register$1(BuildServerConnection.scala:348)
	at scala.meta.internal.metals.Cancelable$$anon$1.cancel(Cancelable.scala:18)
	at scala.meta.internal.metals.Cancelable$.$anonfun$cancelAll$1(Cancelable.scala:29)
	at scala.collection.immutable.List.foreach(List.scala:333)
	at scala.meta.internal.metals.Cancelable$.cancelAll(Cancelable.scala:28)
	at scala.meta.internal.metals.MutableCancelable.cancel(MutableCancelable.scala:25)
	at scala.meta.internal.metals.BuildServerConnection.cancel(BuildServerConnection.scala:285)
	at scala.meta.internal.bsp.BspSession.$anonfun$cancel$1(BspSession.scala:34)
	at scala.meta.internal.bsp.BspSession.$anonfun$cancel$1$adapted(BspSession.scala:34)
	at scala.collection.immutable.List.foreach(List.scala:333)
	at scala.meta.internal.bsp.BspSession.cancel(BspSession.scala:34)
	at scala.meta.internal.metals.Cancelable$.$anonfun$cancelAll$1(Cancelable.scala:29)
	at scala.collection.immutable.List.foreach(List.scala:333)
	at scala.meta.internal.metals.Cancelable$.cancelAll(Cancelable.scala:28)
	at scala.meta.internal.metals.MutableCancelable.cancel(MutableCancelable.scala:25)
	at scala.meta.internal.metals.MetalsLspService.cancel(MetalsLspService.scala:150)
	at scala.meta.internal.metals.MetalsLspService.shutdown(MetalsLspService.scala:1067)
	at scala.meta.metals.MetalsLanguageServer.shutdown(MetalsLanguageServer.scala:224)
	at java.base/jdk.internal.reflect.NativeMethodAccessorImpl.invoke0(Native Method)
	at java.base/jdk.internal.reflect.NativeMethodAccessorImpl.invoke(NativeMethodAccessorImpl.java:62)
	at java.base/jdk.internal.reflect.DelegatingMethodAccessorImpl.invoke(DelegatingMethodAccessorImpl.java:43)
	at java.base/java.lang.reflect.Method.invoke(Method.java:566)
	at org.eclipse.lsp4j.jsonrpc.services.GenericEndpoint.lambda$null$0(GenericEndpoint.java:65)
	at org.eclipse.lsp4j.jsonrpc.services.GenericEndpoint.request(GenericEndpoint.java:120)
	at org.eclipse.lsp4j.jsonrpc.RemoteEndpoint.handleRequest(RemoteEndpoint.java:261)
	at org.eclipse.lsp4j.jsonrpc.RemoteEndpoint.consume(RemoteEndpoint.java:190)
	at org.eclipse.lsp4j.jsonrpc.json.StreamMessageProducer.handleMessage(StreamMessageProducer.java:194)
	at org.eclipse.lsp4j.jsonrpc.json.StreamMessageProducer.listen(StreamMessageProducer.java:94)
	at org.eclipse.lsp4j.jsonrpc.json.ConcurrentMessageProcessor.run(ConcurrentMessageProcessor.java:113)
	at java.base/java.util.concurrent.Executors$RunnableAdapter.call(Executors.java:515)
	at java.base/java.util.concurrent.FutureTask.run(FutureTask.java:264)
	at java.base/java.util.concurrent.ThreadPoolExecutor.runWorker(ThreadPoolExecutor.java:1128)
	at java.base/java.util.concurrent.ThreadPoolExecutor$Worker.run(ThreadPoolExecutor.java:628)
	at java.base/java.lang.Thread.run(Thread.java:829)
Caused by: java.nio.channels.ClosedChannelException
	at java.base/sun.nio.ch.SocketChannelImpl.ensureOpenAndConnected(SocketChannelImpl.java:180)
	at java.base/sun.nio.ch.SocketChannelImpl.write(SocketChannelImpl.java:452)
	at java.base/sun.nio.ch.SinkChannelImpl.write(SinkChannelImpl.java:114)
	at java.base/java.nio.channels.Channels.writeFullyImpl(Channels.java:74)
	at java.base/java.nio.channels.Channels.writeFully(Channels.java:94)
	at java.base/java.nio.channels.Channels$1.write(Channels.java:172)
	at java.base/java.io.OutputStream.write(OutputStream.java:122)
	at java.base/java.nio.channels.Channels$1.write(Channels.java:152)
	at scala.meta.internal.metals.ClosableOutputStream.write(ClosableOutputStream.scala:26)
	at java.base/java.io.FilterOutputStream.write(FilterOutputStream.java:137)
	at java.base/java.io.FilterOutputStream.write(FilterOutputStream.java:108)
	at org.eclipse.lsp4j.jsonrpc.json.StreamMessageConsumer.consume(StreamMessageConsumer.java:67)
	... 40 more

2023.05.14 07:52:12 INFO  Cancelling compilation on Bloop server
May 14, 2023 7:52:12 AM org.eclipse.lsp4j.jsonrpc.RemoteEndpoint notify
INFO: Failed to send notification message.
org.eclipse.lsp4j.jsonrpc.JsonRpcException: java.nio.channels.ClosedChannelException
	at org.eclipse.lsp4j.jsonrpc.json.StreamMessageConsumer.consume(StreamMessageConsumer.java:72)
	at org.eclipse.lsp4j.jsonrpc.RemoteEndpoint.notify(RemoteEndpoint.java:126)
	at org.eclipse.lsp4j.jsonrpc.RemoteEndpoint.sendCancelNotification(RemoteEndpoint.java:180)
	at org.eclipse.lsp4j.jsonrpc.RemoteEndpoint$1.cancel(RemoteEndpoint.java:150)
	at scala.meta.internal.metals.BuildServerConnection.$anonfun$register$2(BuildServerConnection.scala:348)
	at scala.runtime.java8.JFunction0$mcZ$sp.apply(JFunction0$mcZ$sp.scala:17)
	at scala.util.Try$.apply(Try.scala:210)
	at scala.meta.internal.metals.BuildServerConnection.$anonfun$register$1(BuildServerConnection.scala:348)
	at scala.meta.internal.metals.Cancelable$$anon$1.cancel(Cancelable.scala:18)
	at scala.meta.internal.metals.Cancelable$.$anonfun$cancelAll$1(Cancelable.scala:29)
	at scala.collection.immutable.List.foreach(List.scala:333)
	at scala.meta.internal.metals.Cancelable$.cancelAll(Cancelable.scala:28)
	at scala.meta.internal.metals.MutableCancelable.cancel(MutableCancelable.scala:25)
	at scala.meta.internal.metals.BuildServerConnection.cancel(BuildServerConnection.scala:284)
	at scala.meta.internal.bsp.BspSession.$anonfun$cancel$1(BspSession.scala:34)
	at scala.meta.internal.bsp.BspSession.$anonfun$cancel$1$adapted(BspSession.scala:34)
	at scala.collection.immutable.List.foreach(List.scala:333)
	at scala.meta.internal.bsp.BspSession.cancel(BspSession.scala:34)
	at scala.meta.internal.metals.Cancelable$.$anonfun$cancelAll$1(Cancelable.scala:29)
	at scala.collection.immutable.List.foreach(List.scala:333)
	at scala.meta.internal.metals.Cancelable$.cancelAll(Cancelable.scala:28)
	at scala.meta.internal.metals.MutableCancelable.cancel(MutableCancelable.scala:25)
	at scala.meta.internal.metals.MetalsLspService.cancel(MetalsLspService.scala:150)
	at scala.meta.internal.metals.MetalsLspService.shutdown(MetalsLspService.scala:1067)
	at scala.meta.metals.MetalsLanguageServer.shutdown(MetalsLanguageServer.scala:224)
	at java.base/jdk.internal.reflect.NativeMethodAccessorImpl.invoke0(Native Method)
	at java.base/jdk.internal.reflect.NativeMethodAccessorImpl.invoke(NativeMethodAccessorImpl.java:62)
	at java.base/jdk.internal.reflect.DelegatingMethodAccessorImpl.invoke(DelegatingMethodAccessorImpl.java:43)
	at java.base/java.lang.reflect.Method.invoke(Method.java:566)
	at org.eclipse.lsp4j.jsonrpc.services.GenericEndpoint.lambda$null$0(GenericEndpoint.java:65)
	at org.eclipse.lsp4j.jsonrpc.services.GenericEndpoint.request(GenericEndpoint.java:120)
	at org.eclipse.lsp4j.jsonrpc.RemoteEndpoint.handleRequest(RemoteEndpoint.java:261)
	at org.eclipse.lsp4j.jsonrpc.RemoteEndpoint.consume(RemoteEndpoint.java:190)
	at org.eclipse.lsp4j.jsonrpc.json.StreamMessageProducer.handleMessage(StreamMessageProducer.java:194)
	at org.eclipse.lsp4j.jsonrpc.json.StreamMessageProducer.listen(StreamMessageProducer.java:94)
	at org.eclipse.lsp4j.jsonrpc.json.ConcurrentMessageProcessor.run(ConcurrentMessageProcessor.java:113)
	at java.base/java.util.concurrent.Executors$RunnableAdapter.call(Executors.java:515)
	at java.base/java.util.concurrent.FutureTask.run(FutureTask.java:264)
	at java.base/java.util.concurrent.ThreadPoolExecutor.runWorker(ThreadPoolExecutor.java:1128)
	at java.base/java.util.concurrent.ThreadPoolExecutor$Worker.run(ThreadPoolExecutor.java:628)
	at java.base/java.lang.Thread.run(Thread.java:829)
Caused by: java.nio.channels.ClosedChannelException
	at java.base/sun.nio.ch.SocketChannelImpl.ensureOpenAndConnected(SocketChannelImpl.java:180)
	at java.base/sun.nio.ch.SocketChannelImpl.write(SocketChannelImpl.java:452)
	at java.base/sun.nio.ch.SinkChannelImpl.write(SinkChannelImpl.java:114)
	at java.base/java.nio.channels.Channels.writeFullyImpl(Channels.java:74)
	at java.base/java.nio.channels.Channels.writeFully(Channels.java:94)
	at java.base/java.nio.channels.Channels$1.write(Channels.java:172)
	at java.base/java.io.OutputStream.write(OutputStream.java:122)
	at java.base/java.nio.channels.Channels$1.write(Channels.java:152)
	at scala.meta.internal.metals.ClosableOutputStream.write(ClosableOutputStream.scala:26)
	at java.base/java.io.FilterOutputStream.write(FilterOutputStream.java:137)
	at java.base/java.io.FilterOutputStream.write(FilterOutputStream.java:108)
	at org.eclipse.lsp4j.jsonrpc.json.StreamMessageConsumer.consume(StreamMessageConsumer.java:67)
	... 40 more

2023.05.14 07:52:12 INFO  Failed to run request with params WorkspaceBuildTargetsResult
May 14, 2023 7:52:12 AM org.eclipse.lsp4j.jsonrpc.RemoteEndpoint notify
INFO: Failed to send notification message.
org.eclipse.lsp4j.jsonrpc.JsonRpcException: java.nio.channels.ClosedChannelException
	at org.eclipse.lsp4j.jsonrpc.json.StreamMessageConsumer.consume(StreamMessageConsumer.java:72)
	at org.eclipse.lsp4j.jsonrpc.RemoteEndpoint.notify(RemoteEndpoint.java:126)
	at org.eclipse.lsp4j.jsonrpc.RemoteEndpoint.sendCancelNotification(RemoteEndpoint.java:180)
	at org.eclipse.lsp4j.jsonrpc.RemoteEndpoint$1.cancel(RemoteEndpoint.java:150)
	at scala.meta.internal.metals.BuildServerConnection.$anonfun$register$2(BuildServerConnection.scala:348)
	at scala.runtime.java8.JFunction0$mcZ$sp.apply(JFunction0$mcZ$sp.scala:17)
	at scala.util.Try$.apply(Try.scala:210)
	at scala.meta.internal.metals.BuildServerConnection.$anonfun$register$1(BuildServerConnection.scala:348)
	at scala.meta.internal.metals.Cancelable$$anon$1.cancel(Cancelable.scala:18)
	at scala.meta.internal.metals.Cancelable$.$anonfun$cancelAll$1(Cancelable.scala:29)
	at scala.collection.immutable.List.foreach(List.scala:333)
	at scala.meta.internal.metals.Cancelable$.cancelAll(Cancelable.scala:28)
	at scala.meta.internal.metals.MutableCancelable.cancel(MutableCancelable.scala:25)
	at scala.meta.internal.metals.BuildServerConnection.cancel(BuildServerConnection.scala:284)
	at scala.meta.internal.bsp.BspSession.$anonfun$cancel$1(BspSession.scala:34)
	at scala.meta.internal.bsp.BspSession.$anonfun$cancel$1$adapted(BspSession.scala:34)
	at scala.collection.immutable.List.foreach(List.scala:333)
	at scala.meta.internal.bsp.BspSession.cancel(BspSession.scala:34)
	at scala.meta.internal.metals.Cancelable$.$anonfun$cancelAll$1(Cancelable.scala:29)
	at scala.collection.immutable.List.foreach(List.scala:333)
	at scala.meta.internal.metals.Cancelable$.cancelAll(Cancelable.scala:28)
	at scala.meta.internal.metals.MutableCancelable.cancel(MutableCancelable.scala:25)
	at scala.meta.internal.metals.MetalsLspService.cancel(MetalsLspService.scala:150)
	at scala.meta.internal.metals.MetalsLspService.shutdown(MetalsLspService.scala:1067)
	at scala.meta.metals.MetalsLanguageServer.shutdown(MetalsLanguageServer.scala:224)
	at java.base/jdk.internal.reflect.NativeMethodAccessorImpl.invoke0(Native Method)
	at java.base/jdk.internal.reflect.NativeMethodAccessorImpl.invoke(NativeMethodAccessorImpl.java:62)
	at java.base/jdk.internal.reflect.DelegatingMethodAccessorImpl.invoke(DelegatingMethodAccessorImpl.java:43)
	at java.base/java.lang.reflect.Method.invoke(Method.java:566)
	at org.eclipse.lsp4j.jsonrpc.services.GenericEndpoint.lambda$null$0(GenericEndpoint.java:65)
	at org.eclipse.lsp4j.jsonrpc.services.GenericEndpoint.request(GenericEndpoint.java:120)
	at org.eclipse.lsp4j.jsonrpc.RemoteEndpoint.handleRequest(RemoteEndpoint.java:261)
	at org.eclipse.lsp4j.jsonrpc.RemoteEndpoint.consume(RemoteEndpoint.java:190)
	at org.eclipse.lsp4j.jsonrpc.json.StreamMessageProducer.handleMessage(StreamMessageProducer.java:194)
	at org.eclipse.lsp4j.jsonrpc.json.StreamMessageProducer.listen(StreamMessageProducer.java:94)
	at org.eclipse.lsp4j.jsonrpc.json.ConcurrentMessageProcessor.run(ConcurrentMessageProcessor.java:113)
	at java.base/java.util.concurrent.Executors$RunnableAdapter.call(Executors.java:515)
	at java.base/java.util.concurrent.FutureTask.run(FutureTask.java:264)
	at java.base/java.util.concurrent.ThreadPoolExecutor.runWorker(ThreadPoolExecutor.java:1128)
	at java.base/java.util.concurrent.ThreadPoolExecutor$Worker.run(ThreadPoolExecutor.java:628)
	at java.base/java.lang.Thread.run(Thread.java:829)
Caused by: java.nio.channels.ClosedChannelException
	at java.base/sun.nio.ch.SocketChannelImpl.ensureOpenAndConnected(SocketChannelImpl.java:180)
	at java.base/sun.nio.ch.SocketChannelImpl.write(SocketChannelImpl.java:452)
	at java.base/sun.nio.ch.SinkChannelImpl.write(SinkChannelImpl.java:114)
	at java.base/java.nio.channels.Channels.writeFullyImpl(Channels.java:74)
	at java.base/java.nio.channels.Channels.writeFully(Channels.java:94)
	at java.base/java.nio.channels.Channels$1.write(Channels.java:172)
	at java.base/java.io.OutputStream.write(OutputStream.java:122)
	at java.base/java.nio.channels.Channels$1.write(Channels.java:152)
	at scala.meta.internal.metals.ClosableOutputStream.write(ClosableOutputStream.scala:26)
	at java.base/java.io.FilterOutputStream.write(FilterOutputStream.java:137)
	at java.base/java.io.FilterOutputStream.write(FilterOutputStream.java:108)
	at org.eclipse.lsp4j.jsonrpc.json.StreamMessageConsumer.consume(StreamMessageConsumer.java:67)
	... 40 more

2023.05.14 07:52:12 INFO  Failed to run request with params WorkspaceBuildTargetsResult
2023.05.14 07:52:12 INFO  Exiting server
