2023.06.06 21:45:45 INFO  Started: Metals version 0.11.12 in workspace 'D:\Github\Effective-Programming-in-Scala\Week_1\fireworks' for client Visual Studio Code 1.78.2.
Jun 06, 2023 9:45:45 PM org.flywaydb.core.internal.license.VersionPrinter printVersionOnly
INFO: Flyway Community Edition 9.16.3 by Redgate
Jun 06, 2023 9:45:45 PM org.flywaydb.core.internal.license.VersionPrinter printVersion
INFO: See release notes here: https://rd.gt/416ObMi
Jun 06, 2023 9:45:45 PM org.flywaydb.core.internal.license.VersionPrinter printVersion
INFO: 
Jun 06, 2023 9:45:45 PM org.flywaydb.core.internal.database.base.BaseDatabaseType createDatabase
INFO: Database: jdbc:h2:file:D:\Github\Effective-Programming-in-Scala\Week_1\fireworks\.metals\metals (H2 2.1)
Jun 06, 2023 9:45:45 PM org.flywaydb.core.internal.schemahistory.JdbcTableSchemaHistory allAppliedMigrations
INFO: Schema history table "PUBLIC"."flyway_schema_history" does not exist yet
Jun 06, 2023 9:45:45 PM org.flywaydb.core.internal.command.DbValidate validate
INFO: Successfully validated 4 migrations (execution time 00:00.018s)
Jun 06, 2023 9:45:45 PM org.flywaydb.core.internal.schemahistory.JdbcTableSchemaHistory create
INFO: Creating Schema History table "PUBLIC"."flyway_schema_history" ...
Jun 06, 2023 9:45:45 PM org.flywaydb.core.internal.command.DbMigrate migrateGroup
INFO: Current version of schema "PUBLIC": << Empty Schema >>
Jun 06, 2023 9:45:45 PM org.flywaydb.core.internal.command.DbMigrate doMigrateGroup
INFO: Migrating schema "PUBLIC" to version "1 - Create tables"
Jun 06, 2023 9:45:45 PM org.flywaydb.core.internal.command.DbMigrate doMigrateGroup
INFO: Migrating schema "PUBLIC" to version "2 - Server discovery"
Jun 06, 2023 9:45:45 PM org.flywaydb.core.internal.command.DbMigrate doMigrateGroup
INFO: Migrating schema "PUBLIC" to version "3 - Jar symbols"
Jun 06, 2023 9:45:45 PM org.flywaydb.core.internal.command.DbMigrate doMigrateGroup
INFO: Migrating schema "PUBLIC" to version "4 - Fingerprints"
Jun 06, 2023 9:45:45 PM org.flywaydb.core.internal.command.DbMigrate logSummary
INFO: Successfully applied 4 migrations to schema "PUBLIC", now at version v4 (execution time 00:00.045s)
2023.06.06 21:45:46 INFO  time: initialize in 0.74s
2023.06.06 21:45:47 WARN  Build server is not auto-connectable.
Jun 06, 2023 9:45:47 PM org.eclipse.lsp4j.jsonrpc.RemoteEndpoint handleCancellation
WARNING: Unmatched cancel notification for request id 1
2023.06.06 21:45:47 WARN  no build target for: D:\Github\Effective-Programming-in-Scala\Week_1\fireworks\build.sbt
2023.06.06 21:45:50 INFO  no build target found for D:\Github\Effective-Programming-in-Scala\Week_1\fireworks\build.sbt. Using presentation compiler with project's scala-library version: 3.2.2
Jun 06, 2023 9:45:50 PM org.eclipse.lsp4j.jsonrpc.RemoteEndpoint handleCancellation
WARNING: Unmatched cancel notification for request id 9
Jun 06, 2023 9:45:50 PM org.eclipse.lsp4j.jsonrpc.RemoteEndpoint handleCancellation
WARNING: Unmatched cancel notification for request id 15
Jun 06, 2023 9:45:50 PM org.eclipse.lsp4j.jsonrpc.RemoteEndpoint handleCancellation
WARNING: Unmatched cancel notification for request id 14
Jun 06, 2023 9:45:50 PM org.eclipse.lsp4j.jsonrpc.RemoteEndpoint handleCancellation
WARNING: Unmatched cancel notification for request id 18
2023.06.06 21:45:50 WARN  no build target for: D:\Github\Effective-Programming-in-Scala\Week_1\fireworks\build.sbt
2023.06.06 21:45:51 INFO  time: code lens generation in 4.39s
2023.06.06 21:45:51 INFO  time: code lens generation in 1.03s
2023.06.06 21:45:51 INFO  time: code lens generation in 1.08s
2023.06.06 21:45:53 INFO  running 'C:\Users\Sanjay\AppData\Local\Coursier\cache\arc\https\github.com\AdoptOpenJDK\openjdk8-binaries\releases\download\jdk8u292-b10\OpenJDK8U-jdk_x64_windows_hotspot_8u292b10.zip\jdk8u292-b10\bin\java -Djline.terminal=jline.UnsupportedTerminal -Dsbt.log.noformat=true -Dfile.encoding=UTF-8 -jar C:\Users\Sanjay\AppData\Local\Temp\metals6107662711731397446\sbt-launch.jar -Dbloop.export-jar-classifiers=sources bloopInstall'
2023.06.06 21:45:55 INFO  [info] welcome to sbt 1.6.1 (AdoptOpenJDK Java 1.8.0_292)
2023.06.06 21:45:57 WARN  no build target for: D:\Github\Effective-Programming-in-Scala\Week_1\fireworks\assignment.sbt
2023.06.06 21:45:58 INFO  [info] loading settings for project fireworks-build-build-build from metals.sbt ...
2023.06.06 21:45:58 INFO  [info] loading project definition from D:\Github\Effective-Programming-in-Scala\Week_1\fireworks\project\project\project
2023.06.06 21:46:01 INFO  [info] loading settings for project fireworks-build-build from metals.sbt ...
2023.06.06 21:46:01 INFO  [info] loading project definition from D:\Github\Effective-Programming-in-Scala\Week_1\fireworks\project\project
2023.06.06 21:46:03 WARN  no build target for: D:\Github\Effective-Programming-in-Scala\Week_1\fireworks\src\main\scala\fireworks\Fireworks.scala
2023.06.06 21:46:04 INFO  [success] Generated .bloop\fireworks-build-build.json
2023.06.06 21:46:04 INFO  [success] Total time: 3 s, completed 6 Jun, 2023 9:46:05 PM
2023.06.06 21:46:05 INFO  time: code lens generation in 1.36s
2023.06.06 21:46:05 WARN  no build target for: D:\Github\Effective-Programming-in-Scala\Week_1\fireworks\src\main\scala\fireworks\FireworksRunner.scala
2023.06.06 21:46:07 INFO  [info] loading settings for project fireworks-build from buildSettings.sbt,metals.sbt,plugins.sbt ...
2023.06.06 21:46:07 INFO  [info] loading project definition from D:\Github\Effective-Programming-in-Scala\Week_1\fireworks\project
2023.06.06 21:46:09 INFO  [success] Generated .bloop\fireworks-build.json
2023.06.06 21:46:09 INFO  [info] compiling 3 Scala sources to D:\Github\Effective-Programming-in-Scala\Week_1\fireworks\project\target\scala-2.12\sbt-1.0\classes ...
2023.06.06 21:46:13 WARN  no build target for: D:\Github\Effective-Programming-in-Scala\Week_1\fireworks\src\main\scala\fireworks\Fireworks.scala
2023.06.06 21:46:16 INFO  [info] done compiling
2023.06.06 21:46:16 INFO  [success] Total time: 10 s, completed 6 Jun, 2023 9:46:16 PM
2023.06.06 21:46:18 INFO  [info] loading settings for project fireworks from assignment.sbt,build.sbt ...
2023.06.06 21:46:18 INFO  [info] set current project to effective-scala-fireworks (in build file:/D:/Github/Effective-Programming-in-Scala/Week_1/fireworks/)
2023.06.06 21:46:47 INFO  [success] Generated .bloop\fireworks.json
2023.06.06 21:46:47 INFO  [success] Generated .bloop\fireworks-test.json
2023.06.06 21:46:47 INFO  [success] Total time: 28 s, completed 6 Jun, 2023 9:46:47 PM
2023.06.06 21:46:47 INFO  time: ran 'sbt bloopInstall' in 53s
2023.06.06 21:46:47 INFO  Attempting to connect to the build server...
2023.06.06 21:46:47 INFO  Bloop uses C:\Users\Sanjay\AppData\Local\Coursier\cache\arc\https\github.com\AdoptOpenJDK\openjdk8-binaries\releases\download\jdk8u292-b10\OpenJDK8U-jdk_x64_windows_hotspot_8u292b10.zip\jdk8u292-b10 defined at C:\Users\Sanjay\.bloop\bloop.json
2023.06.06 21:46:47 INFO  tracing is disabled for protocol BSP, to enable tracing of incoming and outgoing JSON messages create an empty file at D:\Github\Effective-Programming-in-Scala\Week_1\fireworks\.metals\bsp.trace.json or C:\Users\Sanjay\AppData\Local\scalameta\metals\cache\bsp.trace.json
2023.06.06 21:46:47 INFO  Attempting to connect to the build server...
2023.06.06 21:46:47 INFO  Bloop uses C:\Users\Sanjay\AppData\Local\Coursier\cache\arc\https\github.com\AdoptOpenJDK\openjdk8-binaries\releases\download\jdk8u292-b10\OpenJDK8U-jdk_x64_windows_hotspot_8u292b10.zip\jdk8u292-b10 defined at C:\Users\Sanjay\.bloop\bloop.json
2023.06.06 21:46:47 INFO  Attempting to connect to the build server...
2023.06.06 21:46:47 INFO  Bloop uses C:\Users\Sanjay\AppData\Local\Coursier\cache\arc\https\github.com\AdoptOpenJDK\openjdk8-binaries\releases\download\jdk8u292-b10\OpenJDK8U-jdk_x64_windows_hotspot_8u292b10.zip\jdk8u292-b10 defined at C:\Users\Sanjay\.bloop\bloop.json
2023.06.06 21:46:47 INFO  tracing is disabled for protocol BSP, to enable tracing of incoming and outgoing JSON messages create an empty file at D:\Github\Effective-Programming-in-Scala\Week_1\fireworks\project\.metals\bsp.trace.json or C:\Users\Sanjay\AppData\Local\scalameta\metals\cache\bsp.trace.json
2023.06.06 21:46:47 INFO  tracing is disabled for protocol BSP, to enable tracing of incoming and outgoing JSON messages create an empty file at D:\Github\Effective-Programming-in-Scala\Week_1\fireworks\project\project\.metals\bsp.trace.json or C:\Users\Sanjay\AppData\Local\scalameta\metals\cache\bsp.trace.json
2023.06.06 21:46:47 INFO  time: Connected to build server in 0.31s
2023.06.06 21:46:47 INFO  Connected to Build server: Bloop v1.5.6
2023.06.06 21:46:47 INFO  time: Imported build in 0.11s
2023.06.06 21:46:52 INFO  time: indexed workspace in 4.91s
2023.06.06 21:46:52 INFO  compiling fireworks (2 scala sources)
2023.06.06 21:46:53 INFO  compiling fireworks-build (3 scala sources)
2023.06.06 21:46:55 INFO  compiling fireworks-test (2 scala sources)
2023.06.06 21:46:55 INFO  time: compiled fireworks in 3.1s
2023.06.06 21:46:58 INFO  time: compiled fireworks-test in 3.24s
2023.06.06 21:47:04 INFO  time: compiled fireworks-build in 10s
2023.06.07 08:49:02 INFO  Shutting down server
2023.06.07 08:49:02 INFO  shutting down Metals
2023.06.07 08:49:02 ERROR build shutdown: bloop
java.util.concurrent.ExecutionException: org.eclipse.lsp4j.jsonrpc.JsonRpcException: java.io.IOException: An established connection was aborted by the software in your host machine
	at java.util.concurrent.CompletableFuture.reportGet(CompletableFuture.java:357)
	at java.util.concurrent.CompletableFuture.get(CompletableFuture.java:1928)
	at scala.meta.internal.metals.BuildServerConnection.$anonfun$shutdown$1(BuildServerConnection.scala:117)
	at scala.meta.internal.metals.BuildServerConnection.$anonfun$shutdown$1$adapted(BuildServerConnection.scala:114)
	at scala.concurrent.impl.Promise$Transformation.run(Promise.scala:467)
	at java.util.concurrent.ThreadPoolExecutor.runWorker(ThreadPoolExecutor.java:1149)
	at java.util.concurrent.ThreadPoolExecutor$Worker.run(ThreadPoolExecutor.java:624)
	at java.lang.Thread.run(Thread.java:748)
Caused by: org.eclipse.lsp4j.jsonrpc.JsonRpcException: java.io.IOException: An established connection was aborted by the software in your host machine
	at org.eclipse.lsp4j.jsonrpc.json.StreamMessageConsumer.consume(StreamMessageConsumer.java:72)
	at org.eclipse.lsp4j.jsonrpc.RemoteEndpoint.request(RemoteEndpoint.java:161)
	at org.eclipse.lsp4j.jsonrpc.services.EndpointProxy.invoke(EndpointProxy.java:91)
	at com.sun.proxy.$Proxy9.buildShutdown(null)
	at scala.meta.internal.metals.BuildServerConnection.$anonfun$shutdown$1(BuildServerConnection.scala:117)
	at scala.meta.internal.metals.BuildServerConnection.$anonfun$shutdown$1$adapted(BuildServerConnection.scala:114)
	at scala.concurrent.impl.Promise$Transformation.run(Promise.scala:467)
	at java.util.concurrent.ThreadPoolExecutor.runWorker(ThreadPoolExecutor.java:1149)
	at java.util.concurrent.ThreadPoolExecutor$Worker.run(ThreadPoolExecutor.java:624)
	at java.lang.Thread.run(Thread.java:748)
Caused by: java.io.IOException: An established connection was aborted by the software in your host machine
	at sun.nio.ch.SocketDispatcher.write0(Native Method)
	at sun.nio.ch.SocketDispatcher.write(SocketDispatcher.java:51)
	at sun.nio.ch.IOUtil.writeFromNativeBuffer(IOUtil.java:93)
	at sun.nio.ch.IOUtil.write(IOUtil.java:65)
	at sun.nio.ch.SocketChannelImpl.write(SocketChannelImpl.java:470)
	at sun.nio.ch.SinkChannelImpl.write(SinkChannelImpl.java:114)
	at java.nio.channels.Channels.writeFullyImpl(Channels.java:78)
	at java.nio.channels.Channels.writeFully(Channels.java:98)
	at java.nio.channels.Channels.access$000(Channels.java:61)
	at java.nio.channels.Channels$1.write(Channels.java:174)
	at java.io.OutputStream.write(OutputStream.java:75)
	at java.nio.channels.Channels$1.write(Channels.java:155)
	at scala.meta.internal.metals.ClosableOutputStream.write(ClosableOutputStream.scala:26)
	at java.io.FilterOutputStream.write(FilterOutputStream.java:125)
	at java.io.FilterOutputStream.write(FilterOutputStream.java:97)
	at org.eclipse.lsp4j.jsonrpc.json.StreamMessageConsumer.consume(StreamMessageConsumer.java:68)
	at org.eclipse.lsp4j.jsonrpc.RemoteEndpoint.request(RemoteEndpoint.java:161)
	at org.eclipse.lsp4j.jsonrpc.services.EndpointProxy.invoke(EndpointProxy.java:91)
	at com.sun.proxy.$Proxy9.buildShutdown(null)
	at scala.meta.internal.metals.BuildServerConnection.$anonfun$shutdown$1(BuildServerConnection.scala:117)
	at scala.meta.internal.metals.BuildServerConnection.$anonfun$shutdown$1$adapted(BuildServerConnection.scala:114)
	at scala.concurrent.impl.Promise$Transformation.run(Promise.scala:467)
	at java.util.concurrent.ThreadPoolExecutor.runWorker(ThreadPoolExecutor.java:1149)
	at java.util.concurrent.ThreadPoolExecutor$Worker.run(ThreadPoolExecutor.java:624)
	at java.lang.Thread.run(Thread.java:748)

2023.06.07 08:49:02 ERROR build shutdown: bloop
java.util.concurrent.ExecutionException: org.eclipse.lsp4j.jsonrpc.JsonRpcException: java.io.IOException: An established connection was aborted by the software in your host machine
	at java.util.concurrent.CompletableFuture.reportGet(CompletableFuture.java:357)
	at java.util.concurrent.CompletableFuture.get(CompletableFuture.java:1928)
	at scala.meta.internal.metals.BuildServerConnection.$anonfun$shutdown$1(BuildServerConnection.scala:117)
	at scala.meta.internal.metals.BuildServerConnection.$anonfun$shutdown$1$adapted(BuildServerConnection.scala:114)
	at scala.concurrent.impl.Promise$Transformation.run(Promise.scala:467)
	at java.util.concurrent.ThreadPoolExecutor.runWorker(ThreadPoolExecutor.java:1149)
	at java.util.concurrent.ThreadPoolExecutor$Worker.run(ThreadPoolExecutor.java:624)
	at java.lang.Thread.run(Thread.java:748)
Caused by: org.eclipse.lsp4j.jsonrpc.JsonRpcException: java.io.IOException: An established connection was aborted by the software in your host machine
	at org.eclipse.lsp4j.jsonrpc.json.StreamMessageConsumer.consume(StreamMessageConsumer.java:72)
	at org.eclipse.lsp4j.jsonrpc.RemoteEndpoint.request(RemoteEndpoint.java:161)
	at org.eclipse.lsp4j.jsonrpc.services.EndpointProxy.invoke(EndpointProxy.java:91)
	at com.sun.proxy.$Proxy9.buildShutdown(null)
	at scala.meta.internal.metals.BuildServerConnection.$anonfun$shutdown$1(BuildServerConnection.scala:117)
	at scala.meta.internal.metals.BuildServerConnection.$anonfun$shutdown$1$adapted(BuildServerConnection.scala:114)
	at scala.concurrent.impl.Promise$Transformation.run(Promise.scala:467)
	at java.util.concurrent.ThreadPoolExecutor.runWorker(ThreadPoolExecutor.java:1149)
	at java.util.concurrent.ThreadPoolExecutor$Worker.run(ThreadPoolExecutor.java:624)
	at java.lang.Thread.run(Thread.java:748)
Caused by: java.io.IOException: An established connection was aborted by the software in your host machine
	at sun.nio.ch.SocketDispatcher.write0(Native Method)
	at sun.nio.ch.SocketDispatcher.write(SocketDispatcher.java:51)
	at sun.nio.ch.IOUtil.writeFromNativeBuffer(IOUtil.java:93)
	at sun.nio.ch.IOUtil.write(IOUtil.java:65)
	at sun.nio.ch.SocketChannelImpl.write(SocketChannelImpl.java:470)
	at sun.nio.ch.SinkChannelImpl.write(SinkChannelImpl.java:114)
	at java.nio.channels.Channels.writeFullyImpl(Channels.java:78)
	at java.nio.channels.Channels.writeFully(Channels.java:98)
	at java.nio.channels.Channels.access$000(Channels.java:61)
	at java.nio.channels.Channels$1.write(Channels.java:174)
	at java.io.OutputStream.write(OutputStream.java:75)
	at java.nio.channels.Channels$1.write(Channels.java:155)
	at scala.meta.internal.metals.ClosableOutputStream.write(ClosableOutputStream.scala:26)
	at java.io.FilterOutputStream.write(FilterOutputStream.java:125)
	at java.io.FilterOutputStream.write(FilterOutputStream.java:97)
	at org.eclipse.lsp4j.jsonrpc.json.StreamMessageConsumer.consume(StreamMessageConsumer.java:68)
	at org.eclipse.lsp4j.jsonrpc.RemoteEndpoint.request(RemoteEndpoint.java:161)
	at org.eclipse.lsp4j.jsonrpc.services.EndpointProxy.invoke(EndpointProxy.java:91)
	at com.sun.proxy.$Proxy9.buildShutdown(null)
	at scala.meta.internal.metals.BuildServerConnection.$anonfun$shutdown$1(BuildServerConnection.scala:117)
	at scala.meta.internal.metals.BuildServerConnection.$anonfun$shutdown$1$adapted(BuildServerConnection.scala:114)
	at scala.concurrent.impl.Promise$Transformation.run(Promise.scala:467)
	at java.util.concurrent.ThreadPoolExecutor.runWorker(ThreadPoolExecutor.java:1149)
	at java.util.concurrent.ThreadPoolExecutor$Worker.run(ThreadPoolExecutor.java:624)
	at java.lang.Thread.run(Thread.java:748)

2023.06.07 08:49:02 ERROR build shutdown: bloop
java.util.concurrent.ExecutionException: org.eclipse.lsp4j.jsonrpc.JsonRpcException: java.io.IOException: An established connection was aborted by the software in your host machine
	at java.util.concurrent.CompletableFuture.reportGet(CompletableFuture.java:357)
	at java.util.concurrent.CompletableFuture.get(CompletableFuture.java:1928)
	at scala.meta.internal.metals.BuildServerConnection.$anonfun$shutdown$1(BuildServerConnection.scala:117)
	at scala.meta.internal.metals.BuildServerConnection.$anonfun$shutdown$1$adapted(BuildServerConnection.scala:114)
	at scala.concurrent.impl.Promise$Transformation.run(Promise.scala:467)
	at java.util.concurrent.ThreadPoolExecutor.runWorker(ThreadPoolExecutor.java:1149)
	at java.util.concurrent.ThreadPoolExecutor$Worker.run(ThreadPoolExecutor.java:624)
	at java.lang.Thread.run(Thread.java:748)
Caused by: org.eclipse.lsp4j.jsonrpc.JsonRpcException: java.io.IOException: An established connection was aborted by the software in your host machine
	at org.eclipse.lsp4j.jsonrpc.json.StreamMessageConsumer.consume(StreamMessageConsumer.java:72)
	at org.eclipse.lsp4j.jsonrpc.RemoteEndpoint.request(RemoteEndpoint.java:161)
	at org.eclipse.lsp4j.jsonrpc.services.EndpointProxy.invoke(EndpointProxy.java:91)
	at com.sun.proxy.$Proxy9.buildShutdown(null)
	at scala.meta.internal.metals.BuildServerConnection.$anonfun$shutdown$1(BuildServerConnection.scala:117)
	at scala.meta.internal.metals.BuildServerConnection.$anonfun$shutdown$1$adapted(BuildServerConnection.scala:114)
	at scala.concurrent.impl.Promise$Transformation.run(Promise.scala:467)
	at java.util.concurrent.ThreadPoolExecutor.runWorker(ThreadPoolExecutor.java:1149)
	at java.util.concurrent.ThreadPoolExecutor$Worker.run(ThreadPoolExecutor.java:624)
	at java.lang.Thread.run(Thread.java:748)
Caused by: java.io.IOException: An established connection was aborted by the software in your host machine
	at sun.nio.ch.SocketDispatcher.write0(Native Method)
	at sun.nio.ch.SocketDispatcher.write(SocketDispatcher.java:51)
	at sun.nio.ch.IOUtil.writeFromNativeBuffer(IOUtil.java:93)
	at sun.nio.ch.IOUtil.write(IOUtil.java:65)
	at sun.nio.ch.SocketChannelImpl.write(SocketChannelImpl.java:470)
	at sun.nio.ch.SinkChannelImpl.write(SinkChannelImpl.java:114)
	at java.nio.channels.Channels.writeFullyImpl(Channels.java:78)
	at java.nio.channels.Channels.writeFully(Channels.java:98)
	at java.nio.channels.Channels.access$000(Channels.java:61)
	at java.nio.channels.Channels$1.write(Channels.java:174)
	at java.io.OutputStream.write(OutputStream.java:75)
	at java.nio.channels.Channels$1.write(Channels.java:155)
	at scala.meta.internal.metals.ClosableOutputStream.write(ClosableOutputStream.scala:26)
	at java.io.FilterOutputStream.write(FilterOutputStream.java:125)
	at java.io.FilterOutputStream.write(FilterOutputStream.java:97)
	at org.eclipse.lsp4j.jsonrpc.json.StreamMessageConsumer.consume(StreamMessageConsumer.java:68)
	at org.eclipse.lsp4j.jsonrpc.RemoteEndpoint.request(RemoteEndpoint.java:161)
	at org.eclipse.lsp4j.jsonrpc.services.EndpointProxy.invoke(EndpointProxy.java:91)
	at com.sun.proxy.$Proxy9.buildShutdown(null)
	at scala.meta.internal.metals.BuildServerConnection.$anonfun$shutdown$1(BuildServerConnection.scala:117)
	at scala.meta.internal.metals.BuildServerConnection.$anonfun$shutdown$1$adapted(BuildServerConnection.scala:114)
	at scala.concurrent.impl.Promise$Transformation.run(Promise.scala:467)
	at java.util.concurrent.ThreadPoolExecutor.runWorker(ThreadPoolExecutor.java:1149)
	at java.util.concurrent.ThreadPoolExecutor$Worker.run(ThreadPoolExecutor.java:624)
	at java.lang.Thread.run(Thread.java:748)

2023.06.07 08:49:02 INFO  Exiting server
