2023.06.12 08:02:36 INFO  Started: Metals version 0.11.12 in workspace 'D:\Github\Effective-Programming-in-Scala\Week_3\todo' for client Visual Studio Code 1.78.2.
Jun 12, 2023 8:02:36 AM org.flywaydb.core.internal.license.VersionPrinter printVersionOnly
INFO: Flyway Community Edition 9.16.3 by Redgate
Jun 12, 2023 8:02:36 AM org.flywaydb.core.internal.license.VersionPrinter printVersion
INFO: See release notes here: https://rd.gt/416ObMi
Jun 12, 2023 8:02:36 AM org.flywaydb.core.internal.license.VersionPrinter printVersion
INFO: 
Jun 12, 2023 8:02:36 AM org.flywaydb.core.internal.database.base.BaseDatabaseType createDatabase
INFO: Database: jdbc:h2:file:D:\Github\Effective-Programming-in-Scala\Week_3\todo\.metals\metals (H2 2.1)
Jun 12, 2023 8:02:36 AM org.flywaydb.core.internal.schemahistory.JdbcTableSchemaHistory allAppliedMigrations
INFO: Schema history table "PUBLIC"."flyway_schema_history" does not exist yet
Jun 12, 2023 8:02:36 AM org.flywaydb.core.internal.command.DbValidate validate
INFO: Successfully validated 4 migrations (execution time 00:00.022s)
Jun 12, 2023 8:02:36 AM org.flywaydb.core.internal.schemahistory.JdbcTableSchemaHistory create
INFO: Creating Schema History table "PUBLIC"."flyway_schema_history" ...
Jun 12, 2023 8:02:37 AM org.flywaydb.core.internal.command.DbMigrate migrateGroup
INFO: Current version of schema "PUBLIC": << Empty Schema >>
Jun 12, 2023 8:02:37 AM org.flywaydb.core.internal.command.DbMigrate doMigrateGroup
INFO: Migrating schema "PUBLIC" to version "1 - Create tables"
Jun 12, 2023 8:02:37 AM org.flywaydb.core.internal.command.DbMigrate doMigrateGroup
INFO: Migrating schema "PUBLIC" to version "2 - Server discovery"
Jun 12, 2023 8:02:37 AM org.flywaydb.core.internal.command.DbMigrate doMigrateGroup
INFO: Migrating schema "PUBLIC" to version "3 - Jar symbols"
Jun 12, 2023 8:02:37 AM org.flywaydb.core.internal.command.DbMigrate doMigrateGroup
INFO: Migrating schema "PUBLIC" to version "4 - Fingerprints"
Jun 12, 2023 8:02:37 AM org.flywaydb.core.internal.command.DbMigrate logSummary
INFO: Successfully applied 4 migrations to schema "PUBLIC", now at version v4 (execution time 00:00.057s)
2023.06.12 08:02:37 INFO  time: initialize in 0.77s
2023.06.12 08:02:37 WARN  Build server is not auto-connectable.
2023.06.12 08:02:43 INFO  running 'C:\Users\Sanjay\AppData\Local\Coursier\cache\arc\https\github.com\AdoptOpenJDK\openjdk8-binaries\releases\download\jdk8u292-b10\OpenJDK8U-jdk_x64_windows_hotspot_8u292b10.zip\jdk8u292-b10\bin\java -Djline.terminal=jline.UnsupportedTerminal -Dsbt.log.noformat=true -Dfile.encoding=UTF-8 -jar C:\Users\Sanjay\AppData\Local\Temp\metals5993089392454611287\sbt-launch.jar -Dbloop.export-jar-classifiers=sources bloopInstall'
2023.06.12 08:02:45 INFO  [info] welcome to sbt 1.6.1 (AdoptOpenJDK Java 1.8.0_292)
2023.06.12 08:02:45 INFO  [info] loading settings for project todo-build-build-build from metals.sbt ...
2023.06.12 08:02:47 INFO  [info] loading project definition from D:\Github\Effective-Programming-in-Scala\Week_3\todo\project\project\project
2023.06.12 08:02:47 INFO  [info] loading settings for project todo-build-build from metals.sbt ...
2023.06.12 08:02:48 INFO  [info] loading project definition from D:\Github\Effective-Programming-in-Scala\Week_3\todo\project\project
2023.06.12 08:02:51 INFO  [success] Generated .bloop\todo-build-build.json
2023.06.12 08:02:51 INFO  [success] Total time: 3 s, completed 12 Jun, 2023 8:02:51 AM
2023.06.12 08:02:51 INFO  [info] loading settings for project todo-build from buildSettings.sbt,metals.sbt,plugins.sbt ...
2023.06.12 08:02:51 INFO  [info] loading project definition from D:\Github\Effective-Programming-in-Scala\Week_3\todo\project
2023.06.12 08:02:52 INFO  [success] Generated .bloop\todo-build.json
2023.06.12 08:02:52 INFO  [info] compiling 3 Scala sources to D:\Github\Effective-Programming-in-Scala\Week_3\todo\project\target\scala-2.12\sbt-1.0\classes ...
2023.06.12 08:02:58 INFO  [info] done compiling
2023.06.12 08:02:58 INFO  [success] Total time: 7 s, completed 12 Jun, 2023 8:02:59 AM
2023.06.12 08:03:03 INFO  [info] loading settings for project todo from assignment.sbt,build.sbt ...
2023.06.12 08:03:03 INFO  [info] set current project to effective-scala-todo (in build file:/D:/Github/Effective-Programming-in-Scala/Week_3/todo/)
2023.06.12 08:03:04 INFO  [success] Generated .bloop\todo.json
2023.06.12 08:03:04 INFO  [success] Generated .bloop\todo-test.json
2023.06.12 08:03:04 INFO  [success] Total time: 0 s, completed 12 Jun, 2023 8:03:04 AM
2023.06.12 08:03:04 INFO  time: ran 'sbt bloopInstall' in 20s
2023.06.12 08:03:04 INFO  Attempting to connect to the build server...
2023.06.12 08:03:04 INFO  Bloop uses C:\Program Files\Java\jdk-11.0.16 defined at C:\Users\Sanjay\.bloop\bloop.json
2023.06.12 08:03:04 INFO  tracing is disabled for protocol BSP, to enable tracing of incoming and outgoing JSON messages create an empty file at D:\Github\Effective-Programming-in-Scala\Week_3\todo\.metals\bsp.trace.json or C:\Users\Sanjay\AppData\Local\scalameta\metals\cache\bsp.trace.json
2023.06.12 08:03:04 INFO  Attempting to connect to the build server...
2023.06.12 08:03:04 INFO  Bloop uses C:\Program Files\Java\jdk-11.0.16 defined at C:\Users\Sanjay\.bloop\bloop.json
2023.06.12 08:03:04 INFO  Attempting to connect to the build server...
2023.06.12 08:03:04 INFO  Bloop uses C:\Program Files\Java\jdk-11.0.16 defined at C:\Users\Sanjay\.bloop\bloop.json
2023.06.12 08:03:04 INFO  tracing is disabled for protocol BSP, to enable tracing of incoming and outgoing JSON messages create an empty file at D:\Github\Effective-Programming-in-Scala\Week_3\todo\project\project\.metals\bsp.trace.json or C:\Users\Sanjay\AppData\Local\scalameta\metals\cache\bsp.trace.json
2023.06.12 08:03:04 INFO  tracing is disabled for protocol BSP, to enable tracing of incoming and outgoing JSON messages create an empty file at D:\Github\Effective-Programming-in-Scala\Week_3\todo\project\.metals\bsp.trace.json or C:\Users\Sanjay\AppData\Local\scalameta\metals\cache\bsp.trace.json
2023.06.12 08:03:04 INFO  time: Connected to build server in 0.31s
2023.06.12 08:03:04 INFO  Connected to Build server: Bloop v1.5.6
2023.06.12 08:03:04 INFO  time: Imported build in 0.11s
2023.06.12 08:03:12 INFO  time: indexed workspace in 7.39s
