2023.05.08 21:51:35 INFO  Started: Metals version 0.11.12 in workspace 'D:\Github\Effective-Programming-in-Scala\Week_1' for client Visual Studio Code 1.78.0.
May 08, 2023 9:51:35 PM org.flywaydb.core.internal.license.VersionPrinter printVersionOnly
INFO: Flyway Community Edition 9.16.3 by Redgate
May 08, 2023 9:51:35 PM org.flywaydb.core.internal.license.VersionPrinter printVersion
INFO: See release notes here: https://rd.gt/416ObMi
May 08, 2023 9:51:35 PM org.flywaydb.core.internal.license.VersionPrinter printVersion
INFO: 
May 08, 2023 9:51:36 PM org.flywaydb.core.internal.database.base.BaseDatabaseType createDatabase
INFO: Database: jdbc:h2:file:D:\Github\Effective-Programming-in-Scala\Week_1\.metals\metals (H2 2.1)
May 08, 2023 9:51:36 PM org.flywaydb.core.internal.schemahistory.JdbcTableSchemaHistory allAppliedMigrations
INFO: Schema history table "PUBLIC"."flyway_schema_history" does not exist yet
May 08, 2023 9:51:36 PM org.flywaydb.core.internal.command.DbValidate validate
INFO: Successfully validated 4 migrations (execution time 00:00.014s)
May 08, 2023 9:51:36 PM org.flywaydb.core.internal.schemahistory.JdbcTableSchemaHistory create
INFO: Creating Schema History table "PUBLIC"."flyway_schema_history" ...
May 08, 2023 9:51:36 PM org.flywaydb.core.internal.command.DbMigrate migrateGroup
INFO: Current version of schema "PUBLIC": << Empty Schema >>
May 08, 2023 9:51:36 PM org.flywaydb.core.internal.command.DbMigrate doMigrateGroup
INFO: Migrating schema "PUBLIC" to version "1 - Create tables"
May 08, 2023 9:51:36 PM org.flywaydb.core.internal.command.DbMigrate doMigrateGroup
INFO: Migrating schema "PUBLIC" to version "2 - Server discovery"
May 08, 2023 9:51:36 PM org.flywaydb.core.internal.command.DbMigrate doMigrateGroup
INFO: Migrating schema "PUBLIC" to version "3 - Jar symbols"
May 08, 2023 9:51:36 PM org.flywaydb.core.internal.command.DbMigrate doMigrateGroup
INFO: Migrating schema "PUBLIC" to version "4 - Fingerprints"
May 08, 2023 9:51:36 PM org.flywaydb.core.internal.command.DbMigrate logSummary
INFO: Successfully applied 4 migrations to schema "PUBLIC", now at version v4 (execution time 00:00.054s)
2023.05.08 21:51:36 INFO  time: initialize in 0.58s
2023.05.08 21:51:38 WARN  Build server is not auto-connectable.
May 08, 2023 9:51:38 PM org.eclipse.lsp4j.jsonrpc.RemoteEndpoint handleCancellation
WARNING: Unmatched cancel notification for request id 1
2023.05.08 21:51:38 WARN  no build target for: D:\Github\Effective-Programming-in-Scala\Week_1\build.sbt
2023.05.08 21:51:42 INFO  no build target found for D:\Github\Effective-Programming-in-Scala\Week_1\build.sbt. Using presentation compiler with project's scala-library version: 3.2.2
May 08, 2023 9:51:43 PM org.eclipse.lsp4j.jsonrpc.RemoteEndpoint handleCancellation
WARNING: Unmatched cancel notification for request id 5
May 08, 2023 9:51:43 PM org.eclipse.lsp4j.jsonrpc.RemoteEndpoint handleCancellation
WARNING: Unmatched cancel notification for request id 3
May 08, 2023 9:51:43 PM org.eclipse.lsp4j.jsonrpc.RemoteEndpoint handleCancellation
WARNING: Unmatched cancel notification for request id 2
2023.05.08 21:51:43 WARN  no build target for: D:\Github\Effective-Programming-in-Scala\Week_1\build.sbt
May 08, 2023 9:51:43 PM org.eclipse.lsp4j.jsonrpc.RemoteEndpoint handleCancellation
WARNING: Unmatched cancel notification for request id 7
May 08, 2023 9:51:43 PM org.eclipse.lsp4j.jsonrpc.RemoteEndpoint handleCancellation
WARNING: Unmatched cancel notification for request id 8
2023.05.08 21:51:43 INFO  running 'C:\Users\sanjaya\.jabba\jdk\adopt@1.11.0-11\bin\java -Djline.terminal=jline.UnsupportedTerminal -Dsbt.log.noformat=true -Dfile.encoding=UTF-8 -jar C:\Users\sanjaya\AppData\Local\Temp\metals365364582829204685\sbt-launch.jar -Dbloop.export-jar-classifiers=sources bloopInstall'
2023.05.08 21:51:43 ERROR [info] [launcher] getting org.scala-sbt sbt 1.5.0-RC2  (this may take some time)...
2023.05.08 21:51:44 INFO  time: code lens generation in 1.21s
2023.05.08 21:51:44 INFO  time: code lens generation in 1.21s
2023.05.08 21:51:44 INFO  time: code lens generation in 1.23s
2023.05.08 21:51:59 ERROR [info] [launcher] getting Scala 2.12.13 (for sbt)...
2023.05.08 21:52:00 INFO  [info] welcome to sbt 1.5.0-RC2 (AdoptOpenJDK Java 11.0.11)
2023.05.08 21:52:03 INFO  [info] loading settings for project week_1-build-build from metals.sbt ...
2023.05.08 21:52:03 INFO  [info] loading project definition from D:\Github\Effective-Programming-in-Scala\Week_1\project\project
2023.05.08 21:52:08 INFO  [info] loading settings for project week_1-build from metals.sbt ...
2023.05.08 21:52:08 INFO  [info] loading project definition from D:\Github\Effective-Programming-in-Scala\Week_1\project
2023.05.08 21:52:16 INFO  [success] Generated .bloop\week_1-build.json
2023.05.08 21:52:16 INFO  [success] Total time: 8 s, completed 08-May-2023, 9:52:16 PM
2023.05.08 21:52:17 INFO  [info] loading settings for project week_1 from build.sbt ...
2023.05.08 21:52:17 INFO  [info] set current project to week_1 (in build file:/D:/Github/Effective-Programming-in-Scala/Week_1/)
2023.05.08 21:52:31 INFO  [success] Generated .bloop\week_1.json
2023.05.08 21:52:31 INFO  [success] Generated .bloop\week_1-test.json
2023.05.08 21:52:31 INFO  [success] Total time: 13 s, completed 08-May-2023, 9:52:31 PM
2023.05.08 21:52:31 INFO  time: ran 'sbt bloopInstall' in 48s
2023.05.08 21:52:31 INFO  Attempting to connect to the build server...
2023.05.08 21:52:31 INFO  Bloop uses C:\Users\sanjaya\.jabba\jdk\adopt@1.11.0-11 defined at C:\Users\sanjaya\.bloop\bloop.json
2023.05.08 21:52:31 INFO  tracing is disabled for protocol BSP, to enable tracing of incoming and outgoing JSON messages create an empty file at D:\Github\Effective-Programming-in-Scala\Week_1\.metals\bsp.trace.json or C:\Users\sanjaya\AppData\Local\scalameta\metals\cache\bsp.trace.json
2023.05.08 21:52:31 INFO  Attempting to connect to the build server...
2023.05.08 21:52:31 INFO  Bloop uses C:\Users\sanjaya\.jabba\jdk\adopt@1.11.0-11 defined at C:\Users\sanjaya\.bloop\bloop.json
2023.05.08 21:52:31 INFO  tracing is disabled for protocol BSP, to enable tracing of incoming and outgoing JSON messages create an empty file at D:\Github\Effective-Programming-in-Scala\Week_1\project\.metals\bsp.trace.json or C:\Users\sanjaya\AppData\Local\scalameta\metals\cache\bsp.trace.json
2023.05.08 21:52:38 INFO  time: Connected to build server in 6.3s
2023.05.08 21:52:38 INFO  Connected to Build server: Bloop v1.5.6
2023.05.08 21:52:48 INFO  time: indexed workspace in 10s
2023.05.08 21:52:52 INFO  time: code lens generation in 3.42s
2023.05.08 21:53:39 INFO  compiling week_1 (1 scala source)
2023.05.08 21:53:40 INFO  time: compiled week_1 in 1.76s
2023.05.08 21:53:40 INFO  time: code lens generation in 1.27s
2023.05.08 21:53:49 INFO  time: evaluated worksheet 'Definitions.worksheet.sc' in 6.99s
2023.05.08 21:54:01 INFO  time: evaluated worksheet 'game_base_strict.worksheet.sc' in 2.63s
2023.05.08 21:54:04 INFO  time: evaluated worksheet 'Definitions.worksheet.sc' in 0.69s
2023.05.08 21:54:17 INFO  time: evaluated worksheet 'VideoStreaming.worksheet.sc' in 1.89s
2023.05.08 21:56:48 INFO  time: evaluated worksheet 'Definitions.worksheet.sc' in 0.45s
May 08, 2023 9:59:12 PM org.eclipse.lsp4j.jsonrpc.services.GenericEndpoint notify
INFO: Unsupported notification method: $/setTrace
2023.05.08 21:59:53 INFO  time: evaluated worksheet 'Definitions.worksheet.sc' in 0.54s
May 08, 2023 10:01:18 PM org.eclipse.lsp4j.jsonrpc.RemoteEndpoint handleCancellation
WARNING: Unmatched cancel notification for request id 317
2023.05.08 22:01:26 INFO  time: evaluated worksheet 'Definitions.worksheet.sc' in 0.47s
