2023.06.05 18:00:38 INFO  Started: Metals version 0.11.12 in workspace 'D:\Github\Effective-Programming-in-Scala\Week_5\notes' for client Visual Studio Code 1.78.2.
Jun 05, 2023 6:00:38 PM org.flywaydb.core.internal.license.VersionPrinter printVersionOnly
INFO: Flyway Community Edition 9.16.3 by Redgate
Jun 05, 2023 6:00:38 PM org.flywaydb.core.internal.license.VersionPrinter printVersion
INFO: See release notes here: https://rd.gt/416ObMi
Jun 05, 2023 6:00:38 PM org.flywaydb.core.internal.license.VersionPrinter printVersion
INFO: 
Jun 05, 2023 6:00:39 PM org.flywaydb.core.internal.database.base.BaseDatabaseType createDatabase
INFO: Database: jdbc:h2:file:D:\Github\Effective-Programming-in-Scala\Week_5\notes\.metals\metals (H2 2.1)
Jun 05, 2023 6:00:39 PM org.flywaydb.core.internal.schemahistory.JdbcTableSchemaHistory allAppliedMigrations
INFO: Schema history table "PUBLIC"."flyway_schema_history" does not exist yet
Jun 05, 2023 6:00:39 PM org.flywaydb.core.internal.command.DbValidate validate
INFO: Successfully validated 4 migrations (execution time 00:00.016s)
Jun 05, 2023 6:00:39 PM org.flywaydb.core.internal.schemahistory.JdbcTableSchemaHistory create
INFO: Creating Schema History table "PUBLIC"."flyway_schema_history" ...
Jun 05, 2023 6:00:39 PM org.flywaydb.core.internal.command.DbMigrate migrateGroup
INFO: Current version of schema "PUBLIC": << Empty Schema >>
Jun 05, 2023 6:00:39 PM org.flywaydb.core.internal.command.DbMigrate doMigrateGroup
INFO: Migrating schema "PUBLIC" to version "1 - Create tables"
Jun 05, 2023 6:00:39 PM org.flywaydb.core.internal.command.DbMigrate doMigrateGroup
INFO: Migrating schema "PUBLIC" to version "2 - Server discovery"
Jun 05, 2023 6:00:39 PM org.flywaydb.core.internal.command.DbMigrate doMigrateGroup
INFO: Migrating schema "PUBLIC" to version "3 - Jar symbols"
Jun 05, 2023 6:00:39 PM org.flywaydb.core.internal.command.DbMigrate doMigrateGroup
INFO: Migrating schema "PUBLIC" to version "4 - Fingerprints"
Jun 05, 2023 6:00:39 PM org.flywaydb.core.internal.command.DbMigrate logSummary
INFO: Successfully applied 4 migrations to schema "PUBLIC", now at version v4 (execution time 00:00.057s)
2023.06.05 18:00:39 INFO  time: initialize in 0.68s
2023.06.05 18:00:39 WARN  Build server is not auto-connectable.
2023.06.05 18:00:40 WARN  no build target for: D:\Github\Effective-Programming-in-Scala\Week_5\notes\build.sbt
2023.06.05 18:00:42 INFO  no build target found for D:\Github\Effective-Programming-in-Scala\Week_5\notes\build.sbt. Using presentation compiler with project's scala-library version: 3.2.2
2023.06.05 18:00:43 INFO  time: code lens generation in 2.86s
2023.06.05 18:00:43 INFO  time: code lens generation in 2s
2023.06.05 18:00:46 WARN  no build target for: D:\Github\Effective-Programming-in-Scala\Week_5\notes\build.sbt
2023.06.05 18:00:48 INFO  running 'C:\Users\Sanjay\AppData\Local\Coursier\cache\arc\https\github.com\AdoptOpenJDK\openjdk8-binaries\releases\download\jdk8u292-b10\OpenJDK8U-jdk_x64_windows_hotspot_8u292b10.zip\jdk8u292-b10\bin\java -Djline.terminal=jline.UnsupportedTerminal -Dsbt.log.noformat=true -Dfile.encoding=UTF-8 -jar C:\Users\Sanjay\AppData\Local\Temp\metals8559128798810564396\sbt-launch.jar -Dbloop.export-jar-classifiers=sources bloopInstall'
2023.06.05 18:00:51 INFO  [info] welcome to sbt 1.5.0-RC2 (AdoptOpenJDK Java 1.8.0_292)
2023.06.05 18:00:54 INFO  [info] loading settings for project notes-build-build from metals.sbt ...
2023.06.05 18:00:54 INFO  [info] loading project definition from D:\Github\Effective-Programming-in-Scala\Week_5\notes\project\project
2023.06.05 18:01:00 INFO  [info] loading settings for project notes-build from metals.sbt ...
2023.06.05 18:01:00 INFO  [info] loading project definition from D:\Github\Effective-Programming-in-Scala\Week_5\notes\project
2023.06.05 18:01:04 INFO  [success] Generated .bloop\notes-build.json
2023.06.05 18:01:04 INFO  [success] Total time: 4 s, completed 5 Jun, 2023 6:01:04 PM
2023.06.05 18:01:06 INFO  [info] loading settings for project notes from build.sbt ...
2023.06.05 18:01:06 INFO  [info] set current project to notes (in build file:/D:/Github/Effective-Programming-in-Scala/Week_5/notes/)
2023.06.05 18:01:07 INFO  [success] Generated .bloop\notes-test.json
2023.06.05 18:01:07 INFO  [success] Generated .bloop\notes.json
2023.06.05 18:01:07 INFO  [success] Total time: 1 s, completed 5 Jun, 2023 6:01:07 PM
2023.06.05 18:01:07 INFO  time: ran 'sbt bloopInstall' in 19s
2023.06.05 18:01:07 INFO  Attempting to connect to the build server...
2023.06.05 18:01:07 INFO  Bloop uses C:\Users\Sanjay\AppData\Local\Coursier\cache\arc\https\github.com\AdoptOpenJDK\openjdk8-binaries\releases\download\jdk8u292-b10\OpenJDK8U-jdk_x64_windows_hotspot_8u292b10.zip\jdk8u292-b10 defined at C:\Users\Sanjay\.bloop\bloop.json
2023.06.05 18:01:07 INFO  tracing is disabled for protocol BSP, to enable tracing of incoming and outgoing JSON messages create an empty file at D:\Github\Effective-Programming-in-Scala\Week_5\notes\.metals\bsp.trace.json or C:\Users\Sanjay\AppData\Local\scalameta\metals\cache\bsp.trace.json
2023.06.05 18:01:07 INFO  Attempting to connect to the build server...
2023.06.05 18:01:07 INFO  Bloop uses C:\Users\Sanjay\AppData\Local\Coursier\cache\arc\https\github.com\AdoptOpenJDK\openjdk8-binaries\releases\download\jdk8u292-b10\OpenJDK8U-jdk_x64_windows_hotspot_8u292b10.zip\jdk8u292-b10 defined at C:\Users\Sanjay\.bloop\bloop.json
2023.06.05 18:01:07 INFO  tracing is disabled for protocol BSP, to enable tracing of incoming and outgoing JSON messages create an empty file at D:\Github\Effective-Programming-in-Scala\Week_5\notes\project\.metals\bsp.trace.json or C:\Users\Sanjay\AppData\Local\scalameta\metals\cache\bsp.trace.json
2023.06.05 18:01:07 INFO  time: Connected to build server in 0.37s
2023.06.05 18:01:07 INFO  Connected to Build server: Bloop v1.5.6
2023.06.05 18:01:14 INFO  time: indexed workspace in 5.7s
2023.06.05 18:01:19 INFO  time: code lens generation in 4.85s
2023.06.05 18:31:14 INFO  time: evaluated worksheet 'sorting_01_basic.worksheet.sc' in 5.32s
2023.06.05 18:31:15 INFO  time: evaluated worksheet 'sorting_01_basic.worksheet.sc' in 0.79s
2023.06.05 18:31:25 INFO  time: evaluated worksheet 'sorting_02_generic.worksheet.sc' in 1s
2023.06.05 18:31:54 INFO  time: evaluated worksheet 'sorting_03_generic_ordering.worksheet.sc' in 0.74s
2023.06.05 18:31:56 INFO  time: evaluated worksheet 'sorting_03_generic_ordering.worksheet.sc' in 0.52s
2023.06.05 19:04:50 INFO  time: evaluated worksheet 'type_classes_01_generic_ordering.worksheet.sc' in 1.59s
2023.06.05 20:00:42 INFO  time: evaluated worksheet 'type_classes_02_subtyping.worksheet.sc' in 1.13s
2023.06.05 20:00:45 INFO  time: evaluated worksheet 'type_classes_01_generic_ordering.worksheet.sc' in 0.96s
2023.06.05 20:00:47 INFO  time: evaluated worksheet 'type_classes_02_subtyping.worksheet.sc' in 0.43s
2023.06.05 20:00:49 INFO  time: evaluated worksheet 'type_classes_02_subtyping.worksheet.sc' in 0.4s
2023.06.05 20:05:58 INFO  time: evaluated worksheet 'conditional_givens_01.worksheet.sc' in 0.77s
2023.06.05 20:17:06 INFO  time: evaluated worksheet 'conditional_givens_04_order_tuples.worksheet.sc' in 0.97s
2023.06.05 22:07:13 INFO  time: evaluated worksheet 'type_classes_02_subtyping.worksheet.sc' in 0.76s
2023.06.05 22:07:26 INFO  time: evaluated worksheet 'sorting_03_generic_ordering.worksheet.sc' in 0.57s
2023.06.05 22:07:33 INFO  Shutting down server
2023.06.05 22:07:33 INFO  shutting down Metals
2023.06.05 22:07:33 INFO  Shut down connection with build server.
2023.06.05 22:07:33 INFO  Shut down connection with build server.
2023.06.05 22:07:33 INFO  Exiting server
