2023.06.12 21:59:15 INFO  Started: Metals version 0.11.12 in workspace 'D:\Github\Effective-Programming-in-Scala\Week_6\wikigraph' for client Visual Studio Code 1.79.0.
Jun 12, 2023 9:59:15 PM org.flywaydb.core.internal.license.VersionPrinter printVersionOnly
INFO: Flyway Community Edition 9.16.3 by Redgate
Jun 12, 2023 9:59:15 PM org.flywaydb.core.internal.license.VersionPrinter printVersion
INFO: See release notes here: https://rd.gt/416ObMi
Jun 12, 2023 9:59:15 PM org.flywaydb.core.internal.license.VersionPrinter printVersion
INFO: 
Jun 12, 2023 9:59:15 PM org.flywaydb.core.internal.database.base.BaseDatabaseType createDatabase
INFO: Database: jdbc:h2:file:D:\Github\Effective-Programming-in-Scala\Week_6\wikigraph\.metals\metals (H2 2.1)
Jun 12, 2023 9:59:15 PM org.flywaydb.core.internal.schemahistory.JdbcTableSchemaHistory allAppliedMigrations
INFO: Schema history table "PUBLIC"."flyway_schema_history" does not exist yet
Jun 12, 2023 9:59:15 PM org.flywaydb.core.internal.command.DbValidate validate
INFO: Successfully validated 4 migrations (execution time 00:00.015s)
Jun 12, 2023 9:59:15 PM org.flywaydb.core.internal.schemahistory.JdbcTableSchemaHistory create
INFO: Creating Schema History table "PUBLIC"."flyway_schema_history" ...
Jun 12, 2023 9:59:15 PM org.flywaydb.core.internal.command.DbMigrate migrateGroup
INFO: Current version of schema "PUBLIC": << Empty Schema >>
Jun 12, 2023 9:59:15 PM org.flywaydb.core.internal.command.DbMigrate doMigrateGroup
INFO: Migrating schema "PUBLIC" to version "1 - Create tables"
Jun 12, 2023 9:59:15 PM org.flywaydb.core.internal.command.DbMigrate doMigrateGroup
INFO: Migrating schema "PUBLIC" to version "2 - Server discovery"
Jun 12, 2023 9:59:15 PM org.flywaydb.core.internal.command.DbMigrate doMigrateGroup
INFO: Migrating schema "PUBLIC" to version "3 - Jar symbols"
Jun 12, 2023 9:59:15 PM org.flywaydb.core.internal.command.DbMigrate doMigrateGroup
INFO: Migrating schema "PUBLIC" to version "4 - Fingerprints"
Jun 12, 2023 9:59:15 PM org.flywaydb.core.internal.command.DbMigrate logSummary
INFO: Successfully applied 4 migrations to schema "PUBLIC", now at version v4 (execution time 00:00.052s)
2023.06.12 21:59:16 INFO  time: initialize in 0.61s
2023.06.12 21:59:17 WARN  Build server is not auto-connectable.
2023.06.12 21:59:22 INFO  running 'C:\Program Files\Java\jdk-11.0.16\bin\java -Djline.terminal=jline.UnsupportedTerminal -Dsbt.log.noformat=true -Dfile.encoding=UTF-8 -jar C:\Users\Sanjay\AppData\Local\Temp\metals9421565953074559755\sbt-launch.jar -Dbloop.export-jar-classifiers=sources bloopInstall'
2023.06.12 21:59:25 INFO  [info] welcome to sbt 1.6.1 (Oracle Corporation Java 11.0.16)
2023.06.12 21:59:27 INFO  [info] loading settings for project wikigraph-build-build-build from metals.sbt ...
2023.06.12 21:59:27 INFO  [info] loading project definition from D:\Github\Effective-Programming-in-Scala\Week_6\wikigraph\project\project\project
2023.06.12 21:59:32 INFO  [info] loading settings for project wikigraph-build-build from metals.sbt ...
2023.06.12 21:59:32 INFO  [info] loading project definition from D:\Github\Effective-Programming-in-Scala\Week_6\wikigraph\project\project
2023.06.12 21:59:35 INFO  [success] Generated .bloop\wikigraph-build-build.json
2023.06.12 21:59:35 INFO  [success] Total time: 3 s, completed 12-Jun-2023, 9:59:36 PM
2023.06.12 21:59:38 INFO  [info] loading settings for project wikigraph-build from buildSettings.sbt,metals.sbt,plugins.sbt ...
2023.06.12 21:59:38 INFO  [info] loading project definition from D:\Github\Effective-Programming-in-Scala\Week_6\wikigraph\project
2023.06.12 21:59:40 INFO  [success] Generated .bloop\wikigraph-build.json
2023.06.12 21:59:40 INFO  [info] compiling 2 Scala sources to D:\Github\Effective-Programming-in-Scala\Week_6\wikigraph\project\target\scala-2.12\sbt-1.0\classes ...
2023.06.12 21:59:50 INFO  [info] done compiling
2023.06.12 21:59:50 INFO  [success] Total time: 13 s, completed 12-Jun-2023, 9:59:51 PM
2023.06.12 21:59:53 INFO  [info] loading settings for project wikigraph from assignment.sbt,build.sbt ...
2023.06.12 21:59:54 INFO  [info] set current project to effective-scala-wikigraph (in build file:/D:/Github/Effective-Programming-in-Scala/Week_6/wikigraph/)
2023.06.12 21:59:56 INFO  [success] Generated .bloop\wikigraph-test.json
2023.06.12 21:59:56 INFO  [success] Generated .bloop\wikigraph.json
2023.06.12 21:59:56 INFO  [success] Total time: 1 s, completed 12-Jun-2023, 9:59:56 PM
2023.06.12 21:59:56 INFO  time: ran 'sbt bloopInstall' in 33s
2023.06.12 21:59:56 INFO  Attempting to connect to the build server...
2023.06.12 21:59:56 INFO  Bloop uses C:\Program Files\Java\jdk-11.0.16 defined at C:\Users\Sanjay\.bloop\bloop.json
2023.06.12 21:59:56 INFO  tracing is disabled for protocol BSP, to enable tracing of incoming and outgoing JSON messages create an empty file at D:\Github\Effective-Programming-in-Scala\Week_6\wikigraph\.metals\bsp.trace.json or C:\Users\Sanjay\AppData\Local\scalameta\metals\cache\bsp.trace.json
2023.06.12 21:59:56 INFO  Attempting to connect to the build server...
2023.06.12 21:59:56 INFO  Bloop uses C:\Program Files\Java\jdk-11.0.16 defined at C:\Users\Sanjay\.bloop\bloop.json
2023.06.12 21:59:56 INFO  Attempting to connect to the build server...
2023.06.12 21:59:56 INFO  Bloop uses C:\Program Files\Java\jdk-11.0.16 defined at C:\Users\Sanjay\.bloop\bloop.json
2023.06.12 21:59:56 INFO  tracing is disabled for protocol BSP, to enable tracing of incoming and outgoing JSON messages create an empty file at D:\Github\Effective-Programming-in-Scala\Week_6\wikigraph\project\.metals\bsp.trace.json or C:\Users\Sanjay\AppData\Local\scalameta\metals\cache\bsp.trace.json
2023.06.12 21:59:56 INFO  tracing is disabled for protocol BSP, to enable tracing of incoming and outgoing JSON messages create an empty file at D:\Github\Effective-Programming-in-Scala\Week_6\wikigraph\project\project\.metals\bsp.trace.json or C:\Users\Sanjay\AppData\Local\scalameta\metals\cache\bsp.trace.json
2023.06.12 21:59:56 INFO  time: Connected to build server in 0.36s
2023.06.12 21:59:56 INFO  Connected to Build server: Bloop v1.5.6
2023.06.12 21:59:56 INFO  time: Imported build in 0.12s
2023.06.12 22:00:08 INFO  time: indexed workspace in 11s
