2023.06.01 20:15:12 INFO  Started: Metals version 0.11.12 in workspace 'D:\Github\Effective-Programming-in-Scala\Week_3\sbt-project' for client Visual Studio Code 1.78.2.
Jun 01, 2023 8:15:12 PM org.flywaydb.core.internal.license.VersionPrinter printVersionOnly
INFO: Flyway Community Edition 9.16.3 by Redgate
Jun 01, 2023 8:15:12 PM org.flywaydb.core.internal.license.VersionPrinter printVersion
INFO: See release notes here: https://rd.gt/416ObMi
Jun 01, 2023 8:15:12 PM org.flywaydb.core.internal.license.VersionPrinter printVersion
INFO: 
Jun 01, 2023 8:15:12 PM org.flywaydb.core.internal.database.base.BaseDatabaseType createDatabase
INFO: Database: jdbc:h2:file:D:\Github\Effective-Programming-in-Scala\Week_3\sbt-project\.metals\metals (H2 2.1)
Jun 01, 2023 8:15:12 PM org.flywaydb.core.internal.schemahistory.JdbcTableSchemaHistory allAppliedMigrations
INFO: Schema history table "PUBLIC"."flyway_schema_history" does not exist yet
Jun 01, 2023 8:15:12 PM org.flywaydb.core.internal.command.DbValidate validate
INFO: Successfully validated 4 migrations (execution time 00:00.029s)
Jun 01, 2023 8:15:12 PM org.flywaydb.core.internal.schemahistory.JdbcTableSchemaHistory create
INFO: Creating Schema History table "PUBLIC"."flyway_schema_history" ...
Jun 01, 2023 8:15:13 PM org.flywaydb.core.internal.command.DbMigrate migrateGroup
INFO: Current version of schema "PUBLIC": << Empty Schema >>
Jun 01, 2023 8:15:13 PM org.flywaydb.core.internal.command.DbMigrate doMigrateGroup
INFO: Migrating schema "PUBLIC" to version "1 - Create tables"
Jun 01, 2023 8:15:13 PM org.flywaydb.core.internal.command.DbMigrate doMigrateGroup
INFO: Migrating schema "PUBLIC" to version "2 - Server discovery"
Jun 01, 2023 8:15:13 PM org.flywaydb.core.internal.command.DbMigrate doMigrateGroup
INFO: Migrating schema "PUBLIC" to version "3 - Jar symbols"
Jun 01, 2023 8:15:13 PM org.flywaydb.core.internal.command.DbMigrate doMigrateGroup
INFO: Migrating schema "PUBLIC" to version "4 - Fingerprints"
Jun 01, 2023 8:15:13 PM org.flywaydb.core.internal.command.DbMigrate logSummary
INFO: Successfully applied 4 migrations to schema "PUBLIC", now at version v4 (execution time 00:00.060s)
2023.06.01 20:15:13 INFO  time: initialize in 0.93s
2023.06.01 20:15:13 WARN  Build server is not auto-connectable.
2023.06.01 20:16:03 WARN  no build target for: D:\Github\Effective-Programming-in-Scala\Week_3\sbt-project\build.sbt
2023.06.01 20:16:08 INFO  no build target found for D:\Github\Effective-Programming-in-Scala\Week_3\sbt-project\build.sbt. Using presentation compiler with project's scala-library version: 3.2.2
2023.06.01 20:16:10 INFO  time: code lens generation in 5.81s
2023.06.01 20:18:18 WARN  no build target for: D:\Github\Effective-Programming-in-Scala\Week_3\sbt-project\src\main\scala\hellosbt\HelloSbt.scala
2023.06.01 20:22:57 WARN  no build target for: D:\Github\Effective-Programming-in-Scala\Week_3\sbt-project\build.sbt
2023.06.01 20:23:11 WARN  no build target for: D:\Github\Effective-Programming-in-Scala\Week_3\sbt-project\build.sbt
2023.06.01 20:23:14 INFO  running 'C:\Users\Sanjay\AppData\Local\Coursier\cache\arc\https\github.com\AdoptOpenJDK\openjdk8-binaries\releases\download\jdk8u292-b10\OpenJDK8U-jdk_x64_windows_hotspot_8u292b10.zip\jdk8u292-b10\bin\java -Djline.terminal=jline.UnsupportedTerminal -Dsbt.log.noformat=true -Dfile.encoding=UTF-8 -jar C:\Users\Sanjay\AppData\Local\Temp\metals5889877871713349372\sbt-launch.jar -Dbloop.export-jar-classifiers=sources bloopInstall'
2023.06.01 20:23:16 INFO  [info] welcome to sbt 1.5.5 (AdoptOpenJDK Java 1.8.0_292)
2023.06.01 20:23:18 INFO  [info] loading settings for project sbt-project-build-build from metals.sbt ...
2023.06.01 20:23:18 INFO  [info] loading project definition from D:\Github\Effective-Programming-in-Scala\Week_3\sbt-project\project\project
2023.06.01 20:23:23 INFO  [info] loading settings for project sbt-project-build from metals.sbt ...
2023.06.01 20:23:23 INFO  [info] loading project definition from D:\Github\Effective-Programming-in-Scala\Week_3\sbt-project\project
2023.06.01 20:23:35 INFO  [success] Generated .bloop\sbt-project-build.json
2023.06.01 20:23:35 INFO  [success] Total time: 12 s, completed 1 Jun, 2023 8:23:35 PM
2023.06.01 20:23:36 INFO  [info] loading settings for project sbt-project from build.sbt ...
2023.06.01 20:23:36 INFO  [info] set current project to sbt-project (in build file:/D:/Github/Effective-Programming-in-Scala/Week_3/sbt-project/)
2023.06.01 20:23:40 INFO  [success] Generated .bloop\sbt-project-test.json
2023.06.01 20:23:40 INFO  [success] Generated .bloop\sbt-project.json
2023.06.01 20:23:40 INFO  [success] Total time: 4 s, completed 1 Jun, 2023 8:23:40 PM
2023.06.01 20:23:40 INFO  time: ran 'sbt bloopInstall' in 26s
2023.06.01 20:23:40 INFO  Attempting to connect to the build server...
2023.06.01 20:23:40 INFO  Bloop uses C:\Users\Sanjay\AppData\Local\Coursier\cache\arc\https\github.com\AdoptOpenJDK\openjdk8-binaries\releases\download\jdk8u292-b10\OpenJDK8U-jdk_x64_windows_hotspot_8u292b10.zip\jdk8u292-b10 defined at C:\Users\Sanjay\.bloop\bloop.json
2023.06.01 20:23:40 INFO  tracing is disabled for protocol BSP, to enable tracing of incoming and outgoing JSON messages create an empty file at D:\Github\Effective-Programming-in-Scala\Week_3\sbt-project\.metals\bsp.trace.json or C:\Users\Sanjay\AppData\Local\scalameta\metals\cache\bsp.trace.json
2023.06.01 20:23:41 INFO  Attempting to connect to the build server...
2023.06.01 20:23:41 INFO  Bloop uses C:\Users\Sanjay\AppData\Local\Coursier\cache\arc\https\github.com\AdoptOpenJDK\openjdk8-binaries\releases\download\jdk8u292-b10\OpenJDK8U-jdk_x64_windows_hotspot_8u292b10.zip\jdk8u292-b10 defined at C:\Users\Sanjay\.bloop\bloop.json
2023.06.01 20:23:41 INFO  tracing is disabled for protocol BSP, to enable tracing of incoming and outgoing JSON messages create an empty file at D:\Github\Effective-Programming-in-Scala\Week_3\sbt-project\project\.metals\bsp.trace.json or C:\Users\Sanjay\AppData\Local\scalameta\metals\cache\bsp.trace.json
2023.06.01 20:23:47 INFO  time: Connected to build server in 6.61s
2023.06.01 20:23:47 INFO  Connected to Build server: Bloop v1.5.6
2023.06.01 20:23:47 INFO  time: Imported build in 0.17s
2023.06.01 20:23:51 WARN  3.0.1 is no longer supported in the current Metals versions, using the last known supported version 0.11.10
2023.06.01 20:23:55 INFO  time: code lens generation in 3.47s
2023.06.01 20:24:01 INFO  time: indexed workspace in 14s
Jun 01, 2023 8:24:36 PM org.eclipse.lsp4j.jsonrpc.RemoteEndpoint handleCancellation
WARNING: Unmatched cancel notification for request id 56
2023.06.01 20:24:51 INFO  skipping build import with status 'Dismissed'
2023.06.01 20:24:57 INFO  skipping build import with status 'Dismissed'
2023.06.01 20:25:52 INFO  compiling sbt-project (1 scala source)
2023.06.01 20:25:56 INFO  time: compiled sbt-project in 3.44s
2023.06.01 20:26:03 INFO  compiling sbt-project (1 scala source)
2023.06.01 20:26:03 INFO  time: compiled sbt-project in 0.66s
Jun 01, 2023 8:30:34 PM scala.meta.internal.pc.CompilerAccess retryWithCleanCompiler
INFO: compiler crashed due to an error in the Scala compiler, retrying with new compiler instance.
Jun 01, 2023 8:30:34 PM scala.meta.internal.pc.CompilerAccess handleError
SEVERE: assertion failed: file:///D:/Github/Effective-Programming-in-Scala/Week_3/sbt-project/build.sbt: 782 >= 782
java.lang.AssertionError: assertion failed: file:///D:/Github/Effective-Programming-in-Scala/Week_3/sbt-project/build.sbt: 782 >= 782
	at scala.reflect.internal.util.SourceFile.position(SourceFile.scala:33)
	at scala.tools.nsc.CompilationUnits$CompilationUnit.position(CompilationUnits.scala:133)
	at scala.meta.internal.pc.SignatureHelpProvider.signatureHelp(SignatureHelpProvider.scala:22)

Jun 01, 2023 8:31:56 PM org.eclipse.lsp4j.jsonrpc.RemoteEndpoint handleCancellation
WARNING: Unmatched cancel notification for request id 439
2023.06.01 20:32:20 INFO  running 'C:\Users\Sanjay\AppData\Local\Coursier\cache\arc\https\github.com\AdoptOpenJDK\openjdk8-binaries\releases\download\jdk8u292-b10\OpenJDK8U-jdk_x64_windows_hotspot_8u292b10.zip\jdk8u292-b10\bin\java -Djline.terminal=jline.UnsupportedTerminal -Dsbt.log.noformat=true -Dfile.encoding=UTF-8 -jar C:\Users\Sanjay\AppData\Local\Temp\metals8705719685722972536\sbt-launch.jar -Dbloop.export-jar-classifiers=sources bloopInstall'
2023.06.01 20:32:23 INFO  [info] welcome to sbt 1.5.5 (AdoptOpenJDK Java 1.8.0_292)
2023.06.01 20:32:24 INFO  [info] loading settings for project sbt-project-build-build from metals.sbt ...
2023.06.01 20:32:24 INFO  [info] loading project definition from D:\Github\Effective-Programming-in-Scala\Week_3\sbt-project\project\project
2023.06.01 20:32:26 INFO  [info] loading settings for project sbt-project-build from metals.sbt ...
2023.06.01 20:32:26 INFO  [info] loading project definition from D:\Github\Effective-Programming-in-Scala\Week_3\sbt-project\project
2023.06.01 20:32:30 INFO  [success] Generated .bloop\sbt-project-build.json
2023.06.01 20:32:30 INFO  [success] Total time: 4 s, completed 1 Jun, 2023 8:32:30 PM
2023.06.01 20:32:32 INFO  [info] loading settings for project sbt-project from build.sbt ...
2023.06.01 20:32:32 INFO  [info] set current project to sbt-project (in build file:/D:/Github/Effective-Programming-in-Scala/Week_3/sbt-project/)
2023.06.01 20:32:35 INFO  [warn] 
2023.06.01 20:32:35 INFO  [warn] 	Note: Unresolved dependencies path:
2023.06.01 20:32:35 INFO  [error] Couldn't run bloopGenerate for sbt-project. Cause:
2023.06.01 20:32:35 INFO  [error] Incomplete(node=Some(Task(_)), tpe=Error, msg=None, causes=List(Incomplete(node=Some(Task(_)), tpe=Error, msg=None, causes=List(Incomplete(node=Some(Task((tags: Map(Tag(update) -> 1, Tag(network) -> 1), taskDefinitionKey: ScopedKey(Scope(Select(ProjectRef(file:/D:/Github/Effective-Programming-in-Scala/Week_3/sbt-project/,sbt-project)), Zero, Zero, Zero),updateClassifiers)))), tpe=Error, msg=None, causes=List(Incomplete(node=Some(Task((taskDefinitionKey: ScopedKey(Scope(Select(ProjectRef(file:/D:/Github/Effective-Programming-in-Scala/Week_3/sbt-project/,sbt-project)), Zero, Select(updateClassifiers), Zero),classifiersModule)))), tpe=Error, msg=None, causes=List(Incomplete(node=Some(Task((taskDefinitionKey: ScopedKey(Scope(Select(ProjectRef(file:/D:/Github/Effective-Programming-in-Scala/Week_3/sbt-project/,sbt-project)), Zero, Zero, Zero),update)))), tpe=Error, msg=None, causes=List(Incomplete(node=Some(Task((tags: Map(Tag(update) -> 1, Tag(network) -> 1), taskDefinitionKey: ScopedKey(Scope(Select(ProjectRef(file:/D:/Github/Effective-Programming-in-Scala/Week_3/sbt-project/,sbt-project)), Zero, Zero, Zero),update)))), tpe=Error, msg=None, causes=List(), directCause=Some(sbt.librarymanagement.ResolveException: Error downloading org.scalameta:sbt-munit:0.7.29
2023.06.01 20:32:35 INFO  [error]   Not found
2023.06.01 20:32:35 INFO  [error]   Not found
2023.06.01 20:32:35 INFO  [error]   not found: C:\Users\Sanjay\.ivy2\localorg.scalameta\sbt-munit\0.7.29\ivys\ivy.xml
2023.06.01 20:32:35 INFO  [error]   not found: https://repo1.maven.org/maven2/org/scalameta/sbt-munit/0.7.29/sbt-munit-0.7.29.pom))), directCause=None)), directCause=None)), directCause=None)), directCause=None), Incomplete(node=Some(Task((taskDefinitionKey: ScopedKey(Scope(Select(ProjectRef(file:/D:/Github/Effective-Programming-in-Scala/Week_3/sbt-project/,sbt-project)), Zero, Zero, Zero),update)))), tpe=Error, msg=None, causes=List(Incomplete(node=Some(Task((tags: Map(Tag(update) -> 1, Tag(network) -> 1), taskDefinitionKey: ScopedKey(Scope(Select(ProjectRef(file:/D:/Github/Effective-Programming-in-Scala/Week_3/sbt-project/,sbt-project)), Zero, Zero, Zero),update)))), tpe=Error, msg=None, causes=List(), directCause=Some(sbt.librarymanagement.ResolveException: Error downloading org.scalameta:sbt-munit:0.7.29
2023.06.01 20:32:35 INFO  [error]   Not found
2023.06.01 20:32:35 INFO  [error]   Not found
2023.06.01 20:32:35 INFO  [error]   not found: C:\Users\Sanjay\.ivy2\localorg.scalameta\sbt-munit\0.7.29\ivys\ivy.xml
2023.06.01 20:32:35 INFO  [error]   not found: https://repo1.maven.org/maven2/org/scalameta/sbt-munit/0.7.29/sbt-munit-0.7.29.pom))), directCause=None), Incomplete(node=Some(Task(_)), tpe=Error, msg=None, causes=List(Incomplete(node=Some(Task(_)), tpe=Error, msg=None, causes=List(Incomplete(node=Some(Task((taskDefinitionKey: ScopedKey(Scope(Select(ProjectRef(file:/D:/Github/Effective-Programming-in-Scala/Week_3/sbt-project/,sbt-project)), Select(ConfigKey(compile)), Zero, Zero),externalDependencyClasspath)))), tpe=Error, msg=None, causes=List(Incomplete(node=Some(Task(_)), tpe=Error, msg=None, causes=List(Incomplete(node=Some(Task((taskDefinitionKey: ScopedKey(Scope(Select(ProjectRef(file:/D:/Github/Effective-Programming-in-Scala/Week_3/sbt-project/,sbt-project)), Select(ConfigKey(compile)), Zero, Zero),managedClasspath)))), tpe=Error, msg=None, causes=List(Incomplete(node=Some(Task(_)), tpe=Error, msg=None, causes=List(Incomplete(node=Some(Task((taskDefinitionKey: ScopedKey(Scope(Select(ProjectRef(file:/D:/Github/Effective-Programming-in-Scala/Week_3/sbt-project/,sbt-project)), Zero, Zero, Zero),update)))), tpe=Error, msg=None, causes=List(Incomplete(node=Some(Task((tags: Map(Tag(update) -> 1, Tag(network) -> 1), taskDefinitionKey: ScopedKey(Scope(Select(ProjectRef(file:/D:/Github/Effective-Programming-in-Scala/Week_3/sbt-project/,sbt-project)), Zero, Zero, Zero),update)))), tpe=Error, msg=None, causes=List(), directCause=Some(sbt.librarymanagement.ResolveException: Error downloading org.scalameta:sbt-munit:0.7.29
2023.06.01 20:32:35 INFO  [error]   Not found
2023.06.01 20:32:35 INFO  [error]   Not found
2023.06.01 20:32:35 INFO  [error] Couldn't run bloopGenerate for sbt-project-test. Cause:
2023.06.01 20:32:35 INFO  [error]   not found: C:\Users\Sanjay\.ivy2\localorg.scalameta\sbt-munit\0.7.29\ivys\ivy.xml
2023.06.01 20:32:35 INFO  [error] Incomplete(node=Some(Task(_)), tpe=Error, msg=None, causes=List(Incomplete(node=Some(Task(_)), tpe=Error, msg=None, causes=List(Incomplete(node=Some(Task((tags: Map(Tag(update) -> 1, Tag(network) -> 1), taskDefinitionKey: ScopedKey(Scope(Select(ProjectRef(file:/D:/Github/Effective-Programming-in-Scala/Week_3/sbt-project/,sbt-project)), Zero, Zero, Zero),updateClassifiers)))), tpe=Error, msg=None, causes=List(Incomplete(node=Some(Task((taskDefinitionKey: ScopedKey(Scope(Select(ProjectRef(file:/D:/Github/Effective-Programming-in-Scala/Week_3/sbt-project/,sbt-project)), Zero, Select(updateClassifiers), Zero),classifiersModule)))), tpe=Error, msg=None, causes=List(Incomplete(node=Some(Task((taskDefinitionKey: ScopedKey(Scope(Select(ProjectRef(file:/D:/Github/Effective-Programming-in-Scala/Week_3/sbt-project/,sbt-project)), Zero, Zero, Zero),update)))), tpe=Error, msg=None, causes=List(Incomplete(node=Some(Task((tags: Map(Tag(update) -> 1, Tag(network) -> 1), taskDefinitionKey: ScopedKey(Scope(Select(ProjectRef(file:/D:/Github/Effective-Programming-in-Scala/Week_3/sbt-project/,sbt-project)), Zero, Zero, Zero),update)))), tpe=Error, msg=None, causes=List(), directCause=Some(sbt.librarymanagement.ResolveException: Error downloading org.scalameta:sbt-munit:0.7.29
2023.06.01 20:32:35 INFO  [error]   Not found
2023.06.01 20:32:35 INFO  [error]   Not found
2023.06.01 20:32:35 INFO  [error]   not found: C:\Users\Sanjay\.ivy2\localorg.scalameta\sbt-munit\0.7.29\ivys\ivy.xml
2023.06.01 20:32:35 INFO  [error]   not found: https://repo1.maven.org/maven2/org/scalameta/sbt-munit/0.7.29/sbt-munit-0.7.29.pom))), directCause=None)), directCause=None)), directCause=None)), directCause=None), Incomplete(node=Some(Task((taskDefinitionKey: ScopedKey(Scope(Select(ProjectRef(file:/D:/Github/Effective-Programming-in-Scala/Week_3/sbt-project/,sbt-project)), Zero, Zero, Zero),update)))), tpe=Error, msg=None, causes=List(Incomplete(node=Some(Task((tags: Map(Tag(update) -> 1, Tag(network) -> 1), taskDefinitionKey: ScopedKey(Scope(Select(ProjectRef(file:/D:/Github/Effective-Programming-in-Scala/Week_3/sbt-project/,sbt-project)), Zero, Zero, Zero),update)))), tpe=Error, msg=None, causes=List(), directCause=Some(sbt.librarymanagement.ResolveException: Error downloading org.scalameta:sbt-munit:0.7.29
2023.06.01 20:32:35 INFO  [error]   Not found
2023.06.01 20:32:35 INFO  [error]   Not found
2023.06.01 20:32:35 INFO  [error]   not found: C:\Users\Sanjay\.ivy2\localorg.scalameta\sbt-munit\0.7.29\ivys\ivy.xml
2023.06.01 20:32:35 INFO  [error]   not found: https://repo1.maven.org/maven2/org/scalameta/sbt-munit/0.7.29/sbt-munit-0.7.29.pom))), directCause=None), Incomplete(node=Some(Task(_)), tpe=Error, msg=None, causes=List(Incomplete(node=Some(Task(_)), tpe=Error, msg=None, causes=List(Incomplete(node=Some(Task((taskDefinitionKey: ScopedKey(Scope(Select(ProjectRef(file:/D:/Github/Effective-Programming-in-Scala/Week_3/sbt-project/,sbt-project)), Select(ConfigKey(test)), Zero, Zero),externalDependencyClasspath)))), tpe=Error, msg=None, causes=List(Incomplete(node=Some(Task(_)), tpe=Error, msg=None, causes=List(Incomplete(node=Some(Task((taskDefinitionKey: ScopedKey(Scope(Select(ProjectRef(file:/D:/Github/Effective-Programming-in-Scala/Week_3/sbt-project/,sbt-project)), Select(ConfigKey(test)), Zero, Zero),managedClasspath)))), tpe=Error, msg=None, causes=List(Incomplete(node=Some(Task(_)), tpe=Error, msg=None, causes=List(Incomplete(node=Some(Task((taskDefinitionKey: ScopedKey(Scope(Select(ProjectRef(file:/D:/Github/Effective-Programming-in-Scala/Week_3/sbt-project/,sbt-project)), Zero, Zero, Zero),update)))), tpe=Error, msg=None, causes=List(Incomplete(node=Some(Task((tags: Map(Tag(update) -> 1, Tag(network) -> 1), taskDefinitionKey: ScopedKey(Scope(Select(ProjectRef(file:/D:/Github/Effective-Programming-in-Scala/Week_3/sbt-project/,sbt-project)), Zero, Zero, Zero),update)))), tpe=Error, msg=None, causes=List(), directCause=Some(sbt.librarymanagement.ResolveException: Error downloading org.scalameta:sbt-munit:0.7.29
2023.06.01 20:32:35 INFO  [error]   not found: https://repo1.maven.org/maven2/org/scalameta/sbt-munit/0.7.29/sbt-munit-0.7.29.pom))), directCause=None), Incomplete(node=Some(Task((taskDefinitionKey: ScopedKey(Scope(Select(ProjectRef(file:/D:/Github/Effective-Programming-in-Scala/Week_3/sbt-project/,sbt-project)), Select(ConfigKey(compile)), Zero, Zero),classpathConfiguration)))), tpe=Error, msg=None, causes=List(Incomplete(node=Some(Task((taskDefinitionKey: ScopedKey(Scope(Select(ProjectRef(file:/D:/Github/Effective-Programming-in-Scala/Week_3/sbt-project/,sbt-project)), Zero, Zero, Zero),update)))), tpe=Error, msg=None, causes=List(Incomplete(node=Some(Task((tags: Map(Tag(update) -> 1, Tag(network) -> 1), taskDefinitionKey: ScopedKey(Scope(Select(ProjectRef(file:/D:/Github/Effective-Programming-in-Scala/Week_3/sbt-project/,sbt-project)), Zero, Zero, Zero),update)))), tpe=Error, msg=None, causes=List(), directCause=Some(sbt.librarymanagement.ResolveException: Error downloading org.scalameta:sbt-munit:0.7.29
2023.06.01 20:32:35 INFO  [error]   Not found
2023.06.01 20:32:35 INFO  [error]   Not found
2023.06.01 20:32:35 INFO  [error]   not found: C:\Users\Sanjay\.ivy2\localorg.scalameta\sbt-munit\0.7.29\ivys\ivy.xml
2023.06.01 20:32:35 INFO  [error]   not found: https://repo1.maven.org/maven2/org/scalameta/sbt-munit/0.7.29/sbt-munit-0.7.29.pom))), directCause=None)), directCause=None)), directCause=None)), directCause=None)), directCause=None)), directCause=None)), directCause=None)), directCause=None), Incomplete(node=Some(Task((taskDefinitionKey: ScopedKey(Scope(Select(ProjectRef(file:/D:/Github/Effective-Programming-in-Scala/Week_3/sbt-project/,sbt-project)), Select(ConfigKey(compile)), Zero, Zero),bloopInternalClasspath)))), tpe=Error, msg=None, causes=List(Incomplete(node=Some(Task(_)), tpe=Error, msg=None, causes=List(Incomplete(node=Some(Task((taskDefinitionKey: ScopedKey(Scope(Select(ProjectRef(file:/D:/Github/Effective-Programming-in-Scala/Week_3/sbt-project/,sbt-project)), Select(ConfigKey(compile)), Zero, Zero),classpathConfiguration)))), tpe=Error, msg=None, causes=List(Incomplete(node=Some(Task((taskDefinitionKey: ScopedKey(Scope(Select(ProjectRef(file:/D:/Github/Effective-Programming-in-Scala/Week_3/sbt-project/,sbt-project)), Zero, Zero, Zero),update)))), tpe=Error, msg=None, causes=List(Incomplete(node=Some(Task((tags: Map(Tag(update) -> 1, Tag(network) -> 1), taskDefinitionKey: ScopedKey(Scope(Select(ProjectRef(file:/D:/Github/Effective-Programming-in-Scala/Week_3/sbt-project/,sbt-project)), Zero, Zero, Zero),update)))), tpe=Error, msg=None, causes=List(), directCause=Some(sbt.librarymanagement.ResolveException: Error downloading org.scalameta:sbt-munit:0.7.29
2023.06.01 20:32:35 INFO  [error]   Not found
2023.06.01 20:32:35 INFO  [error]   Not found
2023.06.01 20:32:35 INFO  [error]   not found: C:\Users\Sanjay\.ivy2\localorg.scalameta\sbt-munit\0.7.29\ivys\ivy.xml
2023.06.01 20:32:35 INFO  [error]   Not found
2023.06.01 20:32:35 INFO  [error]   not found: https://repo1.maven.org/maven2/org/scalameta/sbt-munit/0.7.29/sbt-munit-0.7.29.pom))), directCause=None)), directCause=None)), directCause=None)), directCause=None), Incomplete(node=Some(Task((taskDefinitionKey: ScopedKey(Scope(Select(ProjectRef(file:/D:/Github/Effective-Programming-in-Scala/Week_3/sbt-project/,sbt-project)), Select(ConfigKey(compile)), Zero, Zero),scalacOptions)))), tpe=Error, msg=None, causes=List(Incomplete(node=Some(Task((taskDefinitionKey: ScopedKey(Scope(Select(ProjectRef(file:/D:/Github/Effective-Programming-in-Scala/Week_3/sbt-project/,sbt-project)), Select(ConfigKey(compile)), Zero, Zero),scalacOptions)))), tpe=Error, msg=None, causes=List(Incomplete(node=Some(Task((taskDefinitionKey: ScopedKey(Scope(Select(ProjectRef(file:/D:/Github/Effective-Programming-in-Scala/Week_3/sbt-project/,sbt-project)), Select(ConfigKey(compile)), Zero, Zero),scalacOptions)))), tpe=Error, msg=None, causes=List(Incomplete(node=Some(Task((taskDefinitionKey: ScopedKey(Scope(Select(ProjectRef(file:/D:/Github/Effective-Programming-in-Scala/Week_3/sbt-project/,sbt-project)), Select(ConfigKey(compile)), Zero, Zero),scalacOptions)))), tpe=Error, msg=None, causes=List(Incomplete(node=Some(Task((taskDefinitionKey: ScopedKey(Scope(Select(ProjectRef(file:/D:/Github/Effective-Programming-in-Scala/Week_3/sbt-project/,sbt-project)), Select(ConfigKey(compile)), Zero, Zero),scalacOptions)))), tpe=Error, msg=None, causes=List(Incomplete(node=Some(Task((taskDefinitionKey: ScopedKey(Scope(Select(ProjectRef(file:/D:/Github/Effective-Programming-in-Scala/Week_3/sbt-project/,sbt-project)), Zero, Zero, Zero),update)))), tpe=Error, msg=None, causes=List(Incomplete(node=Some(Task((tags: Map(Tag(update) -> 1, Tag(network) -> 1), taskDefinitionKey: ScopedKey(Scope(Select(ProjectRef(file:/D:/Github/Effective-Programming-in-Scala/Week_3/sbt-project/,sbt-project)), Zero, Zero, Zero),update)))), tpe=Error, msg=None, causes=List(), directCause=Some(sbt.librarymanagement.ResolveException: Error downloading org.scalameta:sbt-munit:0.7.29
2023.06.01 20:32:35 INFO  [error]   Not found
2023.06.01 20:32:35 INFO  [error]   Not found
2023.06.01 20:32:35 INFO  [error]   not found: C:\Users\Sanjay\.ivy2\localorg.scalameta\sbt-munit\0.7.29\ivys\ivy.xml
2023.06.01 20:32:35 INFO  [error]   not found: https://repo1.maven.org/maven2/org/scalameta/sbt-munit/0.7.29/sbt-munit-0.7.29.pom))), directCause=None)), directCause=None)), directCause=None)), directCause=None)), directCause=None)), directCause=None), Incomplete(node=Some(Task(_)), tpe=Error, msg=None, causes=List(Incomplete(node=Some(Task((taskDefinitionKey: ScopedKey(Scope(Select(ProjectRef(file:/D:/Github/Effective-Programming-in-Scala/Week_3/sbt-project/,sbt-project)), Select(ConfigKey(compile)), Zero, Zero),externalDependencyClasspath)))), tpe=Error, msg=None, causes=List(Incomplete(node=Some(Task(_)), tpe=Error, msg=None, causes=List(Incomplete(node=Some(Task((taskDefinitionKey: ScopedKey(Scope(Select(ProjectRef(file:/D:/Github/Effective-Programming-in-Scala/Week_3/sbt-project/,sbt-project)), Select(ConfigKey(compile)), Zero, Zero),managedClasspath)))), tpe=Error, msg=None, causes=List(Incomplete(node=Some(Task(_)), tpe=Error, msg=None, causes=List(Incomplete(node=Some(Task((taskDefinitionKey: ScopedKey(Scope(Select(ProjectRef(file:/D:/Github/Effective-Programming-in-Scala/Week_3/sbt-project/,sbt-project)), Zero, Zero, Zero),update)))), tpe=Error, msg=None, causes=List(Incomplete(node=Some(Task((tags: Map(Tag(update) -> 1, Tag(network) -> 1), taskDefinitionKey: ScopedKey(Scope(Select(ProjectRef(file:/D:/Github/Effective-Programming-in-Scala/Week_3/sbt-project/,sbt-project)), Zero, Zero, Zero),update)))), tpe=Error, msg=None, causes=List(), directCause=Some(sbt.librarymanagement.ResolveException: Error downloading org.scalameta:sbt-munit:0.7.29
2023.06.01 20:32:35 INFO  [error]   Not found
2023.06.01 20:32:35 INFO  [error]   Not found
2023.06.01 20:32:35 INFO  [error]   Not found
2023.06.01 20:32:35 INFO  [error]   not found: C:\Users\Sanjay\.ivy2\localorg.scalameta\sbt-munit\0.7.29\ivys\ivy.xml
2023.06.01 20:32:35 INFO  [error]   not found: https://repo1.maven.org/maven2/org/scalameta/sbt-munit/0.7.29/sbt-munit-0.7.29.pom))), directCause=None), Incomplete(node=Some(Task((taskDefinitionKey: ScopedKey(Scope(Select(ProjectRef(file:/D:/Github/Effective-Programming-in-Scala/Week_3/sbt-project/,sbt-project)), Select(ConfigKey(compile)), Zero, Zero),classpathConfiguration)))), tpe=Error, msg=None, causes=List(Incomplete(node=Some(Task((taskDefinitionKey: ScopedKey(Scope(Select(ProjectRef(file:/D:/Github/Effective-Programming-in-Scala/Week_3/sbt-project/,sbt-project)), Zero, Zero, Zero),update)))), tpe=Error, msg=None, causes=List(Incomplete(node=Some(Task((tags: Map(Tag(update) -> 1, Tag(network) -> 1), taskDefinitionKey: ScopedKey(Scope(Select(ProjectRef(file:/D:/Github/Effective-Programming-in-Scala/Week_3/sbt-project/,sbt-project)), Zero, Zero, Zero),update)))), tpe=Error, msg=None, causes=List(), directCause=Some(sbt.librarymanagement.ResolveException: Error downloading org.scalameta:sbt-munit:0.7.29
2023.06.01 20:32:35 INFO  [error]   Not found
2023.06.01 20:32:35 INFO  [error]   Not found
2023.06.01 20:32:35 INFO  [error]   not found: C:\Users\Sanjay\.ivy2\localorg.scalameta\sbt-munit\0.7.29\ivys\ivy.xml
2023.06.01 20:32:35 INFO  [error]   not found: https://repo1.maven.org/maven2/org/scalameta/sbt-munit/0.7.29/sbt-munit-0.7.29.pom))), directCause=None)), directCause=None)), directCause=None)), directCause=None)), directCause=None)), directCause=None), Incomplete(node=Some(Task((taskDefinitionKey: ScopedKey(Scope(Select(ProjectRef(file:/D:/Github/Effective-Programming-in-Scala/Week_3/sbt-project/,sbt-project)), Select(ConfigKey(compile)), Zero, Zero),bloopInternalClasspath)))), tpe=Error, msg=None, causes=List(Incomplete(node=Some(Task(_)), tpe=Error, msg=None, causes=List(Incomplete(node=Some(Task((taskDefinitionKey: ScopedKey(Scope(Select(ProjectRef(file:/D:/Github/Effective-Programming-in-Scala/Week_3/sbt-project/,sbt-project)), Select(ConfigKey(compile)), Zero, Zero),classpathConfiguration)))), tpe=Error, msg=None, causes=List(Incomplete(node=Some(Task((taskDefinitionKey: ScopedKey(Scope(Select(ProjectRef(file:/D:/Github/Effective-Programming-in-Scala/Week_3/sbt-project/,sbt-project)), Zero, Zero, Zero),update)))), tpe=Error, msg=None, causes=List(Incomplete(node=Some(Task((tags: Map(Tag(update) -> 1, Tag(network) -> 1), taskDefinitionKey: ScopedKey(Scope(Select(ProjectRef(file:/D:/Github/Effective-Programming-in-Scala/Week_3/sbt-project/,sbt-project)), Zero, Zero, Zero),update)))), tpe=Error, msg=None, causes=List(), directCause=Some(sbt.librarymanagement.ResolveException: Error downloading org.scalameta:sbt-munit:0.7.29
2023.06.01 20:32:35 INFO  [error]   Not found
2023.06.01 20:32:35 INFO  [error]   Not found
2023.06.01 20:32:35 INFO  [error]   not found: C:\Users\Sanjay\.ivy2\localorg.scalameta\sbt-munit\0.7.29\ivys\ivy.xml
2023.06.01 20:32:35 INFO  [error]   not found: https://repo1.maven.org/maven2/org/scalameta/sbt-munit/0.7.29/sbt-munit-0.7.29.pom))), directCause=None)), directCause=None)), directCause=None)), directCause=None)), directCause=None), Incomplete(node=Some(Task((taskDefinitionKey: ScopedKey(Scope(Select(ProjectRef(file:/D:/Github/Effective-Programming-in-Scala/Week_3/sbt-project/,sbt-project)), Zero, Zero, Zero),scalaInstance)))), tpe=Error, msg=None, causes=List(Incomplete(node=Some(Task(_)), tpe=Error, msg=None, causes=List(Incomplete(node=Some(Task((taskDefinitionKey: ScopedKey(Scope(Select(ProjectRef(file:/D:/Github/Effective-Programming-in-Scala/Week_3/sbt-project/,sbt-project)), Zero, Zero, Zero),update)))), tpe=Error, msg=None, causes=List(Incomplete(node=Some(Task((tags: Map(Tag(update) -> 1, Tag(network) -> 1), taskDefinitionKey: ScopedKey(Scope(Select(ProjectRef(file:/D:/Github/Effective-Programming-in-Scala/Week_3/sbt-project/,sbt-project)), Zero, Zero, Zero),update)))), tpe=Error, msg=None, causes=List(), directCause=Some(sbt.librarymanagement.ResolveException: Error downloading org.scalameta:sbt-munit:0.7.29
2023.06.01 20:32:35 INFO  [error]   Not found
2023.06.01 20:32:35 INFO  [error]   Not found
2023.06.01 20:32:35 INFO  [error]   not found: C:\Users\Sanjay\.ivy2\localorg.scalameta\sbt-munit\0.7.29\ivys\ivy.xml
2023.06.01 20:32:35 INFO  [error]   not found: https://repo1.maven.org/maven2/org/scalameta/sbt-munit/0.7.29/sbt-munit-0.7.29.pom))), directCause=None)), directCause=None)), directCause=None)), directCause=None)
2023.06.01 20:32:35 INFO  [error]   not found: C:\Users\Sanjay\.ivy2\localorg.scalameta\sbt-munit\0.7.29\ivys\ivy.xml
2023.06.01 20:32:35 INFO  [error]   not found: https://repo1.maven.org/maven2/org/scalameta/sbt-munit/0.7.29/sbt-munit-0.7.29.pom))), directCause=None), Incomplete(node=Some(Task((taskDefinitionKey: ScopedKey(Scope(Select(ProjectRef(file:/D:/Github/Effective-Programming-in-Scala/Week_3/sbt-project/,sbt-project)), Select(ConfigKey(test)), Zero, Zero),classpathConfiguration)))), tpe=Error, msg=None, causes=List(Incomplete(node=Some(Task((taskDefinitionKey: ScopedKey(Scope(Select(ProjectRef(file:/D:/Github/Effective-Programming-in-Scala/Week_3/sbt-project/,sbt-project)), Zero, Zero, Zero),update)))), tpe=Error, msg=None, causes=List(Incomplete(node=Some(Task((tags: Map(Tag(update) -> 1, Tag(network) -> 1), taskDefinitionKey: ScopedKey(Scope(Select(ProjectRef(file:/D:/Github/Effective-Programming-in-Scala/Week_3/sbt-project/,sbt-project)), Zero, Zero, Zero),update)))), tpe=Error, msg=None, causes=List(), directCause=Some(sbt.librarymanagement.ResolveException: Error downloading org.scalameta:sbt-munit:0.7.29
2023.06.01 20:32:35 INFO  [error]   Not found
2023.06.01 20:32:35 INFO  [error]   Not found
2023.06.01 20:32:35 INFO  [error]   not found: C:\Users\Sanjay\.ivy2\localorg.scalameta\sbt-munit\0.7.29\ivys\ivy.xml
2023.06.01 20:32:35 INFO  [error]   not found: https://repo1.maven.org/maven2/org/scalameta/sbt-munit/0.7.29/sbt-munit-0.7.29.pom))), directCause=None), Incomplete(node=Some(Task((taskDefinitionKey: ScopedKey(Scope(Select(ProjectRef(file:/D:/Github/Effective-Programming-in-Scala/Week_3/sbt-project/,sbt-project)), Select(ConfigKey(runtime)), Zero, Zero),classpathConfiguration)))), tpe=Error, msg=None, causes=List(Incomplete(node=Some(Task((taskDefinitionKey: ScopedKey(Scope(Select(ProjectRef(file:/D:/Github/Effective-Programming-in-Scala/Week_3/sbt-project/,sbt-project)), Zero, Zero, Zero),update)))), tpe=Error, msg=None, causes=List(Incomplete(node=Some(Task((tags: Map(Tag(update) -> 1, Tag(network) -> 1), taskDefinitionKey: ScopedKey(Scope(Select(ProjectRef(file:/D:/Github/Effective-Programming-in-Scala/Week_3/sbt-project/,sbt-project)), Zero, Zero, Zero),update)))), tpe=Error, msg=None, causes=List(), directCause=Some(sbt.librarymanagement.ResolveException: Error downloading org.scalameta:sbt-munit:0.7.29
2023.06.01 20:32:35 INFO  [error]   Not found
2023.06.01 20:32:35 INFO  [error]   Not found
2023.06.01 20:32:35 INFO  [error]   not found: C:\Users\Sanjay\.ivy2\localorg.scalameta\sbt-munit\0.7.29\ivys\ivy.xml
2023.06.01 20:32:35 INFO  [error]   not found: https://repo1.maven.org/maven2/org/scalameta/sbt-munit/0.7.29/sbt-munit-0.7.29.pom))), directCause=None), Incomplete(node=Some(Task((taskDefinitionKey: ScopedKey(Scope(Select(ProjectRef(file:/D:/Github/Effective-Programming-in-Scala/Week_3/sbt-project/,sbt-project)), Select(ConfigKey(compile)), Zero, Zero),classpathConfiguration)))), tpe=Error, msg=None, causes=List(Incomplete(node=Some(Task((taskDefinitionKey: ScopedKey(Scope(Select(ProjectRef(file:/D:/Github/Effective-Programming-in-Scala/Week_3/sbt-project/,sbt-project)), Zero, Zero, Zero),update)))), tpe=Error, msg=None, causes=List(Incomplete(node=Some(Task((tags: Map(Tag(update) -> 1, Tag(network) -> 1), taskDefinitionKey: ScopedKey(Scope(Select(ProjectRef(file:/D:/Github/Effective-Programming-in-Scala/Week_3/sbt-project/,sbt-project)), Zero, Zero, Zero),update)))), tpe=Error, msg=None, causes=List(), directCause=Some(sbt.librarymanagement.ResolveException: Error downloading org.scalameta:sbt-munit:0.7.29
2023.06.01 20:32:35 INFO  [error]   Not found
2023.06.01 20:32:35 INFO  [error]   Not found
2023.06.01 20:32:35 INFO  [error]   not found: C:\Users\Sanjay\.ivy2\localorg.scalameta\sbt-munit\0.7.29\ivys\ivy.xml
2023.06.01 20:32:35 INFO  [error]   not found: https://repo1.maven.org/maven2/org/scalameta/sbt-munit/0.7.29/sbt-munit-0.7.29.pom))), directCause=None)), directCause=None)), directCause=None)), directCause=None)), directCause=None)), directCause=None)), directCause=None)), directCause=None)), directCause=None)), directCause=None), Incomplete(node=Some(Task((taskDefinitionKey: ScopedKey(Scope(Select(ProjectRef(file:/D:/Github/Effective-Programming-in-Scala/Week_3/sbt-project/,sbt-project)), Select(ConfigKey(test)), Zero, Zero),bloopInternalClasspath)))), tpe=Error, msg=None, causes=List(Incomplete(node=Some(Task(_)), tpe=Error, msg=None, causes=List(Incomplete(node=Some(Task((taskDefinitionKey: ScopedKey(Scope(Select(ProjectRef(file:/D:/Github/Effective-Programming-in-Scala/Week_3/sbt-project/,sbt-project)), Select(ConfigKey(test)), Zero, Zero),classpathConfiguration)))), tpe=Error, msg=None, causes=List(Incomplete(node=Some(Task((taskDefinitionKey: ScopedKey(Scope(Select(ProjectRef(file:/D:/Github/Effective-Programming-in-Scala/Week_3/sbt-project/,sbt-project)), Zero, Zero, Zero),update)))), tpe=Error, msg=None, causes=List(Incomplete(node=Some(Task((tags: Map(Tag(update) -> 1, Tag(network) -> 1), taskDefinitionKey: ScopedKey(Scope(Select(ProjectRef(file:/D:/Github/Effective-Programming-in-Scala/Week_3/sbt-project/,sbt-project)), Zero, Zero, Zero),update)))), tpe=Error, msg=None, causes=List(), directCause=Some(sbt.librarymanagement.ResolveException: Error downloading org.scalameta:sbt-munit:0.7.29
2023.06.01 20:32:35 INFO  [error]   Not found
2023.06.01 20:32:35 INFO  [error]   Not found
2023.06.01 20:32:35 INFO  [error]   not found: C:\Users\Sanjay\.ivy2\localorg.scalameta\sbt-munit\0.7.29\ivys\ivy.xml
2023.06.01 20:32:35 INFO  [error]   not found: https://repo1.maven.org/maven2/org/scalameta/sbt-munit/0.7.29/sbt-munit-0.7.29.pom))), directCause=None), Incomplete(node=Some(Task((taskDefinitionKey: ScopedKey(Scope(Select(ProjectRef(file:/D:/Github/Effective-Programming-in-Scala/Week_3/sbt-project/,sbt-project)), Select(ConfigKey(runtime)), Zero, Zero),classpathConfiguration)))), tpe=Error, msg=None, causes=List(Incomplete(node=Some(Task((taskDefinitionKey: ScopedKey(Scope(Select(ProjectRef(file:/D:/Github/Effective-Programming-in-Scala/Week_3/sbt-project/,sbt-project)), Zero, Zero, Zero),update)))), tpe=Error, msg=None, causes=List(Incomplete(node=Some(Task((tags: Map(Tag(update) -> 1, Tag(network) -> 1), taskDefinitionKey: ScopedKey(Scope(Select(ProjectRef(file:/D:/Github/Effective-Programming-in-Scala/Week_3/sbt-project/,sbt-project)), Zero, Zero, Zero),update)))), tpe=Error, msg=None, causes=List(), directCause=Some(sbt.librarymanagement.ResolveException: Error downloading org.scalameta:sbt-munit:0.7.29
2023.06.01 20:32:35 INFO  [error]   Not found
2023.06.01 20:32:35 INFO  [error]   Not found
2023.06.01 20:32:35 INFO  [error]   not found: C:\Users\Sanjay\.ivy2\localorg.scalameta\sbt-munit\0.7.29\ivys\ivy.xml
2023.06.01 20:32:35 INFO  [error]   not found: https://repo1.maven.org/maven2/org/scalameta/sbt-munit/0.7.29/sbt-munit-0.7.29.pom))), directCause=None), Incomplete(node=Some(Task((taskDefinitionKey: ScopedKey(Scope(Select(ProjectRef(file:/D:/Github/Effective-Programming-in-Scala/Week_3/sbt-project/,sbt-project)), Select(ConfigKey(compile)), Zero, Zero),classpathConfiguration)))), tpe=Error, msg=None, causes=List(Incomplete(node=Some(Task((taskDefinitionKey: ScopedKey(Scope(Select(ProjectRef(file:/D:/Github/Effective-Programming-in-Scala/Week_3/sbt-project/,sbt-project)), Zero, Zero, Zero),update)))), tpe=Error, msg=None, causes=List(Incomplete(node=Some(Task((tags: Map(Tag(update) -> 1, Tag(network) -> 1), taskDefinitionKey: ScopedKey(Scope(Select(ProjectRef(file:/D:/Github/Effective-Programming-in-Scala/Week_3/sbt-project/,sbt-project)), Zero, Zero, Zero),update)))), tpe=Error, msg=None, causes=List(), directCause=Some(sbt.librarymanagement.ResolveException: Error downloading org.scalameta:sbt-munit:0.7.29
2023.06.01 20:32:35 INFO  [error]   Not found
2023.06.01 20:32:35 INFO  [error]   Not found
2023.06.01 20:32:35 INFO  [error]   not found: C:\Users\Sanjay\.ivy2\localorg.scalameta\sbt-munit\0.7.29\ivys\ivy.xml
2023.06.01 20:32:35 INFO  [error]   not found: https://repo1.maven.org/maven2/org/scalameta/sbt-munit/0.7.29/sbt-munit-0.7.29.pom))), directCause=None)), directCause=None)), directCause=None)), directCause=None)), directCause=None)), directCause=None), Incomplete(node=Some(Task((taskDefinitionKey: ScopedKey(Scope(Select(ProjectRef(file:/D:/Github/Effective-Programming-in-Scala/Week_3/sbt-project/,sbt-project)), Select(ConfigKey(test)), Zero, Zero),scalacOptions)))), tpe=Error, msg=None, causes=List(Incomplete(node=Some(Task((taskDefinitionKey: ScopedKey(Scope(Select(ProjectRef(file:/D:/Github/Effective-Programming-in-Scala/Week_3/sbt-project/,sbt-project)), Select(ConfigKey(test)), Zero, Zero),scalacOptions)))), tpe=Error, msg=None, causes=List(Incomplete(node=Some(Task((taskDefinitionKey: ScopedKey(Scope(Select(ProjectRef(file:/D:/Github/Effective-Programming-in-Scala/Week_3/sbt-project/,sbt-project)), Select(ConfigKey(test)), Zero, Zero),scalacOptions)))), tpe=Error, msg=None, causes=List(Incomplete(node=Some(Task((taskDefinitionKey: ScopedKey(Scope(Select(ProjectRef(file:/D:/Github/Effective-Programming-in-Scala/Week_3/sbt-project/,sbt-project)), Zero, Zero, Zero),update)))), tpe=Error, msg=None, causes=List(Incomplete(node=Some(Task((tags: Map(Tag(update) -> 1, Tag(network) -> 1), taskDefinitionKey: ScopedKey(Scope(Select(ProjectRef(file:/D:/Github/Effective-Programming-in-Scala/Week_3/sbt-project/,sbt-project)), Zero, Zero, Zero),update)))), tpe=Error, msg=None, causes=List(), directCause=Some(sbt.librarymanagement.ResolveException: Error downloading org.scalameta:sbt-munit:0.7.29
2023.06.01 20:32:35 INFO  [error]   Not found
2023.06.01 20:32:35 INFO  [error]   Not found
2023.06.01 20:32:35 INFO  [error]   not found: C:\Users\Sanjay\.ivy2\localorg.scalameta\sbt-munit\0.7.29\ivys\ivy.xml
2023.06.01 20:32:35 INFO  [error]   not found: https://repo1.maven.org/maven2/org/scalameta/sbt-munit/0.7.29/sbt-munit-0.7.29.pom))), directCause=None), Incomplete(node=Some(Task((taskDefinitionKey: ScopedKey(Scope(Select(ProjectRef(file:/D:/Github/Effective-Programming-in-Scala/Week_3/sbt-project/,sbt-project)), Select(ConfigKey(test)), Zero, Zero),scalacOptions)))), tpe=Error, msg=None, causes=List(Incomplete(node=Some(Task((taskDefinitionKey: ScopedKey(Scope(Select(ProjectRef(file:/D:/Github/Effective-Programming-in-Scala/Week_3/sbt-project/,sbt-project)), Select(ConfigKey(test)), Zero, Zero),scalacOptions)))), tpe=Error, msg=None, causes=List(Incomplete(node=Some(Task((taskDefinitionKey: ScopedKey(Scope(Select(ProjectRef(file:/D:/Github/Effective-Programming-in-Scala/Week_3/sbt-project/,sbt-project)), Select(ConfigKey(compile)), Zero, Zero),scalacOptions)))), tpe=Error, msg=None, causes=List(Incomplete(node=Some(Task((taskDefinitionKey: ScopedKey(Scope(Select(ProjectRef(file:/D:/Github/Effective-Programming-in-Scala/Week_3/sbt-project/,sbt-project)), Select(ConfigKey(compile)), Zero, Zero),scalacOptions)))), tpe=Error, msg=None, causes=List(Incomplete(node=Some(Task((taskDefinitionKey: ScopedKey(Scope(Select(ProjectRef(file:/D:/Github/Effective-Programming-in-Scala/Week_3/sbt-project/,sbt-project)), Select(ConfigKey(compile)), Zero, Zero),scalacOptions)))), tpe=Error, msg=None, causes=List(Incomplete(node=Some(Task((taskDefinitionKey: ScopedKey(Scope(Select(ProjectRef(file:/D:/Github/Effective-Programming-in-Scala/Week_3/sbt-project/,sbt-project)), Select(ConfigKey(compile)), Zero, Zero),scalacOptions)))), tpe=Error, msg=None, causes=List(Incomplete(node=Some(Task((taskDefinitionKey: ScopedKey(Scope(Select(ProjectRef(file:/D:/Github/Effective-Programming-in-Scala/Week_3/sbt-project/,sbt-project)), Select(ConfigKey(compile)), Zero, Zero),scalacOptions)))), tpe=Error, msg=None, causes=List(Incomplete(node=Some(Task((taskDefinitionKey: ScopedKey(Scope(Select(ProjectRef(file:/D:/Github/Effective-Programming-in-Scala/Week_3/sbt-project/,sbt-project)), Zero, Zero, Zero),update)))), tpe=Error, msg=None, causes=List(Incomplete(node=Some(Task((tags: Map(Tag(update) -> 1, Tag(network) -> 1), taskDefinitionKey: ScopedKey(Scope(Select(ProjectRef(file:/D:/Github/Effective-Programming-in-Scala/Week_3/sbt-project/,sbt-project)), Zero, Zero, Zero),update)))), tpe=Error, msg=None, causes=List(), directCause=Some(sbt.librarymanagement.ResolveException: Error downloading org.scalameta:sbt-munit:0.7.29
2023.06.01 20:32:35 INFO  [error]   Not found
2023.06.01 20:32:35 INFO  [error]   Not found
2023.06.01 20:32:35 INFO  [error]   not found: C:\Users\Sanjay\.ivy2\localorg.scalameta\sbt-munit\0.7.29\ivys\ivy.xml
2023.06.01 20:32:35 INFO  [error]   not found: https://repo1.maven.org/maven2/org/scalameta/sbt-munit/0.7.29/sbt-munit-0.7.29.pom))), directCause=None)), directCause=None)), directCause=None)), directCause=None)), directCause=None)), directCause=None)), directCause=None)), directCause=None)), directCause=None)), directCause=None)), directCause=None), Incomplete(node=Some(Task(_)), tpe=Error, msg=None, causes=List(Incomplete(node=Some(Task((taskDefinitionKey: ScopedKey(Scope(Select(ProjectRef(file:/D:/Github/Effective-Programming-in-Scala/Week_3/sbt-project/,sbt-project)), Select(ConfigKey(test)), Zero, Zero),externalDependencyClasspath)))), tpe=Error, msg=None, causes=List(Incomplete(node=Some(Task(_)), tpe=Error, msg=None, causes=List(Incomplete(node=Some(Task((taskDefinitionKey: ScopedKey(Scope(Select(ProjectRef(file:/D:/Github/Effective-Programming-in-Scala/Week_3/sbt-project/,sbt-project)), Select(ConfigKey(test)), Zero, Zero),managedClasspath)))), tpe=Error, msg=None, causes=List(Incomplete(node=Some(Task(_)), tpe=Error, msg=None, causes=List(Incomplete(node=Some(Task((taskDefinitionKey: ScopedKey(Scope(Select(ProjectRef(file:/D:/Github/Effective-Programming-in-Scala/Week_3/sbt-project/,sbt-project)), Zero, Zero, Zero),update)))), tpe=Error, msg=None, causes=List(Incomplete(node=Some(Task((tags: Map(Tag(update) -> 1, Tag(network) -> 1), taskDefinitionKey: ScopedKey(Scope(Select(ProjectRef(file:/D:/Github/Effective-Programming-in-Scala/Week_3/sbt-project/,sbt-project)), Zero, Zero, Zero),update)))), tpe=Error, msg=None, causes=List(), directCause=Some(sbt.librarymanagement.ResolveException: Error downloading org.scalameta:sbt-munit:0.7.29
2023.06.01 20:32:35 INFO  [error]   Not found
2023.06.01 20:32:35 INFO  [error]   Not found
2023.06.01 20:32:35 INFO  [error]   not found: C:\Users\Sanjay\.ivy2\localorg.scalameta\sbt-munit\0.7.29\ivys\ivy.xml
2023.06.01 20:32:35 INFO  [error]   not found: https://repo1.maven.org/maven2/org/scalameta/sbt-munit/0.7.29/sbt-munit-0.7.29.pom))), directCause=None), Incomplete(node=Some(Task((taskDefinitionKey: ScopedKey(Scope(Select(ProjectRef(file:/D:/Github/Effective-Programming-in-Scala/Week_3/sbt-project/,sbt-project)), Select(ConfigKey(test)), Zero, Zero),classpathConfiguration)))), tpe=Error, msg=None, causes=List(Incomplete(node=Some(Task((taskDefinitionKey: ScopedKey(Scope(Select(ProjectRef(file:/D:/Github/Effective-Programming-in-Scala/Week_3/sbt-project/,sbt-project)), Zero, Zero, Zero),update)))), tpe=Error, msg=None, causes=List(Incomplete(node=Some(Task((tags: Map(Tag(update) -> 1, Tag(network) -> 1), taskDefinitionKey: ScopedKey(Scope(Select(ProjectRef(file:/D:/Github/Effective-Programming-in-Scala/Week_3/sbt-project/,sbt-project)), Zero, Zero, Zero),update)))), tpe=Error, msg=None, causes=List(), directCause=Some(sbt.librarymanagement.ResolveException: Error downloading org.scalameta:sbt-munit:0.7.29
2023.06.01 20:32:35 INFO  [error]   Not found
2023.06.01 20:32:35 INFO  [error]   Not found
2023.06.01 20:32:35 INFO  [error]   not found: C:\Users\Sanjay\.ivy2\localorg.scalameta\sbt-munit\0.7.29\ivys\ivy.xml
2023.06.01 20:32:35 INFO  [error]   not found: https://repo1.maven.org/maven2/org/scalameta/sbt-munit/0.7.29/sbt-munit-0.7.29.pom))), directCause=None), Incomplete(node=Some(Task((taskDefinitionKey: ScopedKey(Scope(Select(ProjectRef(file:/D:/Github/Effective-Programming-in-Scala/Week_3/sbt-project/,sbt-project)), Select(ConfigKey(runtime)), Zero, Zero),classpathConfiguration)))), tpe=Error, msg=None, causes=List(Incomplete(node=Some(Task((taskDefinitionKey: ScopedKey(Scope(Select(ProjectRef(file:/D:/Github/Effective-Programming-in-Scala/Week_3/sbt-project/,sbt-project)), Zero, Zero, Zero),update)))), tpe=Error, msg=None, causes=List(Incomplete(node=Some(Task((tags: Map(Tag(update) -> 1, Tag(network) -> 1), taskDefinitionKey: ScopedKey(Scope(Select(ProjectRef(file:/D:/Github/Effective-Programming-in-Scala/Week_3/sbt-project/,sbt-project)), Zero, Zero, Zero),update)))), tpe=Error, msg=None, causes=List(), directCause=Some(sbt.librarymanagement.ResolveException: Error downloading org.scalameta:sbt-munit:0.7.29
2023.06.01 20:32:35 INFO  [error]   Not found
2023.06.01 20:32:35 INFO  [error]   Not found
2023.06.01 20:32:35 INFO  [error]   not found: C:\Users\Sanjay\.ivy2\localorg.scalameta\sbt-munit\0.7.29\ivys\ivy.xml
2023.06.01 20:32:35 INFO  [error]   not found: https://repo1.maven.org/maven2/org/scalameta/sbt-munit/0.7.29/sbt-munit-0.7.29.pom))), directCause=None), Incomplete(node=Some(Task((taskDefinitionKey: ScopedKey(Scope(Select(ProjectRef(file:/D:/Github/Effective-Programming-in-Scala/Week_3/sbt-project/,sbt-project)), Select(ConfigKey(compile)), Zero, Zero),classpathConfiguration)))), tpe=Error, msg=None, causes=List(Incomplete(node=Some(Task((taskDefinitionKey: ScopedKey(Scope(Select(ProjectRef(file:/D:/Github/Effective-Programming-in-Scala/Week_3/sbt-project/,sbt-project)), Zero, Zero, Zero),update)))), tpe=Error, msg=None, causes=List(Incomplete(node=Some(Task((tags: Map(Tag(update) -> 1, Tag(network) -> 1), taskDefinitionKey: ScopedKey(Scope(Select(ProjectRef(file:/D:/Github/Effective-Programming-in-Scala/Week_3/sbt-project/,sbt-project)), Zero, Zero, Zero),update)))), tpe=Error, msg=None, causes=List(), directCause=Some(sbt.librarymanagement.ResolveException: Error downloading org.scalameta:sbt-munit:0.7.29
2023.06.01 20:32:35 INFO  [error]   Not found
2023.06.01 20:32:35 INFO  [error]   Not found
2023.06.01 20:32:35 INFO  [error]   not found: C:\Users\Sanjay\.ivy2\localorg.scalameta\sbt-munit\0.7.29\ivys\ivy.xml
2023.06.01 20:32:35 INFO  [error]   not found: https://repo1.maven.org/maven2/org/scalameta/sbt-munit/0.7.29/sbt-munit-0.7.29.pom))), directCause=None)), directCause=None)), directCause=None)), directCause=None)), directCause=None)), directCause=None)), directCause=None)), directCause=None), Incomplete(node=Some(Task((taskDefinitionKey: ScopedKey(Scope(Select(ProjectRef(file:/D:/Github/Effective-Programming-in-Scala/Week_3/sbt-project/,sbt-project)), Select(ConfigKey(test)), Zero, Zero),bloopInternalClasspath)))), tpe=Error, msg=None, causes=List(Incomplete(node=Some(Task(_)), tpe=Error, msg=None, causes=List(Incomplete(node=Some(Task((taskDefinitionKey: ScopedKey(Scope(Select(ProjectRef(file:/D:/Github/Effective-Programming-in-Scala/Week_3/sbt-project/,sbt-project)), Select(ConfigKey(test)), Zero, Zero),classpathConfiguration)))), tpe=Error, msg=None, causes=List(Incomplete(node=Some(Task((taskDefinitionKey: ScopedKey(Scope(Select(ProjectRef(file:/D:/Github/Effective-Programming-in-Scala/Week_3/sbt-project/,sbt-project)), Zero, Zero, Zero),update)))), tpe=Error, msg=None, causes=List(Incomplete(node=Some(Task((tags: Map(Tag(update) -> 1, Tag(network) -> 1), taskDefinitionKey: ScopedKey(Scope(Select(ProjectRef(file:/D:/Github/Effective-Programming-in-Scala/Week_3/sbt-project/,sbt-project)), Zero, Zero, Zero),update)))), tpe=Error, msg=None, causes=List(), directCause=Some(sbt.librarymanagement.ResolveException: Error downloading org.scalameta:sbt-munit:0.7.29
2023.06.01 20:32:35 INFO  [error]   Not found
2023.06.01 20:32:35 INFO  [error]   Not found
2023.06.01 20:32:35 INFO  [error]   not found: C:\Users\Sanjay\.ivy2\localorg.scalameta\sbt-munit\0.7.29\ivys\ivy.xml
2023.06.01 20:32:35 INFO  [error]   not found: https://repo1.maven.org/maven2/org/scalameta/sbt-munit/0.7.29/sbt-munit-0.7.29.pom))), directCause=None), Incomplete(node=Some(Task((taskDefinitionKey: ScopedKey(Scope(Select(ProjectRef(file:/D:/Github/Effective-Programming-in-Scala/Week_3/sbt-project/,sbt-project)), Select(ConfigKey(runtime)), Zero, Zero),classpathConfiguration)))), tpe=Error, msg=None, causes=List(Incomplete(node=Some(Task((taskDefinitionKey: ScopedKey(Scope(Select(ProjectRef(file:/D:/Github/Effective-Programming-in-Scala/Week_3/sbt-project/,sbt-project)), Zero, Zero, Zero),update)))), tpe=Error, msg=None, causes=List(Incomplete(node=Some(Task((tags: Map(Tag(update) -> 1, Tag(network) -> 1), taskDefinitionKey: ScopedKey(Scope(Select(ProjectRef(file:/D:/Github/Effective-Programming-in-Scala/Week_3/sbt-project/,sbt-project)), Zero, Zero, Zero),update)))), tpe=Error, msg=None, causes=List(), directCause=Some(sbt.librarymanagement.ResolveException: Error downloading org.scalameta:sbt-munit:0.7.29
2023.06.01 20:32:35 INFO  [error]   Not found
2023.06.01 20:32:35 INFO  [error]   Not found
2023.06.01 20:32:35 INFO  [error]   not found: C:\Users\Sanjay\.ivy2\localorg.scalameta\sbt-munit\0.7.29\ivys\ivy.xml
2023.06.01 20:32:35 INFO  [error]   not found: https://repo1.maven.org/maven2/org/scalameta/sbt-munit/0.7.29/sbt-munit-0.7.29.pom))), directCause=None), Incomplete(node=Some(Task((taskDefinitionKey: ScopedKey(Scope(Select(ProjectRef(file:/D:/Github/Effective-Programming-in-Scala/Week_3/sbt-project/,sbt-project)), Select(ConfigKey(compile)), Zero, Zero),classpathConfiguration)))), tpe=Error, msg=None, causes=List(Incomplete(node=Some(Task((taskDefinitionKey: ScopedKey(Scope(Select(ProjectRef(file:/D:/Github/Effective-Programming-in-Scala/Week_3/sbt-project/,sbt-project)), Zero, Zero, Zero),update)))), tpe=Error, msg=None, causes=List(Incomplete(node=Some(Task((tags: Map(Tag(update) -> 1, Tag(network) -> 1), taskDefinitionKey: ScopedKey(Scope(Select(ProjectRef(file:/D:/Github/Effective-Programming-in-Scala/Week_3/sbt-project/,sbt-project)), Zero, Zero, Zero),update)))), tpe=Error, msg=None, causes=List(), directCause=Some(sbt.librarymanagement.ResolveException: Error downloading org.scalameta:sbt-munit:0.7.29
2023.06.01 20:32:35 INFO  [error]   Not found
2023.06.01 20:32:35 INFO  [error]   Not found
2023.06.01 20:32:35 INFO  [error]   not found: C:\Users\Sanjay\.ivy2\localorg.scalameta\sbt-munit\0.7.29\ivys\ivy.xml
2023.06.01 20:32:35 INFO  [error]   not found: https://repo1.maven.org/maven2/org/scalameta/sbt-munit/0.7.29/sbt-munit-0.7.29.pom))), directCause=None)), directCause=None)), directCause=None)), directCause=None)), directCause=None)), directCause=None)), directCause=None), Incomplete(node=Some(Task((taskDefinitionKey: ScopedKey(Scope(Select(ProjectRef(file:/D:/Github/Effective-Programming-in-Scala/Week_3/sbt-project/,sbt-project)), Zero, Zero, Zero),scalaInstance)))), tpe=Error, msg=None, causes=List(Incomplete(node=Some(Task(_)), tpe=Error, msg=None, causes=List(Incomplete(node=Some(Task((taskDefinitionKey: ScopedKey(Scope(Select(ProjectRef(file:/D:/Github/Effective-Programming-in-Scala/Week_3/sbt-project/,sbt-project)), Zero, Zero, Zero),update)))), tpe=Error, msg=None, causes=List(Incomplete(node=Some(Task((tags: Map(Tag(update) -> 1, Tag(network) -> 1), taskDefinitionKey: ScopedKey(Scope(Select(ProjectRef(file:/D:/Github/Effective-Programming-in-Scala/Week_3/sbt-project/,sbt-project)), Zero, Zero, Zero),update)))), tpe=Error, msg=None, causes=List(), directCause=Some(sbt.librarymanagement.ResolveException: Error downloading org.scalameta:sbt-munit:0.7.29
2023.06.01 20:32:35 INFO  [error]   Not found
2023.06.01 20:32:35 INFO  [error]   Not found
2023.06.01 20:32:35 INFO  [error]   not found: C:\Users\Sanjay\.ivy2\localorg.scalameta\sbt-munit\0.7.29\ivys\ivy.xml
2023.06.01 20:32:35 INFO  [error]   not found: https://repo1.maven.org/maven2/org/scalameta/sbt-munit/0.7.29/sbt-munit-0.7.29.pom))), directCause=None)), directCause=None)), directCause=None)), directCause=None)
2023.06.01 20:32:35 INFO  [warn] Removed stale D:\Github\Effective-Programming-in-Scala\Week_3\sbt-project\.bloop\sbt-project-test.json
2023.06.01 20:32:35 INFO  [warn] Removed stale D:\Github\Effective-Programming-in-Scala\Week_3\sbt-project\.bloop\sbt-project.json
2023.06.01 20:32:35 INFO  [success] Total time: 2 s, completed 1 Jun, 2023 8:32:35 PM
2023.06.01 20:32:35 INFO  time: ran 'sbt bloopInstall' in 14s
2023.06.01 20:32:35 INFO  Disconnecting from Bloop session...
2023.06.01 20:32:35 INFO  Shut down connection with build server.
2023.06.01 20:32:35 INFO  Shut down connection with build server.
2023.06.01 20:32:35 INFO  Attempting to connect to the build server...
2023.06.01 20:32:35 INFO  Bloop uses C:\Users\Sanjay\AppData\Local\Coursier\cache\arc\https\github.com\AdoptOpenJDK\openjdk8-binaries\releases\download\jdk8u292-b10\OpenJDK8U-jdk_x64_windows_hotspot_8u292b10.zip\jdk8u292-b10 defined at C:\Users\Sanjay\.bloop\bloop.json
2023.06.01 20:32:35 INFO  tracing is disabled for protocol BSP, to enable tracing of incoming and outgoing JSON messages create an empty file at D:\Github\Effective-Programming-in-Scala\Week_3\sbt-project\.metals\bsp.trace.json or C:\Users\Sanjay\AppData\Local\scalameta\metals\cache\bsp.trace.json
2023.06.01 20:32:35 INFO  Attempting to connect to the build server...
2023.06.01 20:32:35 INFO  Bloop uses C:\Users\Sanjay\AppData\Local\Coursier\cache\arc\https\github.com\AdoptOpenJDK\openjdk8-binaries\releases\download\jdk8u292-b10\OpenJDK8U-jdk_x64_windows_hotspot_8u292b10.zip\jdk8u292-b10 defined at C:\Users\Sanjay\.bloop\bloop.json
2023.06.01 20:32:35 INFO  tracing is disabled for protocol BSP, to enable tracing of incoming and outgoing JSON messages create an empty file at D:\Github\Effective-Programming-in-Scala\Week_3\sbt-project\project\.metals\bsp.trace.json or C:\Users\Sanjay\AppData\Local\scalameta\metals\cache\bsp.trace.json
2023.06.01 20:32:35 INFO  time: Connected to build server in 0.11s
2023.06.01 20:32:35 INFO  Connected to Build server: Bloop v1.5.6
2023.06.01 20:32:35 ERROR Empty build targets. Expected at least one build target identifier.
2023.06.01 20:32:35 ERROR Empty build targets. Expected at least one build target identifier.
2023.06.01 20:32:35 ERROR Empty build targets. Expected at least one build target identifier.
2023.06.01 20:32:35 ERROR Empty build targets. Expected at least one build target identifier.
2023.06.01 20:32:35 INFO  time: indexed workspace in 0.69s
2023.06.01 20:32:35 WARN  no build target for: D:\Github\Effective-Programming-in-Scala\Week_3\sbt-project\src\main\scala\hellosbt\HelloSbt.scala
2023.06.01 20:32:37 INFO  time: code lens generation in 1.21s
2023.06.01 20:34:16 INFO  skipping build import with status 'Installed'
Jun 01, 2023 8:35:28 PM org.eclipse.lsp4j.jsonrpc.RemoteEndpoint handleCancellation
WARNING: Unmatched cancel notification for request id 730
Jun 01, 2023 8:37:48 PM scala.meta.internal.pc.CompilerAccess handleError
SEVERE: file%3A%2F%2F%2FD%3A%2FGithub%2FEffective-Programming-in-Scala%2FWeek_3%2Fsbt-project%2Fsrc%2Fmain%2Fscala%2Fhellosbt%2FHelloSbt.scala:3: error: illegal start of definition val
val greeting =  "Hello, sbt!!!"
^
file%3A%2F%2F%2FD%3A%2FGithub%2FEffective-Programming-in-Scala%2FWeek_3%2Fsbt-project%2Fsrc%2Fmain%2Fscala%2Fhellosbt%2FHelloSbt.scala:3: error: illegal start of definition val
val greeting =  "Hello, sbt!!!"
^
	at scala.meta.internal.parsers.Reporter.syntaxError(Reporter.scala:16)
	at scala.meta.internal.parsers.Reporter.syntaxError$(Reporter.scala:16)
	at scala.meta.internal.parsers.Reporter$$anon$1.syntaxError(Reporter.scala:22)
	at scala.meta.internal.parsers.Reporter.syntaxError(Reporter.scala:17)
	at scala.meta.internal.parsers.Reporter.syntaxError$(Reporter.scala:17)
	at scala.meta.internal.parsers.Reporter$$anon$1.syntaxError(Reporter.scala:22)
	at scala.meta.internal.parsers.ScalametaParser.statSeqBuf(ScalametaParser.scala:4301)
	at scala.meta.internal.parsers.ScalametaParser.bracelessPackageStats$1(ScalametaParser.scala:4509)
	at scala.meta.internal.parsers.ScalametaParser.$anonfun$batchSource$11(ScalametaParser.scala:4520)
	at scala.meta.internal.parsers.ScalametaParser.autoEndPos(ScalametaParser.scala:369)
	at scala.meta.internal.parsers.ScalametaParser.$anonfun$batchSource$10(ScalametaParser.scala:4520)
	at scala.meta.internal.parsers.ScalametaParser.tryParse(ScalametaParser.scala:218)
	at scala.meta.internal.parsers.ScalametaParser.$anonfun$batchSource$1(ScalametaParser.scala:4512)
	at scala.meta.internal.parsers.ScalametaParser.atPos(ScalametaParser.scala:320)
	at scala.meta.internal.parsers.ScalametaParser.autoPos(ScalametaParser.scala:366)
	at scala.meta.internal.parsers.ScalametaParser.batchSource(ScalametaParser.scala:4479)
	at scala.meta.internal.parsers.ScalametaParser.$anonfun$source$1(ScalametaParser.scala:4472)
	at scala.meta.internal.parsers.ScalametaParser.atPos(ScalametaParser.scala:320)
	at scala.meta.internal.parsers.ScalametaParser.autoPos(ScalametaParser.scala:366)
	at scala.meta.internal.parsers.ScalametaParser.source(ScalametaParser.scala:4472)
	at scala.meta.internal.parsers.ScalametaParser.entrypointSource(ScalametaParser.scala:4477)
	at scala.meta.internal.parsers.ScalametaParser.parseSourceImpl(ScalametaParser.scala:127)
	at scala.meta.internal.parsers.ScalametaParser.$anonfun$parseSource$1(ScalametaParser.scala:124)
	at scala.meta.internal.parsers.ScalametaParser.parseRuleAfterBOF(ScalametaParser.scala:51)
	at scala.meta.internal.parsers.ScalametaParser.parseRule(ScalametaParser.scala:46)
	at scala.meta.internal.parsers.ScalametaParser.parseSource(ScalametaParser.scala:124)
	at scala.meta.parsers.Parse$.$anonfun$parseSource$1(Parse.scala:29)
	at scala.meta.parsers.Parse$$anon$1.apply(Parse.scala:36)
	at scala.meta.parsers.Api$XtensionParseDialectInput.parse(Api.scala:25)
	at scala.meta.internal.semanticdb.scalac.ParseOps$XtensionCompilationUnitSource.toSource(ParseOps.scala:17)
	at scala.meta.internal.semanticdb.scalac.TextDocumentOps$XtensionCompilationUnitDocument.toTextDocument(TextDocumentOps.scala:206)
	at scala.meta.internal.pc.SemanticdbTextDocumentProvider.textDocument(SemanticdbTextDocumentProvider.scala:54)

